ARM GAS  C:\Users\ADMIN\AppData\Local\Temp\ccHyiNi0.s 			page 1


   1              		.cpu cortex-m3
   2              		.arch armv7-m
   3              		.fpu softvfp
   4              		.eabi_attribute 20, 1
   5              		.eabi_attribute 21, 1
   6              		.eabi_attribute 23, 3
   7              		.eabi_attribute 24, 1
   8              		.eabi_attribute 25, 1
   9              		.eabi_attribute 26, 1
  10              		.eabi_attribute 30, 1
  11              		.eabi_attribute 34, 1
  12              		.eabi_attribute 18, 4
  13              		.file	"heap_4.c"
  14              		.text
  15              	.Ltext0:
  16              		.cfi_sections	.debug_frame
  17              		.section	.text.prvHeapInit,"ax",%progbits
  18              		.align	1
  19              		.syntax unified
  20              		.thumb
  21              		.thumb_func
  23              	prvHeapInit:
  24              	.LFB75:
  25              		.file 1 "FreeRTOS/portable/MemMang/heap_4.c"
   1:FreeRTOS/portable/MemMang/heap_4.c **** /*
   2:FreeRTOS/portable/MemMang/heap_4.c ****     FreeRTOS V9.0.0 - Copyright (C) 2016 Real Time Engineers Ltd.
   3:FreeRTOS/portable/MemMang/heap_4.c ****     All rights reserved
   4:FreeRTOS/portable/MemMang/heap_4.c **** 
   5:FreeRTOS/portable/MemMang/heap_4.c ****     VISIT http://www.FreeRTOS.org TO ENSURE YOU ARE USING THE LATEST VERSION.
   6:FreeRTOS/portable/MemMang/heap_4.c **** 
   7:FreeRTOS/portable/MemMang/heap_4.c ****     This file is part of the FreeRTOS distribution.
   8:FreeRTOS/portable/MemMang/heap_4.c **** 
   9:FreeRTOS/portable/MemMang/heap_4.c ****     FreeRTOS is free software; you can redistribute it and/or modify it under
  10:FreeRTOS/portable/MemMang/heap_4.c ****     the terms of the GNU General Public License (version 2) as published by the
  11:FreeRTOS/portable/MemMang/heap_4.c ****     Free Software Foundation >>>> AND MODIFIED BY <<<< the FreeRTOS exception.
  12:FreeRTOS/portable/MemMang/heap_4.c **** 
  13:FreeRTOS/portable/MemMang/heap_4.c ****     ***************************************************************************
  14:FreeRTOS/portable/MemMang/heap_4.c ****     >>!   NOTE: The modification to the GPL is included to allow you to     !<<
  15:FreeRTOS/portable/MemMang/heap_4.c ****     >>!   distribute a combined work that includes FreeRTOS without being   !<<
  16:FreeRTOS/portable/MemMang/heap_4.c ****     >>!   obliged to provide the source code for proprietary components     !<<
  17:FreeRTOS/portable/MemMang/heap_4.c ****     >>!   outside of the FreeRTOS kernel.                                   !<<
  18:FreeRTOS/portable/MemMang/heap_4.c ****     ***************************************************************************
  19:FreeRTOS/portable/MemMang/heap_4.c **** 
  20:FreeRTOS/portable/MemMang/heap_4.c ****     FreeRTOS is distributed in the hope that it will be useful, but WITHOUT ANY
  21:FreeRTOS/portable/MemMang/heap_4.c ****     WARRANTY; without even the implied warranty of MERCHANTABILITY or FITNESS
  22:FreeRTOS/portable/MemMang/heap_4.c ****     FOR A PARTICULAR PURPOSE.  Full license text is available on the following
  23:FreeRTOS/portable/MemMang/heap_4.c ****     link: http://www.freertos.org/a00114.html
  24:FreeRTOS/portable/MemMang/heap_4.c **** 
  25:FreeRTOS/portable/MemMang/heap_4.c ****     ***************************************************************************
  26:FreeRTOS/portable/MemMang/heap_4.c ****      *                                                                       *
  27:FreeRTOS/portable/MemMang/heap_4.c ****      *    FreeRTOS provides completely free yet professionally developed,    *
  28:FreeRTOS/portable/MemMang/heap_4.c ****      *    robust, strictly quality controlled, supported, and cross          *
  29:FreeRTOS/portable/MemMang/heap_4.c ****      *    platform software that is more than just the market leader, it     *
  30:FreeRTOS/portable/MemMang/heap_4.c ****      *    is the industry's de facto standard.                               *
  31:FreeRTOS/portable/MemMang/heap_4.c ****      *                                                                       *
  32:FreeRTOS/portable/MemMang/heap_4.c ****      *    Help yourself get started quickly while simultaneously helping     *
  33:FreeRTOS/portable/MemMang/heap_4.c ****      *    to support the FreeRTOS project by purchasing a FreeRTOS           *
ARM GAS  C:\Users\ADMIN\AppData\Local\Temp\ccHyiNi0.s 			page 2


  34:FreeRTOS/portable/MemMang/heap_4.c ****      *    tutorial book, reference manual, or both:                          *
  35:FreeRTOS/portable/MemMang/heap_4.c ****      *    http://www.FreeRTOS.org/Documentation                              *
  36:FreeRTOS/portable/MemMang/heap_4.c ****      *                                                                       *
  37:FreeRTOS/portable/MemMang/heap_4.c ****     ***************************************************************************
  38:FreeRTOS/portable/MemMang/heap_4.c **** 
  39:FreeRTOS/portable/MemMang/heap_4.c ****     http://www.FreeRTOS.org/FAQHelp.html - Having a problem?  Start by reading
  40:FreeRTOS/portable/MemMang/heap_4.c ****     the FAQ page "My application does not run, what could be wrong?".  Have you
  41:FreeRTOS/portable/MemMang/heap_4.c ****     defined configASSERT()?
  42:FreeRTOS/portable/MemMang/heap_4.c **** 
  43:FreeRTOS/portable/MemMang/heap_4.c ****     http://www.FreeRTOS.org/support - In return for receiving this top quality
  44:FreeRTOS/portable/MemMang/heap_4.c ****     embedded software for free we request you assist our global community by
  45:FreeRTOS/portable/MemMang/heap_4.c ****     participating in the support forum.
  46:FreeRTOS/portable/MemMang/heap_4.c **** 
  47:FreeRTOS/portable/MemMang/heap_4.c ****     http://www.FreeRTOS.org/training - Investing in training allows your team to
  48:FreeRTOS/portable/MemMang/heap_4.c ****     be as productive as possible as early as possible.  Now you can receive
  49:FreeRTOS/portable/MemMang/heap_4.c ****     FreeRTOS training directly from Richard Barry, CEO of Real Time Engineers
  50:FreeRTOS/portable/MemMang/heap_4.c ****     Ltd, and the world's leading authority on the world's leading RTOS.
  51:FreeRTOS/portable/MemMang/heap_4.c **** 
  52:FreeRTOS/portable/MemMang/heap_4.c ****     http://www.FreeRTOS.org/plus - A selection of FreeRTOS ecosystem products,
  53:FreeRTOS/portable/MemMang/heap_4.c ****     including FreeRTOS+Trace - an indispensable productivity tool, a DOS
  54:FreeRTOS/portable/MemMang/heap_4.c ****     compatible FAT file system, and our tiny thread aware UDP/IP stack.
  55:FreeRTOS/portable/MemMang/heap_4.c **** 
  56:FreeRTOS/portable/MemMang/heap_4.c ****     http://www.FreeRTOS.org/labs - Where new FreeRTOS products go to incubate.
  57:FreeRTOS/portable/MemMang/heap_4.c ****     Come and try FreeRTOS+TCP, our new open source TCP/IP stack for FreeRTOS.
  58:FreeRTOS/portable/MemMang/heap_4.c **** 
  59:FreeRTOS/portable/MemMang/heap_4.c ****     http://www.OpenRTOS.com - Real Time Engineers ltd. license FreeRTOS to High
  60:FreeRTOS/portable/MemMang/heap_4.c ****     Integrity Systems ltd. to sell under the OpenRTOS brand.  Low cost OpenRTOS
  61:FreeRTOS/portable/MemMang/heap_4.c ****     licenses offer ticketed support, indemnification and commercial middleware.
  62:FreeRTOS/portable/MemMang/heap_4.c **** 
  63:FreeRTOS/portable/MemMang/heap_4.c ****     http://www.SafeRTOS.com - High Integrity Systems also provide a safety
  64:FreeRTOS/portable/MemMang/heap_4.c ****     engineered and independently SIL3 certified version for use in safety and
  65:FreeRTOS/portable/MemMang/heap_4.c ****     mission critical applications that require provable dependability.
  66:FreeRTOS/portable/MemMang/heap_4.c **** 
  67:FreeRTOS/portable/MemMang/heap_4.c ****     1 tab == 4 spaces!
  68:FreeRTOS/portable/MemMang/heap_4.c **** */
  69:FreeRTOS/portable/MemMang/heap_4.c **** 
  70:FreeRTOS/portable/MemMang/heap_4.c **** /*
  71:FreeRTOS/portable/MemMang/heap_4.c ****  * A sample implementation of pvPortMalloc() and vPortFree() that combines
  72:FreeRTOS/portable/MemMang/heap_4.c ****  * (coalescences) adjacent memory blocks as they are freed, and in so doing
  73:FreeRTOS/portable/MemMang/heap_4.c ****  * limits memory fragmentation.
  74:FreeRTOS/portable/MemMang/heap_4.c ****  *
  75:FreeRTOS/portable/MemMang/heap_4.c ****  * See heap_1.c, heap_2.c and heap_3.c for alternative implementations, and the
  76:FreeRTOS/portable/MemMang/heap_4.c ****  * memory management pages of http://www.FreeRTOS.org for more information.
  77:FreeRTOS/portable/MemMang/heap_4.c ****  */
  78:FreeRTOS/portable/MemMang/heap_4.c **** #include <stdlib.h>
  79:FreeRTOS/portable/MemMang/heap_4.c **** 
  80:FreeRTOS/portable/MemMang/heap_4.c **** /* Defining MPU_WRAPPERS_INCLUDED_FROM_API_FILE prevents task.h from redefining
  81:FreeRTOS/portable/MemMang/heap_4.c **** all the API functions to use the MPU wrappers.  That should only be done when
  82:FreeRTOS/portable/MemMang/heap_4.c **** task.h is included from an application file. */
  83:FreeRTOS/portable/MemMang/heap_4.c **** #define MPU_WRAPPERS_INCLUDED_FROM_API_FILE
  84:FreeRTOS/portable/MemMang/heap_4.c **** 
  85:FreeRTOS/portable/MemMang/heap_4.c **** #include "FreeRTOS.h"
  86:FreeRTOS/portable/MemMang/heap_4.c **** #include "task.h"
  87:FreeRTOS/portable/MemMang/heap_4.c **** 
  88:FreeRTOS/portable/MemMang/heap_4.c **** #undef MPU_WRAPPERS_INCLUDED_FROM_API_FILE
  89:FreeRTOS/portable/MemMang/heap_4.c **** 
  90:FreeRTOS/portable/MemMang/heap_4.c **** #if( configSUPPORT_DYNAMIC_ALLOCATION == 0 )
ARM GAS  C:\Users\ADMIN\AppData\Local\Temp\ccHyiNi0.s 			page 3


  91:FreeRTOS/portable/MemMang/heap_4.c **** 	#error This file must not be used if configSUPPORT_DYNAMIC_ALLOCATION is 0
  92:FreeRTOS/portable/MemMang/heap_4.c **** #endif
  93:FreeRTOS/portable/MemMang/heap_4.c **** 
  94:FreeRTOS/portable/MemMang/heap_4.c **** /* Block sizes must not get too small. */
  95:FreeRTOS/portable/MemMang/heap_4.c **** #define heapMINIMUM_BLOCK_SIZE	( ( size_t ) ( xHeapStructSize << 1 ) )
  96:FreeRTOS/portable/MemMang/heap_4.c **** 
  97:FreeRTOS/portable/MemMang/heap_4.c **** /* Assumes 8bit bytes! */
  98:FreeRTOS/portable/MemMang/heap_4.c **** #define heapBITS_PER_BYTE		( ( size_t ) 8 )
  99:FreeRTOS/portable/MemMang/heap_4.c **** 
 100:FreeRTOS/portable/MemMang/heap_4.c **** /* Allocate the memory for the heap. */
 101:FreeRTOS/portable/MemMang/heap_4.c **** #if( configAPPLICATION_ALLOCATED_HEAP == 1 )
 102:FreeRTOS/portable/MemMang/heap_4.c **** 	/* The application writer has already defined the array used for the RTOS
 103:FreeRTOS/portable/MemMang/heap_4.c **** 	heap - probably so it can be placed in a special segment or address. */
 104:FreeRTOS/portable/MemMang/heap_4.c **** 	extern uint8_t ucHeap[ configTOTAL_HEAP_SIZE ];
 105:FreeRTOS/portable/MemMang/heap_4.c **** #else
 106:FreeRTOS/portable/MemMang/heap_4.c **** 	static uint8_t ucHeap[ configTOTAL_HEAP_SIZE ];
 107:FreeRTOS/portable/MemMang/heap_4.c **** #endif /* configAPPLICATION_ALLOCATED_HEAP */
 108:FreeRTOS/portable/MemMang/heap_4.c **** 
 109:FreeRTOS/portable/MemMang/heap_4.c **** /* Define the linked list structure.  This is used to link free blocks in order
 110:FreeRTOS/portable/MemMang/heap_4.c **** of their memory address. */
 111:FreeRTOS/portable/MemMang/heap_4.c **** typedef struct A_BLOCK_LINK
 112:FreeRTOS/portable/MemMang/heap_4.c **** {
 113:FreeRTOS/portable/MemMang/heap_4.c **** 	struct A_BLOCK_LINK *pxNextFreeBlock;	/*<< The next free block in the list. */
 114:FreeRTOS/portable/MemMang/heap_4.c **** 	size_t xBlockSize;						/*<< The size of the free block. */
 115:FreeRTOS/portable/MemMang/heap_4.c **** } BlockLink_t;
 116:FreeRTOS/portable/MemMang/heap_4.c **** 
 117:FreeRTOS/portable/MemMang/heap_4.c **** /*-----------------------------------------------------------*/
 118:FreeRTOS/portable/MemMang/heap_4.c **** 
 119:FreeRTOS/portable/MemMang/heap_4.c **** /*
 120:FreeRTOS/portable/MemMang/heap_4.c ****  * Inserts a block of memory that is being freed into the correct position in
 121:FreeRTOS/portable/MemMang/heap_4.c ****  * the list of free memory blocks.  The block being freed will be merged with
 122:FreeRTOS/portable/MemMang/heap_4.c ****  * the block in front it and/or the block behind it if the memory blocks are
 123:FreeRTOS/portable/MemMang/heap_4.c ****  * adjacent to each other.
 124:FreeRTOS/portable/MemMang/heap_4.c ****  */
 125:FreeRTOS/portable/MemMang/heap_4.c **** static void prvInsertBlockIntoFreeList( BlockLink_t *pxBlockToInsert );
 126:FreeRTOS/portable/MemMang/heap_4.c **** 
 127:FreeRTOS/portable/MemMang/heap_4.c **** /*
 128:FreeRTOS/portable/MemMang/heap_4.c ****  * Called automatically to setup the required heap structures the first time
 129:FreeRTOS/portable/MemMang/heap_4.c ****  * pvPortMalloc() is called.
 130:FreeRTOS/portable/MemMang/heap_4.c ****  */
 131:FreeRTOS/portable/MemMang/heap_4.c **** static void prvHeapInit( void );
 132:FreeRTOS/portable/MemMang/heap_4.c **** 
 133:FreeRTOS/portable/MemMang/heap_4.c **** /*-----------------------------------------------------------*/
 134:FreeRTOS/portable/MemMang/heap_4.c **** 
 135:FreeRTOS/portable/MemMang/heap_4.c **** /* The size of the structure placed at the beginning of each allocated memory
 136:FreeRTOS/portable/MemMang/heap_4.c **** block must by correctly byte aligned. */
 137:FreeRTOS/portable/MemMang/heap_4.c **** static const size_t xHeapStructSize	= ( sizeof( BlockLink_t ) + ( ( size_t ) ( portBYTE_ALIGNMENT -
 138:FreeRTOS/portable/MemMang/heap_4.c **** 
 139:FreeRTOS/portable/MemMang/heap_4.c **** /* Create a couple of list links to mark the start and end of the list. */
 140:FreeRTOS/portable/MemMang/heap_4.c **** static BlockLink_t xStart, *pxEnd = NULL;
 141:FreeRTOS/portable/MemMang/heap_4.c **** 
 142:FreeRTOS/portable/MemMang/heap_4.c **** /* Keeps track of the number of free bytes remaining, but says nothing about
 143:FreeRTOS/portable/MemMang/heap_4.c **** fragmentation. */
 144:FreeRTOS/portable/MemMang/heap_4.c **** static size_t xFreeBytesRemaining = 0U;
 145:FreeRTOS/portable/MemMang/heap_4.c **** static size_t xMinimumEverFreeBytesRemaining = 0U;
 146:FreeRTOS/portable/MemMang/heap_4.c **** 
 147:FreeRTOS/portable/MemMang/heap_4.c **** /* Gets set to the top bit of an size_t type.  When this bit in the xBlockSize
ARM GAS  C:\Users\ADMIN\AppData\Local\Temp\ccHyiNi0.s 			page 4


 148:FreeRTOS/portable/MemMang/heap_4.c **** member of an BlockLink_t structure is set then the block belongs to the
 149:FreeRTOS/portable/MemMang/heap_4.c **** application.  When the bit is free the block is still part of the free heap
 150:FreeRTOS/portable/MemMang/heap_4.c **** space. */
 151:FreeRTOS/portable/MemMang/heap_4.c **** static size_t xBlockAllocatedBit = 0;
 152:FreeRTOS/portable/MemMang/heap_4.c **** 
 153:FreeRTOS/portable/MemMang/heap_4.c **** /*-----------------------------------------------------------*/
 154:FreeRTOS/portable/MemMang/heap_4.c **** 
 155:FreeRTOS/portable/MemMang/heap_4.c **** void *pvPortMalloc( size_t xWantedSize )
 156:FreeRTOS/portable/MemMang/heap_4.c **** {
 157:FreeRTOS/portable/MemMang/heap_4.c **** BlockLink_t *pxBlock, *pxPreviousBlock, *pxNewBlockLink;
 158:FreeRTOS/portable/MemMang/heap_4.c **** void *pvReturn = NULL;
 159:FreeRTOS/portable/MemMang/heap_4.c **** 
 160:FreeRTOS/portable/MemMang/heap_4.c **** 	vTaskSuspendAll();
 161:FreeRTOS/portable/MemMang/heap_4.c **** 	{
 162:FreeRTOS/portable/MemMang/heap_4.c **** 		/* If this is the first call to malloc then the heap will require
 163:FreeRTOS/portable/MemMang/heap_4.c **** 		initialisation to setup the list of free blocks. */
 164:FreeRTOS/portable/MemMang/heap_4.c **** 		if( pxEnd == NULL )
 165:FreeRTOS/portable/MemMang/heap_4.c **** 		{
 166:FreeRTOS/portable/MemMang/heap_4.c **** 			prvHeapInit();
 167:FreeRTOS/portable/MemMang/heap_4.c **** 		}
 168:FreeRTOS/portable/MemMang/heap_4.c **** 		else
 169:FreeRTOS/portable/MemMang/heap_4.c **** 		{
 170:FreeRTOS/portable/MemMang/heap_4.c **** 			mtCOVERAGE_TEST_MARKER();
 171:FreeRTOS/portable/MemMang/heap_4.c **** 		}
 172:FreeRTOS/portable/MemMang/heap_4.c **** 
 173:FreeRTOS/portable/MemMang/heap_4.c **** 		/* Check the requested block size is not so large that the top bit is
 174:FreeRTOS/portable/MemMang/heap_4.c **** 		set.  The top bit of the block size member of the BlockLink_t structure
 175:FreeRTOS/portable/MemMang/heap_4.c **** 		is used to determine who owns the block - the application or the
 176:FreeRTOS/portable/MemMang/heap_4.c **** 		kernel, so it must be free. */
 177:FreeRTOS/portable/MemMang/heap_4.c **** 		if( ( xWantedSize & xBlockAllocatedBit ) == 0 )
 178:FreeRTOS/portable/MemMang/heap_4.c **** 		{
 179:FreeRTOS/portable/MemMang/heap_4.c **** 			/* The wanted size is increased so it can contain a BlockLink_t
 180:FreeRTOS/portable/MemMang/heap_4.c **** 			structure in addition to the requested amount of bytes. */
 181:FreeRTOS/portable/MemMang/heap_4.c **** 			if( xWantedSize > 0 )
 182:FreeRTOS/portable/MemMang/heap_4.c **** 			{
 183:FreeRTOS/portable/MemMang/heap_4.c **** 				xWantedSize += xHeapStructSize;
 184:FreeRTOS/portable/MemMang/heap_4.c **** 
 185:FreeRTOS/portable/MemMang/heap_4.c **** 				/* Ensure that blocks are always aligned to the required number
 186:FreeRTOS/portable/MemMang/heap_4.c **** 				of bytes. */
 187:FreeRTOS/portable/MemMang/heap_4.c **** 				if( ( xWantedSize & portBYTE_ALIGNMENT_MASK ) != 0x00 )
 188:FreeRTOS/portable/MemMang/heap_4.c **** 				{
 189:FreeRTOS/portable/MemMang/heap_4.c **** 					/* Byte alignment required. */
 190:FreeRTOS/portable/MemMang/heap_4.c **** 					xWantedSize += ( portBYTE_ALIGNMENT - ( xWantedSize & portBYTE_ALIGNMENT_MASK ) );
 191:FreeRTOS/portable/MemMang/heap_4.c **** 					configASSERT( ( xWantedSize & portBYTE_ALIGNMENT_MASK ) == 0 );
 192:FreeRTOS/portable/MemMang/heap_4.c **** 				}
 193:FreeRTOS/portable/MemMang/heap_4.c **** 				else
 194:FreeRTOS/portable/MemMang/heap_4.c **** 				{
 195:FreeRTOS/portable/MemMang/heap_4.c **** 					mtCOVERAGE_TEST_MARKER();
 196:FreeRTOS/portable/MemMang/heap_4.c **** 				}
 197:FreeRTOS/portable/MemMang/heap_4.c **** 			}
 198:FreeRTOS/portable/MemMang/heap_4.c **** 			else
 199:FreeRTOS/portable/MemMang/heap_4.c **** 			{
 200:FreeRTOS/portable/MemMang/heap_4.c **** 				mtCOVERAGE_TEST_MARKER();
 201:FreeRTOS/portable/MemMang/heap_4.c **** 			}
 202:FreeRTOS/portable/MemMang/heap_4.c **** 
 203:FreeRTOS/portable/MemMang/heap_4.c **** 			if( ( xWantedSize > 0 ) && ( xWantedSize <= xFreeBytesRemaining ) )
 204:FreeRTOS/portable/MemMang/heap_4.c **** 			{
ARM GAS  C:\Users\ADMIN\AppData\Local\Temp\ccHyiNi0.s 			page 5


 205:FreeRTOS/portable/MemMang/heap_4.c **** 				/* Traverse the list from the start	(lowest address) block until
 206:FreeRTOS/portable/MemMang/heap_4.c **** 				one	of adequate size is found. */
 207:FreeRTOS/portable/MemMang/heap_4.c **** 				pxPreviousBlock = &xStart;
 208:FreeRTOS/portable/MemMang/heap_4.c **** 				pxBlock = xStart.pxNextFreeBlock;
 209:FreeRTOS/portable/MemMang/heap_4.c **** 				while( ( pxBlock->xBlockSize < xWantedSize ) && ( pxBlock->pxNextFreeBlock != NULL ) )
 210:FreeRTOS/portable/MemMang/heap_4.c **** 				{
 211:FreeRTOS/portable/MemMang/heap_4.c **** 					pxPreviousBlock = pxBlock;
 212:FreeRTOS/portable/MemMang/heap_4.c **** 					pxBlock = pxBlock->pxNextFreeBlock;
 213:FreeRTOS/portable/MemMang/heap_4.c **** 				}
 214:FreeRTOS/portable/MemMang/heap_4.c **** 
 215:FreeRTOS/portable/MemMang/heap_4.c **** 				/* If the end marker was reached then a block of adequate size
 216:FreeRTOS/portable/MemMang/heap_4.c **** 				was	not found. */
 217:FreeRTOS/portable/MemMang/heap_4.c **** 				if( pxBlock != pxEnd )
 218:FreeRTOS/portable/MemMang/heap_4.c **** 				{
 219:FreeRTOS/portable/MemMang/heap_4.c **** 					/* Return the memory space pointed to - jumping over the
 220:FreeRTOS/portable/MemMang/heap_4.c **** 					BlockLink_t structure at its start. */
 221:FreeRTOS/portable/MemMang/heap_4.c **** 					pvReturn = ( void * ) ( ( ( uint8_t * ) pxPreviousBlock->pxNextFreeBlock ) + xHeapStructSize )
 222:FreeRTOS/portable/MemMang/heap_4.c **** 
 223:FreeRTOS/portable/MemMang/heap_4.c **** 					/* This block is being returned for use so must be taken out
 224:FreeRTOS/portable/MemMang/heap_4.c **** 					of the list of free blocks. */
 225:FreeRTOS/portable/MemMang/heap_4.c **** 					pxPreviousBlock->pxNextFreeBlock = pxBlock->pxNextFreeBlock;
 226:FreeRTOS/portable/MemMang/heap_4.c **** 
 227:FreeRTOS/portable/MemMang/heap_4.c **** 					/* If the block is larger than required it can be split into
 228:FreeRTOS/portable/MemMang/heap_4.c **** 					two. */
 229:FreeRTOS/portable/MemMang/heap_4.c **** 					if( ( pxBlock->xBlockSize - xWantedSize ) > heapMINIMUM_BLOCK_SIZE )
 230:FreeRTOS/portable/MemMang/heap_4.c **** 					{
 231:FreeRTOS/portable/MemMang/heap_4.c **** 						/* This block is to be split into two.  Create a new
 232:FreeRTOS/portable/MemMang/heap_4.c **** 						block following the number of bytes requested. The void
 233:FreeRTOS/portable/MemMang/heap_4.c **** 						cast is used to prevent byte alignment warnings from the
 234:FreeRTOS/portable/MemMang/heap_4.c **** 						compiler. */
 235:FreeRTOS/portable/MemMang/heap_4.c **** 						pxNewBlockLink = ( void * ) ( ( ( uint8_t * ) pxBlock ) + xWantedSize );
 236:FreeRTOS/portable/MemMang/heap_4.c **** 						configASSERT( ( ( ( size_t ) pxNewBlockLink ) & portBYTE_ALIGNMENT_MASK ) == 0 );
 237:FreeRTOS/portable/MemMang/heap_4.c **** 
 238:FreeRTOS/portable/MemMang/heap_4.c **** 						/* Calculate the sizes of two blocks split from the
 239:FreeRTOS/portable/MemMang/heap_4.c **** 						single block. */
 240:FreeRTOS/portable/MemMang/heap_4.c **** 						pxNewBlockLink->xBlockSize = pxBlock->xBlockSize - xWantedSize;
 241:FreeRTOS/portable/MemMang/heap_4.c **** 						pxBlock->xBlockSize = xWantedSize;
 242:FreeRTOS/portable/MemMang/heap_4.c **** 
 243:FreeRTOS/portable/MemMang/heap_4.c **** 						/* Insert the new block into the list of free blocks. */
 244:FreeRTOS/portable/MemMang/heap_4.c **** 						prvInsertBlockIntoFreeList( pxNewBlockLink );
 245:FreeRTOS/portable/MemMang/heap_4.c **** 					}
 246:FreeRTOS/portable/MemMang/heap_4.c **** 					else
 247:FreeRTOS/portable/MemMang/heap_4.c **** 					{
 248:FreeRTOS/portable/MemMang/heap_4.c **** 						mtCOVERAGE_TEST_MARKER();
 249:FreeRTOS/portable/MemMang/heap_4.c **** 					}
 250:FreeRTOS/portable/MemMang/heap_4.c **** 
 251:FreeRTOS/portable/MemMang/heap_4.c **** 					xFreeBytesRemaining -= pxBlock->xBlockSize;
 252:FreeRTOS/portable/MemMang/heap_4.c **** 
 253:FreeRTOS/portable/MemMang/heap_4.c **** 					if( xFreeBytesRemaining < xMinimumEverFreeBytesRemaining )
 254:FreeRTOS/portable/MemMang/heap_4.c **** 					{
 255:FreeRTOS/portable/MemMang/heap_4.c **** 						xMinimumEverFreeBytesRemaining = xFreeBytesRemaining;
 256:FreeRTOS/portable/MemMang/heap_4.c **** 					}
 257:FreeRTOS/portable/MemMang/heap_4.c **** 					else
 258:FreeRTOS/portable/MemMang/heap_4.c **** 					{
 259:FreeRTOS/portable/MemMang/heap_4.c **** 						mtCOVERAGE_TEST_MARKER();
 260:FreeRTOS/portable/MemMang/heap_4.c **** 					}
 261:FreeRTOS/portable/MemMang/heap_4.c **** 
ARM GAS  C:\Users\ADMIN\AppData\Local\Temp\ccHyiNi0.s 			page 6


 262:FreeRTOS/portable/MemMang/heap_4.c **** 					/* The block is being returned - it is allocated and owned
 263:FreeRTOS/portable/MemMang/heap_4.c **** 					by the application and has no "next" block. */
 264:FreeRTOS/portable/MemMang/heap_4.c **** 					pxBlock->xBlockSize |= xBlockAllocatedBit;
 265:FreeRTOS/portable/MemMang/heap_4.c **** 					pxBlock->pxNextFreeBlock = NULL;
 266:FreeRTOS/portable/MemMang/heap_4.c **** 				}
 267:FreeRTOS/portable/MemMang/heap_4.c **** 				else
 268:FreeRTOS/portable/MemMang/heap_4.c **** 				{
 269:FreeRTOS/portable/MemMang/heap_4.c **** 					mtCOVERAGE_TEST_MARKER();
 270:FreeRTOS/portable/MemMang/heap_4.c **** 				}
 271:FreeRTOS/portable/MemMang/heap_4.c **** 			}
 272:FreeRTOS/portable/MemMang/heap_4.c **** 			else
 273:FreeRTOS/portable/MemMang/heap_4.c **** 			{
 274:FreeRTOS/portable/MemMang/heap_4.c **** 				mtCOVERAGE_TEST_MARKER();
 275:FreeRTOS/portable/MemMang/heap_4.c **** 			}
 276:FreeRTOS/portable/MemMang/heap_4.c **** 		}
 277:FreeRTOS/portable/MemMang/heap_4.c **** 		else
 278:FreeRTOS/portable/MemMang/heap_4.c **** 		{
 279:FreeRTOS/portable/MemMang/heap_4.c **** 			mtCOVERAGE_TEST_MARKER();
 280:FreeRTOS/portable/MemMang/heap_4.c **** 		}
 281:FreeRTOS/portable/MemMang/heap_4.c **** 
 282:FreeRTOS/portable/MemMang/heap_4.c **** 		traceMALLOC( pvReturn, xWantedSize );
 283:FreeRTOS/portable/MemMang/heap_4.c **** 	}
 284:FreeRTOS/portable/MemMang/heap_4.c **** 	( void ) xTaskResumeAll();
 285:FreeRTOS/portable/MemMang/heap_4.c **** 
 286:FreeRTOS/portable/MemMang/heap_4.c **** 	#if( configUSE_MALLOC_FAILED_HOOK == 1 )
 287:FreeRTOS/portable/MemMang/heap_4.c **** 	{
 288:FreeRTOS/portable/MemMang/heap_4.c **** 		if( pvReturn == NULL )
 289:FreeRTOS/portable/MemMang/heap_4.c **** 		{
 290:FreeRTOS/portable/MemMang/heap_4.c **** 			extern void vApplicationMallocFailedHook( void );
 291:FreeRTOS/portable/MemMang/heap_4.c **** 			vApplicationMallocFailedHook();
 292:FreeRTOS/portable/MemMang/heap_4.c **** 		}
 293:FreeRTOS/portable/MemMang/heap_4.c **** 		else
 294:FreeRTOS/portable/MemMang/heap_4.c **** 		{
 295:FreeRTOS/portable/MemMang/heap_4.c **** 			mtCOVERAGE_TEST_MARKER();
 296:FreeRTOS/portable/MemMang/heap_4.c **** 		}
 297:FreeRTOS/portable/MemMang/heap_4.c **** 	}
 298:FreeRTOS/portable/MemMang/heap_4.c **** 	#endif
 299:FreeRTOS/portable/MemMang/heap_4.c **** 
 300:FreeRTOS/portable/MemMang/heap_4.c **** 	configASSERT( ( ( ( size_t ) pvReturn ) & ( size_t ) portBYTE_ALIGNMENT_MASK ) == 0 );
 301:FreeRTOS/portable/MemMang/heap_4.c **** 	return pvReturn;
 302:FreeRTOS/portable/MemMang/heap_4.c **** }
 303:FreeRTOS/portable/MemMang/heap_4.c **** /*-----------------------------------------------------------*/
 304:FreeRTOS/portable/MemMang/heap_4.c **** 
 305:FreeRTOS/portable/MemMang/heap_4.c **** void vPortFree( void *pv )
 306:FreeRTOS/portable/MemMang/heap_4.c **** {
 307:FreeRTOS/portable/MemMang/heap_4.c **** uint8_t *puc = ( uint8_t * ) pv;
 308:FreeRTOS/portable/MemMang/heap_4.c **** BlockLink_t *pxLink;
 309:FreeRTOS/portable/MemMang/heap_4.c **** 
 310:FreeRTOS/portable/MemMang/heap_4.c **** 	if( pv != NULL )
 311:FreeRTOS/portable/MemMang/heap_4.c **** 	{
 312:FreeRTOS/portable/MemMang/heap_4.c **** 		/* The memory being freed will have an BlockLink_t structure immediately
 313:FreeRTOS/portable/MemMang/heap_4.c **** 		before it. */
 314:FreeRTOS/portable/MemMang/heap_4.c **** 		puc -= xHeapStructSize;
 315:FreeRTOS/portable/MemMang/heap_4.c **** 
 316:FreeRTOS/portable/MemMang/heap_4.c **** 		/* This casting is to keep the compiler from issuing warnings. */
 317:FreeRTOS/portable/MemMang/heap_4.c **** 		pxLink = ( void * ) puc;
 318:FreeRTOS/portable/MemMang/heap_4.c **** 
ARM GAS  C:\Users\ADMIN\AppData\Local\Temp\ccHyiNi0.s 			page 7


 319:FreeRTOS/portable/MemMang/heap_4.c **** 		/* Check the block is actually allocated. */
 320:FreeRTOS/portable/MemMang/heap_4.c **** 		configASSERT( ( pxLink->xBlockSize & xBlockAllocatedBit ) != 0 );
 321:FreeRTOS/portable/MemMang/heap_4.c **** 		configASSERT( pxLink->pxNextFreeBlock == NULL );
 322:FreeRTOS/portable/MemMang/heap_4.c **** 
 323:FreeRTOS/portable/MemMang/heap_4.c **** 		if( ( pxLink->xBlockSize & xBlockAllocatedBit ) != 0 )
 324:FreeRTOS/portable/MemMang/heap_4.c **** 		{
 325:FreeRTOS/portable/MemMang/heap_4.c **** 			if( pxLink->pxNextFreeBlock == NULL )
 326:FreeRTOS/portable/MemMang/heap_4.c **** 			{
 327:FreeRTOS/portable/MemMang/heap_4.c **** 				/* The block is being returned to the heap - it is no longer
 328:FreeRTOS/portable/MemMang/heap_4.c **** 				allocated. */
 329:FreeRTOS/portable/MemMang/heap_4.c **** 				pxLink->xBlockSize &= ~xBlockAllocatedBit;
 330:FreeRTOS/portable/MemMang/heap_4.c **** 
 331:FreeRTOS/portable/MemMang/heap_4.c **** 				vTaskSuspendAll();
 332:FreeRTOS/portable/MemMang/heap_4.c **** 				{
 333:FreeRTOS/portable/MemMang/heap_4.c **** 					/* Add this block to the list of free blocks. */
 334:FreeRTOS/portable/MemMang/heap_4.c **** 					xFreeBytesRemaining += pxLink->xBlockSize;
 335:FreeRTOS/portable/MemMang/heap_4.c **** 					traceFREE( pv, pxLink->xBlockSize );
 336:FreeRTOS/portable/MemMang/heap_4.c **** 					prvInsertBlockIntoFreeList( ( ( BlockLink_t * ) pxLink ) );
 337:FreeRTOS/portable/MemMang/heap_4.c **** 				}
 338:FreeRTOS/portable/MemMang/heap_4.c **** 				( void ) xTaskResumeAll();
 339:FreeRTOS/portable/MemMang/heap_4.c **** 			}
 340:FreeRTOS/portable/MemMang/heap_4.c **** 			else
 341:FreeRTOS/portable/MemMang/heap_4.c **** 			{
 342:FreeRTOS/portable/MemMang/heap_4.c **** 				mtCOVERAGE_TEST_MARKER();
 343:FreeRTOS/portable/MemMang/heap_4.c **** 			}
 344:FreeRTOS/portable/MemMang/heap_4.c **** 		}
 345:FreeRTOS/portable/MemMang/heap_4.c **** 		else
 346:FreeRTOS/portable/MemMang/heap_4.c **** 		{
 347:FreeRTOS/portable/MemMang/heap_4.c **** 			mtCOVERAGE_TEST_MARKER();
 348:FreeRTOS/portable/MemMang/heap_4.c **** 		}
 349:FreeRTOS/portable/MemMang/heap_4.c **** 	}
 350:FreeRTOS/portable/MemMang/heap_4.c **** }
 351:FreeRTOS/portable/MemMang/heap_4.c **** /*-----------------------------------------------------------*/
 352:FreeRTOS/portable/MemMang/heap_4.c **** 
 353:FreeRTOS/portable/MemMang/heap_4.c **** size_t xPortGetFreeHeapSize( void )
 354:FreeRTOS/portable/MemMang/heap_4.c **** {
 355:FreeRTOS/portable/MemMang/heap_4.c **** 	return xFreeBytesRemaining;
 356:FreeRTOS/portable/MemMang/heap_4.c **** }
 357:FreeRTOS/portable/MemMang/heap_4.c **** /*-----------------------------------------------------------*/
 358:FreeRTOS/portable/MemMang/heap_4.c **** 
 359:FreeRTOS/portable/MemMang/heap_4.c **** size_t xPortGetMinimumEverFreeHeapSize( void )
 360:FreeRTOS/portable/MemMang/heap_4.c **** {
 361:FreeRTOS/portable/MemMang/heap_4.c **** 	return xMinimumEverFreeBytesRemaining;
 362:FreeRTOS/portable/MemMang/heap_4.c **** }
 363:FreeRTOS/portable/MemMang/heap_4.c **** /*-----------------------------------------------------------*/
 364:FreeRTOS/portable/MemMang/heap_4.c **** 
 365:FreeRTOS/portable/MemMang/heap_4.c **** void vPortInitialiseBlocks( void )
 366:FreeRTOS/portable/MemMang/heap_4.c **** {
 367:FreeRTOS/portable/MemMang/heap_4.c **** 	/* This just exists to keep the linker quiet. */
 368:FreeRTOS/portable/MemMang/heap_4.c **** }
 369:FreeRTOS/portable/MemMang/heap_4.c **** /*-----------------------------------------------------------*/
 370:FreeRTOS/portable/MemMang/heap_4.c **** 
 371:FreeRTOS/portable/MemMang/heap_4.c **** static void prvHeapInit( void )
 372:FreeRTOS/portable/MemMang/heap_4.c **** {
  26              		.loc 1 372 1 view -0
  27              		.cfi_startproc
  28              		@ args = 0, pretend = 0, frame = 0
ARM GAS  C:\Users\ADMIN\AppData\Local\Temp\ccHyiNi0.s 			page 8


  29              		@ frame_needed = 0, uses_anonymous_args = 0
  30              		@ link register save eliminated.
 373:FreeRTOS/portable/MemMang/heap_4.c **** BlockLink_t *pxFirstFreeBlock;
  31              		.loc 1 373 1 view .LVU1
 374:FreeRTOS/portable/MemMang/heap_4.c **** uint8_t *pucAlignedHeap;
  32              		.loc 1 374 1 view .LVU2
 375:FreeRTOS/portable/MemMang/heap_4.c **** size_t uxAddress;
  33              		.loc 1 375 1 view .LVU3
 376:FreeRTOS/portable/MemMang/heap_4.c **** size_t xTotalHeapSize = configTOTAL_HEAP_SIZE;
  34              		.loc 1 376 1 view .LVU4
  35              	.LVL0:
 377:FreeRTOS/portable/MemMang/heap_4.c **** 
 378:FreeRTOS/portable/MemMang/heap_4.c **** 	/* Ensure the heap starts on a correctly aligned boundary. */
 379:FreeRTOS/portable/MemMang/heap_4.c **** 	uxAddress = ( size_t ) ucHeap;
  36              		.loc 1 379 2 view .LVU5
  37              		.loc 1 379 12 is_stmt 0 view .LVU6
  38 0000 124A     		ldr	r2, .L4
  39              	.LVL1:
 380:FreeRTOS/portable/MemMang/heap_4.c **** 
 381:FreeRTOS/portable/MemMang/heap_4.c **** 	if( ( uxAddress & portBYTE_ALIGNMENT_MASK ) != 0 )
  40              		.loc 1 381 2 is_stmt 1 view .LVU7
  41              		.loc 1 381 4 is_stmt 0 view .LVU8
  42 0002 12F0070F 		tst	r2, #7
  43 0006 1ED0     		beq	.L3
 382:FreeRTOS/portable/MemMang/heap_4.c **** 	{
 383:FreeRTOS/portable/MemMang/heap_4.c **** 		uxAddress += ( portBYTE_ALIGNMENT - 1 );
  44              		.loc 1 383 3 is_stmt 1 view .LVU9
  45              		.loc 1 383 13 is_stmt 0 view .LVU10
  46 0008 D11D     		adds	r1, r2, #7
  47              	.LVL2:
 384:FreeRTOS/portable/MemMang/heap_4.c **** 		uxAddress &= ~( ( size_t ) portBYTE_ALIGNMENT_MASK );
  48              		.loc 1 384 3 is_stmt 1 view .LVU11
  49              		.loc 1 384 13 is_stmt 0 view .LVU12
  50 000a 21F00701 		bic	r1, r1, #7
  51              	.LVL3:
 385:FreeRTOS/portable/MemMang/heap_4.c **** 		xTotalHeapSize -= uxAddress - ( size_t ) ucHeap;
  52              		.loc 1 385 3 is_stmt 1 view .LVU13
  53              		.loc 1 385 18 is_stmt 0 view .LVU14
  54 000e C1F52053 		rsb	r3, r1, #10240
  55 0012 1344     		add	r3, r3, r2
  56              	.LVL4:
 384:FreeRTOS/portable/MemMang/heap_4.c **** 		uxAddress &= ~( ( size_t ) portBYTE_ALIGNMENT_MASK );
  57              		.loc 1 384 13 view .LVU15
  58 0014 0A46     		mov	r2, r1
  59              	.LVL5:
  60              	.L2:
 386:FreeRTOS/portable/MemMang/heap_4.c **** 	}
 387:FreeRTOS/portable/MemMang/heap_4.c **** 
 388:FreeRTOS/portable/MemMang/heap_4.c **** 	pucAlignedHeap = ( uint8_t * ) uxAddress;
  61              		.loc 1 388 2 is_stmt 1 view .LVU16
 389:FreeRTOS/portable/MemMang/heap_4.c **** 
 390:FreeRTOS/portable/MemMang/heap_4.c **** 	/* xStart is used to hold a pointer to the first item in the list of free
 391:FreeRTOS/portable/MemMang/heap_4.c **** 	blocks.  The void cast is used to prevent compiler warnings. */
 392:FreeRTOS/portable/MemMang/heap_4.c **** 	xStart.pxNextFreeBlock = ( void * ) pucAlignedHeap;
  62              		.loc 1 392 2 view .LVU17
  63              		.loc 1 392 25 is_stmt 0 view .LVU18
  64 0016 0E48     		ldr	r0, .L4+4
ARM GAS  C:\Users\ADMIN\AppData\Local\Temp\ccHyiNi0.s 			page 9


  65 0018 0260     		str	r2, [r0]
 393:FreeRTOS/portable/MemMang/heap_4.c **** 	xStart.xBlockSize = ( size_t ) 0;
  66              		.loc 1 393 2 is_stmt 1 view .LVU19
  67              		.loc 1 393 20 is_stmt 0 view .LVU20
  68 001a 0021     		movs	r1, #0
  69 001c 4160     		str	r1, [r0, #4]
 394:FreeRTOS/portable/MemMang/heap_4.c **** 
 395:FreeRTOS/portable/MemMang/heap_4.c **** 	/* pxEnd is used to mark the end of the list of free blocks and is inserted
 396:FreeRTOS/portable/MemMang/heap_4.c **** 	at the end of the heap space. */
 397:FreeRTOS/portable/MemMang/heap_4.c **** 	uxAddress = ( ( size_t ) pucAlignedHeap ) + xTotalHeapSize;
  70              		.loc 1 397 2 is_stmt 1 view .LVU21
  71              		.loc 1 397 12 is_stmt 0 view .LVU22
  72 001e 1344     		add	r3, r3, r2
  73              	.LVL6:
 398:FreeRTOS/portable/MemMang/heap_4.c **** 	uxAddress -= xHeapStructSize;
  74              		.loc 1 398 2 is_stmt 1 view .LVU23
  75              		.loc 1 398 12 is_stmt 0 view .LVU24
  76 0020 083B     		subs	r3, r3, #8
  77              	.LVL7:
 399:FreeRTOS/portable/MemMang/heap_4.c **** 	uxAddress &= ~( ( size_t ) portBYTE_ALIGNMENT_MASK );
  78              		.loc 1 399 2 is_stmt 1 view .LVU25
  79              		.loc 1 399 12 is_stmt 0 view .LVU26
  80 0022 23F00703 		bic	r3, r3, #7
  81              	.LVL8:
 400:FreeRTOS/portable/MemMang/heap_4.c **** 	pxEnd = ( void * ) uxAddress;
  82              		.loc 1 400 2 is_stmt 1 view .LVU27
  83              		.loc 1 400 8 is_stmt 0 view .LVU28
  84 0026 0B48     		ldr	r0, .L4+8
  85 0028 0360     		str	r3, [r0]
 401:FreeRTOS/portable/MemMang/heap_4.c **** 	pxEnd->xBlockSize = 0;
  86              		.loc 1 401 2 is_stmt 1 view .LVU29
  87              		.loc 1 401 20 is_stmt 0 view .LVU30
  88 002a 5960     		str	r1, [r3, #4]
 402:FreeRTOS/portable/MemMang/heap_4.c **** 	pxEnd->pxNextFreeBlock = NULL;
  89              		.loc 1 402 2 is_stmt 1 view .LVU31
  90              		.loc 1 402 25 is_stmt 0 view .LVU32
  91 002c 1960     		str	r1, [r3]
 403:FreeRTOS/portable/MemMang/heap_4.c **** 
 404:FreeRTOS/portable/MemMang/heap_4.c **** 	/* To start with there is a single free block that is sized to take up the
 405:FreeRTOS/portable/MemMang/heap_4.c **** 	entire heap space, minus the space taken by pxEnd. */
 406:FreeRTOS/portable/MemMang/heap_4.c **** 	pxFirstFreeBlock = ( void * ) pucAlignedHeap;
  92              		.loc 1 406 2 is_stmt 1 view .LVU33
  93              	.LVL9:
 407:FreeRTOS/portable/MemMang/heap_4.c **** 	pxFirstFreeBlock->xBlockSize = uxAddress - ( size_t ) pxFirstFreeBlock;
  94              		.loc 1 407 2 view .LVU34
  95              		.loc 1 407 43 is_stmt 0 view .LVU35
  96 002e 991A     		subs	r1, r3, r2
  97              		.loc 1 407 31 view .LVU36
  98 0030 5160     		str	r1, [r2, #4]
 408:FreeRTOS/portable/MemMang/heap_4.c **** 	pxFirstFreeBlock->pxNextFreeBlock = pxEnd;
  99              		.loc 1 408 2 is_stmt 1 view .LVU37
 100              		.loc 1 408 36 is_stmt 0 view .LVU38
 101 0032 1360     		str	r3, [r2]
 409:FreeRTOS/portable/MemMang/heap_4.c **** 
 410:FreeRTOS/portable/MemMang/heap_4.c **** 	/* Only one block exists - and it covers the entire usable heap space. */
 411:FreeRTOS/portable/MemMang/heap_4.c **** 	xMinimumEverFreeBytesRemaining = pxFirstFreeBlock->xBlockSize;
 102              		.loc 1 411 2 is_stmt 1 view .LVU39
ARM GAS  C:\Users\ADMIN\AppData\Local\Temp\ccHyiNi0.s 			page 10


 103              		.loc 1 411 33 is_stmt 0 view .LVU40
 104 0034 084B     		ldr	r3, .L4+12
 105              	.LVL10:
 106              		.loc 1 411 33 view .LVU41
 107 0036 1960     		str	r1, [r3]
 412:FreeRTOS/portable/MemMang/heap_4.c **** 	xFreeBytesRemaining = pxFirstFreeBlock->xBlockSize;
 108              		.loc 1 412 2 is_stmt 1 view .LVU42
 109              		.loc 1 412 22 is_stmt 0 view .LVU43
 110 0038 084B     		ldr	r3, .L4+16
 111 003a 1960     		str	r1, [r3]
 413:FreeRTOS/portable/MemMang/heap_4.c **** 
 414:FreeRTOS/portable/MemMang/heap_4.c **** 	/* Work out the position of the top bit in a size_t variable. */
 415:FreeRTOS/portable/MemMang/heap_4.c **** 	xBlockAllocatedBit = ( ( size_t ) 1 ) << ( ( sizeof( size_t ) * heapBITS_PER_BYTE ) - 1 );
 112              		.loc 1 415 2 is_stmt 1 view .LVU44
 113              		.loc 1 415 21 is_stmt 0 view .LVU45
 114 003c 084B     		ldr	r3, .L4+20
 115 003e 4FF00042 		mov	r2, #-2147483648
 116              	.LVL11:
 117              		.loc 1 415 21 view .LVU46
 118 0042 1A60     		str	r2, [r3]
 416:FreeRTOS/portable/MemMang/heap_4.c **** }
 119              		.loc 1 416 1 view .LVU47
 120 0044 7047     		bx	lr
 121              	.LVL12:
 122              	.L3:
 376:FreeRTOS/portable/MemMang/heap_4.c **** 
 123              		.loc 1 376 8 view .LVU48
 124 0046 4FF42053 		mov	r3, #10240
 125 004a E4E7     		b	.L2
 126              	.L5:
 127              		.align	2
 128              	.L4:
 129 004c 00000000 		.word	ucHeap
 130 0050 00000000 		.word	.LANCHOR0
 131 0054 00000000 		.word	.LANCHOR1
 132 0058 00000000 		.word	.LANCHOR2
 133 005c 00000000 		.word	.LANCHOR3
 134 0060 00000000 		.word	.LANCHOR4
 135              		.cfi_endproc
 136              	.LFE75:
 138              		.section	.text.prvInsertBlockIntoFreeList,"ax",%progbits
 139              		.align	1
 140              		.syntax unified
 141              		.thumb
 142              		.thumb_func
 144              	prvInsertBlockIntoFreeList:
 145              	.LVL13:
 146              	.LFB76:
 417:FreeRTOS/portable/MemMang/heap_4.c **** /*-----------------------------------------------------------*/
 418:FreeRTOS/portable/MemMang/heap_4.c **** 
 419:FreeRTOS/portable/MemMang/heap_4.c **** static void prvInsertBlockIntoFreeList( BlockLink_t *pxBlockToInsert )
 420:FreeRTOS/portable/MemMang/heap_4.c **** {
 147              		.loc 1 420 1 is_stmt 1 view -0
 148              		.cfi_startproc
 149              		@ args = 0, pretend = 0, frame = 0
 150              		@ frame_needed = 0, uses_anonymous_args = 0
 151              		@ link register save eliminated.
ARM GAS  C:\Users\ADMIN\AppData\Local\Temp\ccHyiNi0.s 			page 11


 421:FreeRTOS/portable/MemMang/heap_4.c **** BlockLink_t *pxIterator;
 152              		.loc 1 421 1 view .LVU50
 422:FreeRTOS/portable/MemMang/heap_4.c **** uint8_t *puc;
 153              		.loc 1 422 1 view .LVU51
 423:FreeRTOS/portable/MemMang/heap_4.c **** 
 424:FreeRTOS/portable/MemMang/heap_4.c **** 	/* Iterate through the list until a block is found that has a higher address
 425:FreeRTOS/portable/MemMang/heap_4.c **** 	than the block being inserted. */
 426:FreeRTOS/portable/MemMang/heap_4.c **** 	for( pxIterator = &xStart; pxIterator->pxNextFreeBlock < pxBlockToInsert; pxIterator = pxIterator-
 154              		.loc 1 426 2 view .LVU52
 155              		.loc 1 426 18 is_stmt 0 view .LVU53
 156 0000 154B     		ldr	r3, .L21
 157              	.LVL14:
 158              	.L7:
 159              		.loc 1 426 29 is_stmt 1 discriminator 1 view .LVU54
 160 0002 1A46     		mov	r2, r3
 161              		.loc 1 426 39 is_stmt 0 discriminator 1 view .LVU55
 162 0004 1B68     		ldr	r3, [r3]
 163              	.LVL15:
 164              		.loc 1 426 2 discriminator 1 view .LVU56
 165 0006 8342     		cmp	r3, r0
 166 0008 FBD3     		bcc	.L7
 427:FreeRTOS/portable/MemMang/heap_4.c **** 	{
 428:FreeRTOS/portable/MemMang/heap_4.c **** 		/* Nothing to do here, just iterate to the right position. */
 429:FreeRTOS/portable/MemMang/heap_4.c **** 	}
 430:FreeRTOS/portable/MemMang/heap_4.c **** 
 431:FreeRTOS/portable/MemMang/heap_4.c **** 	/* Do the block being inserted, and the block it is being inserted after
 432:FreeRTOS/portable/MemMang/heap_4.c **** 	make a contiguous block of memory? */
 433:FreeRTOS/portable/MemMang/heap_4.c **** 	puc = ( uint8_t * ) pxIterator;
 167              		.loc 1 433 2 is_stmt 1 view .LVU57
 168              	.LVL16:
 434:FreeRTOS/portable/MemMang/heap_4.c **** 	if( ( puc + pxIterator->xBlockSize ) == ( uint8_t * ) pxBlockToInsert )
 169              		.loc 1 434 2 view .LVU58
 170              		.loc 1 434 24 is_stmt 0 view .LVU59
 171 000a 5168     		ldr	r1, [r2, #4]
 172              		.loc 1 434 12 view .LVU60
 173 000c 02EB010C 		add	ip, r2, r1
 174              		.loc 1 434 4 view .LVU61
 175 0010 8445     		cmp	ip, r0
 176 0012 09D0     		beq	.L19
 177              	.L8:
 435:FreeRTOS/portable/MemMang/heap_4.c **** 	{
 436:FreeRTOS/portable/MemMang/heap_4.c **** 		pxIterator->xBlockSize += pxBlockToInsert->xBlockSize;
 437:FreeRTOS/portable/MemMang/heap_4.c **** 		pxBlockToInsert = pxIterator;
 438:FreeRTOS/portable/MemMang/heap_4.c **** 	}
 439:FreeRTOS/portable/MemMang/heap_4.c **** 	else
 440:FreeRTOS/portable/MemMang/heap_4.c **** 	{
 441:FreeRTOS/portable/MemMang/heap_4.c **** 		mtCOVERAGE_TEST_MARKER();
 178              		.loc 1 441 27 is_stmt 1 view .LVU62
 442:FreeRTOS/portable/MemMang/heap_4.c **** 	}
 443:FreeRTOS/portable/MemMang/heap_4.c **** 
 444:FreeRTOS/portable/MemMang/heap_4.c **** 	/* Do the block being inserted, and the block it is being inserted before
 445:FreeRTOS/portable/MemMang/heap_4.c **** 	make a contiguous block of memory? */
 446:FreeRTOS/portable/MemMang/heap_4.c **** 	puc = ( uint8_t * ) pxBlockToInsert;
 179              		.loc 1 446 2 view .LVU63
 180              	.LVL17:
 447:FreeRTOS/portable/MemMang/heap_4.c **** 	if( ( puc + pxBlockToInsert->xBlockSize ) == ( uint8_t * ) pxIterator->pxNextFreeBlock )
 181              		.loc 1 447 2 view .LVU64
ARM GAS  C:\Users\ADMIN\AppData\Local\Temp\ccHyiNi0.s 			page 12


 182              		.loc 1 447 29 is_stmt 0 view .LVU65
 183 0014 4168     		ldr	r1, [r0, #4]
 184              		.loc 1 447 12 view .LVU66
 185 0016 00EB010C 		add	ip, r0, r1
 186              		.loc 1 447 4 view .LVU67
 187 001a 6345     		cmp	r3, ip
 188 001c 09D0     		beq	.L20
 448:FreeRTOS/portable/MemMang/heap_4.c **** 	{
 449:FreeRTOS/portable/MemMang/heap_4.c **** 		if( pxIterator->pxNextFreeBlock != pxEnd )
 450:FreeRTOS/portable/MemMang/heap_4.c **** 		{
 451:FreeRTOS/portable/MemMang/heap_4.c **** 			/* Form one big block from the two blocks. */
 452:FreeRTOS/portable/MemMang/heap_4.c **** 			pxBlockToInsert->xBlockSize += pxIterator->pxNextFreeBlock->xBlockSize;
 453:FreeRTOS/portable/MemMang/heap_4.c **** 			pxBlockToInsert->pxNextFreeBlock = pxIterator->pxNextFreeBlock->pxNextFreeBlock;
 454:FreeRTOS/portable/MemMang/heap_4.c **** 		}
 455:FreeRTOS/portable/MemMang/heap_4.c **** 		else
 456:FreeRTOS/portable/MemMang/heap_4.c **** 		{
 457:FreeRTOS/portable/MemMang/heap_4.c **** 			pxBlockToInsert->pxNextFreeBlock = pxEnd;
 458:FreeRTOS/portable/MemMang/heap_4.c **** 		}
 459:FreeRTOS/portable/MemMang/heap_4.c **** 	}
 460:FreeRTOS/portable/MemMang/heap_4.c **** 	else
 461:FreeRTOS/portable/MemMang/heap_4.c **** 	{
 462:FreeRTOS/portable/MemMang/heap_4.c **** 		pxBlockToInsert->pxNextFreeBlock = pxIterator->pxNextFreeBlock;
 189              		.loc 1 462 3 is_stmt 1 view .LVU68
 190              		.loc 1 462 36 is_stmt 0 view .LVU69
 191 001e 0360     		str	r3, [r0]
 463:FreeRTOS/portable/MemMang/heap_4.c **** 	}
 464:FreeRTOS/portable/MemMang/heap_4.c **** 
 465:FreeRTOS/portable/MemMang/heap_4.c **** 	/* If the block being inserted plugged a gab, so was merged with the block
 466:FreeRTOS/portable/MemMang/heap_4.c **** 	before and the block after, then it's pxNextFreeBlock pointer will have
 467:FreeRTOS/portable/MemMang/heap_4.c **** 	already been set, and should not be set here as that would make it point
 468:FreeRTOS/portable/MemMang/heap_4.c **** 	to itself. */
 469:FreeRTOS/portable/MemMang/heap_4.c **** 	if( pxIterator != pxBlockToInsert )
 192              		.loc 1 469 2 is_stmt 1 view .LVU70
 193              		.loc 1 469 4 is_stmt 0 view .LVU71
 194 0020 9042     		cmp	r0, r2
 195 0022 18D0     		beq	.L16
 470:FreeRTOS/portable/MemMang/heap_4.c **** 	{
 471:FreeRTOS/portable/MemMang/heap_4.c **** 		pxIterator->pxNextFreeBlock = pxBlockToInsert;
 196              		.loc 1 471 3 is_stmt 1 view .LVU72
 197              		.loc 1 471 31 is_stmt 0 view .LVU73
 198 0024 1060     		str	r0, [r2]
 472:FreeRTOS/portable/MemMang/heap_4.c **** 	}
 473:FreeRTOS/portable/MemMang/heap_4.c **** 	else
 474:FreeRTOS/portable/MemMang/heap_4.c **** 	{
 475:FreeRTOS/portable/MemMang/heap_4.c **** 		mtCOVERAGE_TEST_MARKER();
 199              		.loc 1 475 27 is_stmt 1 view .LVU74
 200 0026 7047     		bx	lr
 201              	.LVL18:
 202              	.L19:
 436:FreeRTOS/portable/MemMang/heap_4.c **** 		pxBlockToInsert = pxIterator;
 203              		.loc 1 436 3 view .LVU75
 436:FreeRTOS/portable/MemMang/heap_4.c **** 		pxBlockToInsert = pxIterator;
 204              		.loc 1 436 44 is_stmt 0 view .LVU76
 205 0028 4068     		ldr	r0, [r0, #4]
 206              	.LVL19:
 436:FreeRTOS/portable/MemMang/heap_4.c **** 		pxBlockToInsert = pxIterator;
 207              		.loc 1 436 26 view .LVU77
ARM GAS  C:\Users\ADMIN\AppData\Local\Temp\ccHyiNi0.s 			page 13


 208 002a 0144     		add	r1, r1, r0
 209 002c 5160     		str	r1, [r2, #4]
 437:FreeRTOS/portable/MemMang/heap_4.c **** 	}
 210              		.loc 1 437 3 is_stmt 1 view .LVU78
 211              	.LVL20:
 437:FreeRTOS/portable/MemMang/heap_4.c **** 	}
 212              		.loc 1 437 19 is_stmt 0 view .LVU79
 213 002e 1046     		mov	r0, r2
 214 0030 F0E7     		b	.L8
 215              	.LVL21:
 216              	.L20:
 420:FreeRTOS/portable/MemMang/heap_4.c **** BlockLink_t *pxIterator;
 217              		.loc 1 420 1 view .LVU80
 218 0032 10B4     		push	{r4}
 219              	.LCFI0:
 220              		.cfi_def_cfa_offset 4
 221              		.cfi_offset 4, -4
 449:FreeRTOS/portable/MemMang/heap_4.c **** 		{
 222              		.loc 1 449 3 is_stmt 1 view .LVU81
 449:FreeRTOS/portable/MemMang/heap_4.c **** 		{
 223              		.loc 1 449 35 is_stmt 0 view .LVU82
 224 0034 094C     		ldr	r4, .L21+4
 225 0036 2468     		ldr	r4, [r4]
 449:FreeRTOS/portable/MemMang/heap_4.c **** 		{
 226              		.loc 1 449 5 view .LVU83
 227 0038 A342     		cmp	r3, r4
 228 003a 0AD0     		beq	.L10
 452:FreeRTOS/portable/MemMang/heap_4.c **** 			pxBlockToInsert->pxNextFreeBlock = pxIterator->pxNextFreeBlock->pxNextFreeBlock;
 229              		.loc 1 452 4 is_stmt 1 view .LVU84
 452:FreeRTOS/portable/MemMang/heap_4.c **** 			pxBlockToInsert->pxNextFreeBlock = pxIterator->pxNextFreeBlock->pxNextFreeBlock;
 230              		.loc 1 452 62 is_stmt 0 view .LVU85
 231 003c 5B68     		ldr	r3, [r3, #4]
 452:FreeRTOS/portable/MemMang/heap_4.c **** 			pxBlockToInsert->pxNextFreeBlock = pxIterator->pxNextFreeBlock->pxNextFreeBlock;
 232              		.loc 1 452 32 view .LVU86
 233 003e 1944     		add	r1, r1, r3
 234 0040 4160     		str	r1, [r0, #4]
 453:FreeRTOS/portable/MemMang/heap_4.c **** 		}
 235              		.loc 1 453 4 is_stmt 1 view .LVU87
 453:FreeRTOS/portable/MemMang/heap_4.c **** 		}
 236              		.loc 1 453 49 is_stmt 0 view .LVU88
 237 0042 1368     		ldr	r3, [r2]
 453:FreeRTOS/portable/MemMang/heap_4.c **** 		}
 238              		.loc 1 453 66 view .LVU89
 239 0044 1B68     		ldr	r3, [r3]
 453:FreeRTOS/portable/MemMang/heap_4.c **** 		}
 240              		.loc 1 453 37 view .LVU90
 241 0046 0360     		str	r3, [r0]
 242              	.L11:
 469:FreeRTOS/portable/MemMang/heap_4.c **** 	{
 243              		.loc 1 469 2 is_stmt 1 view .LVU91
 469:FreeRTOS/portable/MemMang/heap_4.c **** 	{
 244              		.loc 1 469 4 is_stmt 0 view .LVU92
 245 0048 9042     		cmp	r0, r2
 246 004a 00D0     		beq	.L6
 471:FreeRTOS/portable/MemMang/heap_4.c **** 	}
 247              		.loc 1 471 3 is_stmt 1 view .LVU93
 471:FreeRTOS/portable/MemMang/heap_4.c **** 	}
ARM GAS  C:\Users\ADMIN\AppData\Local\Temp\ccHyiNi0.s 			page 14


 248              		.loc 1 471 31 is_stmt 0 view .LVU94
 249 004c 1060     		str	r0, [r2]
 250              		.loc 1 475 27 is_stmt 1 view .LVU95
 251              	.L6:
 476:FreeRTOS/portable/MemMang/heap_4.c **** 	}
 477:FreeRTOS/portable/MemMang/heap_4.c **** }
 252              		.loc 1 477 1 is_stmt 0 view .LVU96
 253 004e 10BC     		pop	{r4}
 254              	.LCFI1:
 255              		.cfi_remember_state
 256              		.cfi_restore 4
 257              		.cfi_def_cfa_offset 0
 258 0050 7047     		bx	lr
 259              	.L10:
 260              	.LCFI2:
 261              		.cfi_restore_state
 457:FreeRTOS/portable/MemMang/heap_4.c **** 		}
 262              		.loc 1 457 4 is_stmt 1 view .LVU97
 457:FreeRTOS/portable/MemMang/heap_4.c **** 		}
 263              		.loc 1 457 37 is_stmt 0 view .LVU98
 264 0052 0460     		str	r4, [r0]
 265 0054 F8E7     		b	.L11
 266              	.L16:
 267              	.LCFI3:
 268              		.cfi_def_cfa_offset 0
 269              		.cfi_restore 4
 457:FreeRTOS/portable/MemMang/heap_4.c **** 		}
 270              		.loc 1 457 37 view .LVU99
 271 0056 7047     		bx	lr
 272              	.L22:
 273              		.align	2
 274              	.L21:
 275 0058 00000000 		.word	.LANCHOR0
 276 005c 00000000 		.word	.LANCHOR1
 277              		.cfi_endproc
 278              	.LFE76:
 280              		.section	.text.pvPortMalloc,"ax",%progbits
 281              		.align	1
 282              		.global	pvPortMalloc
 283              		.syntax unified
 284              		.thumb
 285              		.thumb_func
 287              	pvPortMalloc:
 288              	.LVL22:
 289              	.LFB70:
 156:FreeRTOS/portable/MemMang/heap_4.c **** BlockLink_t *pxBlock, *pxPreviousBlock, *pxNewBlockLink;
 290              		.loc 1 156 1 is_stmt 1 view -0
 291              		.cfi_startproc
 292              		@ args = 0, pretend = 0, frame = 0
 293              		@ frame_needed = 0, uses_anonymous_args = 0
 156:FreeRTOS/portable/MemMang/heap_4.c **** BlockLink_t *pxBlock, *pxPreviousBlock, *pxNewBlockLink;
 294              		.loc 1 156 1 is_stmt 0 view .LVU101
 295 0000 70B5     		push	{r4, r5, r6, lr}
 296              	.LCFI4:
 297              		.cfi_def_cfa_offset 16
 298              		.cfi_offset 4, -16
 299              		.cfi_offset 5, -12
ARM GAS  C:\Users\ADMIN\AppData\Local\Temp\ccHyiNi0.s 			page 15


 300              		.cfi_offset 6, -8
 301              		.cfi_offset 14, -4
 302 0002 0546     		mov	r5, r0
 157:FreeRTOS/portable/MemMang/heap_4.c **** void *pvReturn = NULL;
 303              		.loc 1 157 1 is_stmt 1 view .LVU102
 158:FreeRTOS/portable/MemMang/heap_4.c **** 
 304              		.loc 1 158 1 view .LVU103
 305              	.LVL23:
 160:FreeRTOS/portable/MemMang/heap_4.c **** 	{
 306              		.loc 1 160 2 view .LVU104
 307 0004 FFF7FEFF 		bl	vTaskSuspendAll
 308              	.LVL24:
 164:FreeRTOS/portable/MemMang/heap_4.c **** 		{
 309              		.loc 1 164 3 view .LVU105
 164:FreeRTOS/portable/MemMang/heap_4.c **** 		{
 310              		.loc 1 164 13 is_stmt 0 view .LVU106
 311 0008 324B     		ldr	r3, .L47
 312 000a 1B68     		ldr	r3, [r3]
 164:FreeRTOS/portable/MemMang/heap_4.c **** 		{
 313              		.loc 1 164 5 view .LVU107
 314 000c 9BB1     		cbz	r3, .L42
 315              	.L24:
 170:FreeRTOS/portable/MemMang/heap_4.c **** 		}
 316              		.loc 1 170 28 is_stmt 1 view .LVU108
 177:FreeRTOS/portable/MemMang/heap_4.c **** 		{
 317              		.loc 1 177 3 view .LVU109
 177:FreeRTOS/portable/MemMang/heap_4.c **** 		{
 318              		.loc 1 177 21 is_stmt 0 view .LVU110
 319 000e 324B     		ldr	r3, .L47+4
 320 0010 1B68     		ldr	r3, [r3]
 177:FreeRTOS/portable/MemMang/heap_4.c **** 		{
 321              		.loc 1 177 5 view .LVU111
 322 0012 1D42     		tst	r5, r3
 323 0014 12D1     		bne	.L43
 181:FreeRTOS/portable/MemMang/heap_4.c **** 			{
 324              		.loc 1 181 4 is_stmt 1 view .LVU112
 181:FreeRTOS/portable/MemMang/heap_4.c **** 			{
 325              		.loc 1 181 6 is_stmt 0 view .LVU113
 326 0016 35B1     		cbz	r5, .L27
 183:FreeRTOS/portable/MemMang/heap_4.c **** 
 327              		.loc 1 183 5 is_stmt 1 view .LVU114
 183:FreeRTOS/portable/MemMang/heap_4.c **** 
 328              		.loc 1 183 17 is_stmt 0 view .LVU115
 329 0018 0835     		adds	r5, r5, #8
 330              	.LVL25:
 187:FreeRTOS/portable/MemMang/heap_4.c **** 				{
 331              		.loc 1 187 5 is_stmt 1 view .LVU116
 187:FreeRTOS/portable/MemMang/heap_4.c **** 				{
 332              		.loc 1 187 7 is_stmt 0 view .LVU117
 333 001a 15F0070F 		tst	r5, #7
 334 001e 02D0     		beq	.L27
 190:FreeRTOS/portable/MemMang/heap_4.c **** 					configASSERT( ( xWantedSize & portBYTE_ALIGNMENT_MASK ) == 0 );
 335              		.loc 1 190 6 is_stmt 1 view .LVU118
 190:FreeRTOS/portable/MemMang/heap_4.c **** 					configASSERT( ( xWantedSize & portBYTE_ALIGNMENT_MASK ) == 0 );
 336              		.loc 1 190 18 is_stmt 0 view .LVU119
 337 0020 25F00705 		bic	r5, r5, #7
 338              	.LVL26:
ARM GAS  C:\Users\ADMIN\AppData\Local\Temp\ccHyiNi0.s 			page 16


 190:FreeRTOS/portable/MemMang/heap_4.c **** 					configASSERT( ( xWantedSize & portBYTE_ALIGNMENT_MASK ) == 0 );
 339              		.loc 1 190 18 view .LVU120
 340 0024 0835     		adds	r5, r5, #8
 341              	.LVL27:
 191:FreeRTOS/portable/MemMang/heap_4.c **** 				}
 342              		.loc 1 191 6 is_stmt 1 view .LVU121
 343              	.L27:
 200:FreeRTOS/portable/MemMang/heap_4.c **** 			}
 344              		.loc 1 200 29 view .LVU122
 203:FreeRTOS/portable/MemMang/heap_4.c **** 			{
 345              		.loc 1 203 4 view .LVU123
 203:FreeRTOS/portable/MemMang/heap_4.c **** 			{
 346              		.loc 1 203 6 is_stmt 0 view .LVU124
 347 0026 9DB1     		cbz	r5, .L44
 203:FreeRTOS/portable/MemMang/heap_4.c **** 			{
 348              		.loc 1 203 45 discriminator 1 view .LVU125
 349 0028 2C4B     		ldr	r3, .L47+8
 350 002a 1B68     		ldr	r3, [r3]
 203:FreeRTOS/portable/MemMang/heap_4.c **** 			{
 351              		.loc 1 203 28 discriminator 1 view .LVU126
 352 002c AB42     		cmp	r3, r5
 353 002e 13D3     		bcc	.L45
 207:FreeRTOS/portable/MemMang/heap_4.c **** 				pxBlock = xStart.pxNextFreeBlock;
 354              		.loc 1 207 5 is_stmt 1 view .LVU127
 355              	.LVL28:
 208:FreeRTOS/portable/MemMang/heap_4.c **** 				while( ( pxBlock->xBlockSize < xWantedSize ) && ( pxBlock->pxNextFreeBlock != NULL ) )
 356              		.loc 1 208 5 view .LVU128
 208:FreeRTOS/portable/MemMang/heap_4.c **** 				while( ( pxBlock->xBlockSize < xWantedSize ) && ( pxBlock->pxNextFreeBlock != NULL ) )
 357              		.loc 1 208 13 is_stmt 0 view .LVU129
 358 0030 2B4A     		ldr	r2, .L47+12
 359 0032 1468     		ldr	r4, [r2]
 360              	.LVL29:
 209:FreeRTOS/portable/MemMang/heap_4.c **** 				{
 361              		.loc 1 209 5 is_stmt 1 view .LVU130
 209:FreeRTOS/portable/MemMang/heap_4.c **** 				{
 362              		.loc 1 209 10 is_stmt 0 view .LVU131
 363 0034 16E0     		b	.L31
 364              	.LVL30:
 365              	.L42:
 166:FreeRTOS/portable/MemMang/heap_4.c **** 		}
 366              		.loc 1 166 4 is_stmt 1 view .LVU132
 367 0036 FFF7FEFF 		bl	prvHeapInit
 368              	.LVL31:
 369 003a E8E7     		b	.L24
 370              	.L43:
 279:FreeRTOS/portable/MemMang/heap_4.c **** 		}
 371              		.loc 1 279 28 view .LVU133
 282:FreeRTOS/portable/MemMang/heap_4.c **** 	}
 372              		.loc 1 282 39 view .LVU134
 284:FreeRTOS/portable/MemMang/heap_4.c **** 
 373              		.loc 1 284 2 view .LVU135
 284:FreeRTOS/portable/MemMang/heap_4.c **** 
 374              		.loc 1 284 11 is_stmt 0 view .LVU136
 375 003c FFF7FEFF 		bl	xTaskResumeAll
 376              	.LVL32:
 288:FreeRTOS/portable/MemMang/heap_4.c **** 		{
 377              		.loc 1 288 3 is_stmt 1 view .LVU137
ARM GAS  C:\Users\ADMIN\AppData\Local\Temp\ccHyiNi0.s 			page 17


 158:FreeRTOS/portable/MemMang/heap_4.c **** 
 378              		.loc 1 158 7 is_stmt 0 view .LVU138
 379 0040 0026     		movs	r6, #0
 380              	.LVL33:
 381              	.L26:
 382              	.LBB13:
 290:FreeRTOS/portable/MemMang/heap_4.c **** 			vApplicationMallocFailedHook();
 383              		.loc 1 290 4 is_stmt 1 view .LVU139
 291:FreeRTOS/portable/MemMang/heap_4.c **** 		}
 384              		.loc 1 291 4 view .LVU140
 385 0042 FFF7FEFF 		bl	vApplicationMallocFailedHook
 386              	.LVL34:
 387              	.L37:
 291:FreeRTOS/portable/MemMang/heap_4.c **** 		}
 388              		.loc 1 291 4 is_stmt 0 view .LVU141
 389              	.LBE13:
 295:FreeRTOS/portable/MemMang/heap_4.c **** 		}
 390              		.loc 1 295 28 is_stmt 1 view .LVU142
 300:FreeRTOS/portable/MemMang/heap_4.c **** 	return pvReturn;
 391              		.loc 1 300 2 view .LVU143
 392 0046 16F0070F 		tst	r6, #7
 393 004a 41D0     		beq	.L23
 300:FreeRTOS/portable/MemMang/heap_4.c **** 	return pvReturn;
 394              		.loc 1 300 2 view .LVU144
 395              	.LBB14:
 396              	.LBI14:
 397              		.file 2 "Libraries/CMSIS/Include/cmsis_gcc.h"
   1:Libraries/CMSIS/Include/cmsis_gcc.h **** /**************************************************************************//**
   2:Libraries/CMSIS/Include/cmsis_gcc.h ****  * @file     cmsis_gcc.h
   3:Libraries/CMSIS/Include/cmsis_gcc.h ****  * @brief    CMSIS compiler GCC header file
   4:Libraries/CMSIS/Include/cmsis_gcc.h ****  * @version  V5.0.4
   5:Libraries/CMSIS/Include/cmsis_gcc.h ****  * @date     09. April 2018
   6:Libraries/CMSIS/Include/cmsis_gcc.h ****  ******************************************************************************/
   7:Libraries/CMSIS/Include/cmsis_gcc.h **** /*
   8:Libraries/CMSIS/Include/cmsis_gcc.h ****  * Copyright (c) 2009-2018 Arm Limited. All rights reserved.
   9:Libraries/CMSIS/Include/cmsis_gcc.h ****  *
  10:Libraries/CMSIS/Include/cmsis_gcc.h ****  * SPDX-License-Identifier: Apache-2.0
  11:Libraries/CMSIS/Include/cmsis_gcc.h ****  *
  12:Libraries/CMSIS/Include/cmsis_gcc.h ****  * Licensed under the Apache License, Version 2.0 (the License); you may
  13:Libraries/CMSIS/Include/cmsis_gcc.h ****  * not use this file except in compliance with the License.
  14:Libraries/CMSIS/Include/cmsis_gcc.h ****  * You may obtain a copy of the License at
  15:Libraries/CMSIS/Include/cmsis_gcc.h ****  *
  16:Libraries/CMSIS/Include/cmsis_gcc.h ****  * www.apache.org/licenses/LICENSE-2.0
  17:Libraries/CMSIS/Include/cmsis_gcc.h ****  *
  18:Libraries/CMSIS/Include/cmsis_gcc.h ****  * Unless required by applicable law or agreed to in writing, software
  19:Libraries/CMSIS/Include/cmsis_gcc.h ****  * distributed under the License is distributed on an AS IS BASIS, WITHOUT
  20:Libraries/CMSIS/Include/cmsis_gcc.h ****  * WARRANTIES OR CONDITIONS OF ANY KIND, either express or implied.
  21:Libraries/CMSIS/Include/cmsis_gcc.h ****  * See the License for the specific language governing permissions and
  22:Libraries/CMSIS/Include/cmsis_gcc.h ****  * limitations under the License.
  23:Libraries/CMSIS/Include/cmsis_gcc.h ****  */
  24:Libraries/CMSIS/Include/cmsis_gcc.h **** 
  25:Libraries/CMSIS/Include/cmsis_gcc.h **** #ifndef __CMSIS_GCC_H
  26:Libraries/CMSIS/Include/cmsis_gcc.h **** #define __CMSIS_GCC_H
  27:Libraries/CMSIS/Include/cmsis_gcc.h **** 
  28:Libraries/CMSIS/Include/cmsis_gcc.h **** /* ignore some GCC warnings */
  29:Libraries/CMSIS/Include/cmsis_gcc.h **** #pragma GCC diagnostic push
  30:Libraries/CMSIS/Include/cmsis_gcc.h **** #pragma GCC diagnostic ignored "-Wsign-conversion"
ARM GAS  C:\Users\ADMIN\AppData\Local\Temp\ccHyiNi0.s 			page 18


  31:Libraries/CMSIS/Include/cmsis_gcc.h **** #pragma GCC diagnostic ignored "-Wconversion"
  32:Libraries/CMSIS/Include/cmsis_gcc.h **** #pragma GCC diagnostic ignored "-Wunused-parameter"
  33:Libraries/CMSIS/Include/cmsis_gcc.h **** 
  34:Libraries/CMSIS/Include/cmsis_gcc.h **** /* Fallback for __has_builtin */
  35:Libraries/CMSIS/Include/cmsis_gcc.h **** #ifndef __has_builtin
  36:Libraries/CMSIS/Include/cmsis_gcc.h ****   #define __has_builtin(x) (0)
  37:Libraries/CMSIS/Include/cmsis_gcc.h **** #endif
  38:Libraries/CMSIS/Include/cmsis_gcc.h **** 
  39:Libraries/CMSIS/Include/cmsis_gcc.h **** /* CMSIS compiler specific defines */
  40:Libraries/CMSIS/Include/cmsis_gcc.h **** #ifndef   __ASM
  41:Libraries/CMSIS/Include/cmsis_gcc.h ****   #define __ASM                                  __asm
  42:Libraries/CMSIS/Include/cmsis_gcc.h **** #endif
  43:Libraries/CMSIS/Include/cmsis_gcc.h **** #ifndef   __INLINE
  44:Libraries/CMSIS/Include/cmsis_gcc.h ****   #define __INLINE                               inline
  45:Libraries/CMSIS/Include/cmsis_gcc.h **** #endif
  46:Libraries/CMSIS/Include/cmsis_gcc.h **** #ifndef   __STATIC_INLINE
  47:Libraries/CMSIS/Include/cmsis_gcc.h ****   #define __STATIC_INLINE                        static inline
  48:Libraries/CMSIS/Include/cmsis_gcc.h **** #endif
  49:Libraries/CMSIS/Include/cmsis_gcc.h **** #ifndef   __STATIC_FORCEINLINE                 
  50:Libraries/CMSIS/Include/cmsis_gcc.h ****   #define __STATIC_FORCEINLINE                   __attribute__((always_inline)) static inline
  51:Libraries/CMSIS/Include/cmsis_gcc.h **** #endif                                           
  52:Libraries/CMSIS/Include/cmsis_gcc.h **** #ifndef   __NO_RETURN
  53:Libraries/CMSIS/Include/cmsis_gcc.h ****   #define __NO_RETURN                            __attribute__((__noreturn__))
  54:Libraries/CMSIS/Include/cmsis_gcc.h **** #endif
  55:Libraries/CMSIS/Include/cmsis_gcc.h **** #ifndef   __USED
  56:Libraries/CMSIS/Include/cmsis_gcc.h ****   #define __USED                                 __attribute__((used))
  57:Libraries/CMSIS/Include/cmsis_gcc.h **** #endif
  58:Libraries/CMSIS/Include/cmsis_gcc.h **** #ifndef   __WEAK
  59:Libraries/CMSIS/Include/cmsis_gcc.h ****   #define __WEAK                                 __attribute__((weak))
  60:Libraries/CMSIS/Include/cmsis_gcc.h **** #endif
  61:Libraries/CMSIS/Include/cmsis_gcc.h **** #ifndef   __PACKED
  62:Libraries/CMSIS/Include/cmsis_gcc.h ****   #define __PACKED                               __attribute__((packed, aligned(1)))
  63:Libraries/CMSIS/Include/cmsis_gcc.h **** #endif
  64:Libraries/CMSIS/Include/cmsis_gcc.h **** #ifndef   __PACKED_STRUCT
  65:Libraries/CMSIS/Include/cmsis_gcc.h ****   #define __PACKED_STRUCT                        struct __attribute__((packed, aligned(1)))
  66:Libraries/CMSIS/Include/cmsis_gcc.h **** #endif
  67:Libraries/CMSIS/Include/cmsis_gcc.h **** #ifndef   __PACKED_UNION
  68:Libraries/CMSIS/Include/cmsis_gcc.h ****   #define __PACKED_UNION                         union __attribute__((packed, aligned(1)))
  69:Libraries/CMSIS/Include/cmsis_gcc.h **** #endif
  70:Libraries/CMSIS/Include/cmsis_gcc.h **** #ifndef   __UNALIGNED_UINT32        /* deprecated */
  71:Libraries/CMSIS/Include/cmsis_gcc.h ****   #pragma GCC diagnostic push
  72:Libraries/CMSIS/Include/cmsis_gcc.h ****   #pragma GCC diagnostic ignored "-Wpacked"
  73:Libraries/CMSIS/Include/cmsis_gcc.h ****   #pragma GCC diagnostic ignored "-Wattributes"
  74:Libraries/CMSIS/Include/cmsis_gcc.h ****   struct __attribute__((packed)) T_UINT32 { uint32_t v; };
  75:Libraries/CMSIS/Include/cmsis_gcc.h ****   #pragma GCC diagnostic pop
  76:Libraries/CMSIS/Include/cmsis_gcc.h ****   #define __UNALIGNED_UINT32(x)                  (((struct T_UINT32 *)(x))->v)
  77:Libraries/CMSIS/Include/cmsis_gcc.h **** #endif
  78:Libraries/CMSIS/Include/cmsis_gcc.h **** #ifndef   __UNALIGNED_UINT16_WRITE
  79:Libraries/CMSIS/Include/cmsis_gcc.h ****   #pragma GCC diagnostic push
  80:Libraries/CMSIS/Include/cmsis_gcc.h ****   #pragma GCC diagnostic ignored "-Wpacked"
  81:Libraries/CMSIS/Include/cmsis_gcc.h ****   #pragma GCC diagnostic ignored "-Wattributes"
  82:Libraries/CMSIS/Include/cmsis_gcc.h ****   __PACKED_STRUCT T_UINT16_WRITE { uint16_t v; };
  83:Libraries/CMSIS/Include/cmsis_gcc.h ****   #pragma GCC diagnostic pop
  84:Libraries/CMSIS/Include/cmsis_gcc.h ****   #define __UNALIGNED_UINT16_WRITE(addr, val)    (void)((((struct T_UINT16_WRITE *)(void *)(addr))-
  85:Libraries/CMSIS/Include/cmsis_gcc.h **** #endif
  86:Libraries/CMSIS/Include/cmsis_gcc.h **** #ifndef   __UNALIGNED_UINT16_READ
  87:Libraries/CMSIS/Include/cmsis_gcc.h ****   #pragma GCC diagnostic push
ARM GAS  C:\Users\ADMIN\AppData\Local\Temp\ccHyiNi0.s 			page 19


  88:Libraries/CMSIS/Include/cmsis_gcc.h ****   #pragma GCC diagnostic ignored "-Wpacked"
  89:Libraries/CMSIS/Include/cmsis_gcc.h ****   #pragma GCC diagnostic ignored "-Wattributes"
  90:Libraries/CMSIS/Include/cmsis_gcc.h ****   __PACKED_STRUCT T_UINT16_READ { uint16_t v; };
  91:Libraries/CMSIS/Include/cmsis_gcc.h ****   #pragma GCC diagnostic pop
  92:Libraries/CMSIS/Include/cmsis_gcc.h ****   #define __UNALIGNED_UINT16_READ(addr)          (((const struct T_UINT16_READ *)(const void *)(add
  93:Libraries/CMSIS/Include/cmsis_gcc.h **** #endif
  94:Libraries/CMSIS/Include/cmsis_gcc.h **** #ifndef   __UNALIGNED_UINT32_WRITE
  95:Libraries/CMSIS/Include/cmsis_gcc.h ****   #pragma GCC diagnostic push
  96:Libraries/CMSIS/Include/cmsis_gcc.h ****   #pragma GCC diagnostic ignored "-Wpacked"
  97:Libraries/CMSIS/Include/cmsis_gcc.h ****   #pragma GCC diagnostic ignored "-Wattributes"
  98:Libraries/CMSIS/Include/cmsis_gcc.h ****   __PACKED_STRUCT T_UINT32_WRITE { uint32_t v; };
  99:Libraries/CMSIS/Include/cmsis_gcc.h ****   #pragma GCC diagnostic pop
 100:Libraries/CMSIS/Include/cmsis_gcc.h ****   #define __UNALIGNED_UINT32_WRITE(addr, val)    (void)((((struct T_UINT32_WRITE *)(void *)(addr))-
 101:Libraries/CMSIS/Include/cmsis_gcc.h **** #endif
 102:Libraries/CMSIS/Include/cmsis_gcc.h **** #ifndef   __UNALIGNED_UINT32_READ
 103:Libraries/CMSIS/Include/cmsis_gcc.h ****   #pragma GCC diagnostic push
 104:Libraries/CMSIS/Include/cmsis_gcc.h ****   #pragma GCC diagnostic ignored "-Wpacked"
 105:Libraries/CMSIS/Include/cmsis_gcc.h ****   #pragma GCC diagnostic ignored "-Wattributes"
 106:Libraries/CMSIS/Include/cmsis_gcc.h ****   __PACKED_STRUCT T_UINT32_READ { uint32_t v; };
 107:Libraries/CMSIS/Include/cmsis_gcc.h ****   #pragma GCC diagnostic pop
 108:Libraries/CMSIS/Include/cmsis_gcc.h ****   #define __UNALIGNED_UINT32_READ(addr)          (((const struct T_UINT32_READ *)(const void *)(add
 109:Libraries/CMSIS/Include/cmsis_gcc.h **** #endif
 110:Libraries/CMSIS/Include/cmsis_gcc.h **** #ifndef   __ALIGNED
 111:Libraries/CMSIS/Include/cmsis_gcc.h ****   #define __ALIGNED(x)                           __attribute__((aligned(x)))
 112:Libraries/CMSIS/Include/cmsis_gcc.h **** #endif
 113:Libraries/CMSIS/Include/cmsis_gcc.h **** #ifndef   __RESTRICT
 114:Libraries/CMSIS/Include/cmsis_gcc.h ****   #define __RESTRICT                             __restrict
 115:Libraries/CMSIS/Include/cmsis_gcc.h **** #endif
 116:Libraries/CMSIS/Include/cmsis_gcc.h **** 
 117:Libraries/CMSIS/Include/cmsis_gcc.h **** 
 118:Libraries/CMSIS/Include/cmsis_gcc.h **** /* ###########################  Core Function Access  ########################### */
 119:Libraries/CMSIS/Include/cmsis_gcc.h **** /** \ingroup  CMSIS_Core_FunctionInterface
 120:Libraries/CMSIS/Include/cmsis_gcc.h ****     \defgroup CMSIS_Core_RegAccFunctions CMSIS Core Register Access Functions
 121:Libraries/CMSIS/Include/cmsis_gcc.h ****   @{
 122:Libraries/CMSIS/Include/cmsis_gcc.h ****  */
 123:Libraries/CMSIS/Include/cmsis_gcc.h **** 
 124:Libraries/CMSIS/Include/cmsis_gcc.h **** /**
 125:Libraries/CMSIS/Include/cmsis_gcc.h ****   \brief   Enable IRQ Interrupts
 126:Libraries/CMSIS/Include/cmsis_gcc.h ****   \details Enables IRQ interrupts by clearing the I-bit in the CPSR.
 127:Libraries/CMSIS/Include/cmsis_gcc.h ****            Can only be executed in Privileged modes.
 128:Libraries/CMSIS/Include/cmsis_gcc.h ****  */
 129:Libraries/CMSIS/Include/cmsis_gcc.h **** __STATIC_FORCEINLINE void __enable_irq(void)
 130:Libraries/CMSIS/Include/cmsis_gcc.h **** {
 131:Libraries/CMSIS/Include/cmsis_gcc.h ****   __ASM volatile ("cpsie i" : : : "memory");
 132:Libraries/CMSIS/Include/cmsis_gcc.h **** }
 133:Libraries/CMSIS/Include/cmsis_gcc.h **** 
 134:Libraries/CMSIS/Include/cmsis_gcc.h **** 
 135:Libraries/CMSIS/Include/cmsis_gcc.h **** /**
 136:Libraries/CMSIS/Include/cmsis_gcc.h ****   \brief   Disable IRQ Interrupts
 137:Libraries/CMSIS/Include/cmsis_gcc.h ****   \details Disables IRQ interrupts by setting the I-bit in the CPSR.
 138:Libraries/CMSIS/Include/cmsis_gcc.h ****            Can only be executed in Privileged modes.
 139:Libraries/CMSIS/Include/cmsis_gcc.h ****  */
 140:Libraries/CMSIS/Include/cmsis_gcc.h **** __STATIC_FORCEINLINE void __disable_irq(void)
 398              		.loc 2 140 27 view .LVU145
 399              	.LBB15:
 141:Libraries/CMSIS/Include/cmsis_gcc.h **** {
 142:Libraries/CMSIS/Include/cmsis_gcc.h ****   __ASM volatile ("cpsid i" : : : "memory");
ARM GAS  C:\Users\ADMIN\AppData\Local\Temp\ccHyiNi0.s 			page 20


 400              		.loc 2 142 3 view .LVU146
 401              		.syntax unified
 402              	@ 142 "Libraries/CMSIS/Include/cmsis_gcc.h" 1
 403 004c 72B6     		cpsid i
 404              	@ 0 "" 2
 405              		.thumb
 406              		.syntax unified
 407              	.L39:
 408              	.LBE15:
 409              	.LBE14:
 300:FreeRTOS/portable/MemMang/heap_4.c **** 	return pvReturn;
 410              		.loc 1 300 2 discriminator 5 view .LVU147
 300:FreeRTOS/portable/MemMang/heap_4.c **** 	return pvReturn;
 411              		.loc 1 300 2 discriminator 5 view .LVU148
 300:FreeRTOS/portable/MemMang/heap_4.c **** 	return pvReturn;
 412              		.loc 1 300 2 discriminator 5 view .LVU149
 413 004e FEE7     		b	.L39
 414              	.LVL35:
 415              	.L44:
 279:FreeRTOS/portable/MemMang/heap_4.c **** 		}
 416              		.loc 1 279 28 view .LVU150
 282:FreeRTOS/portable/MemMang/heap_4.c **** 	}
 417              		.loc 1 282 39 view .LVU151
 284:FreeRTOS/portable/MemMang/heap_4.c **** 
 418              		.loc 1 284 2 view .LVU152
 284:FreeRTOS/portable/MemMang/heap_4.c **** 
 419              		.loc 1 284 11 is_stmt 0 view .LVU153
 420 0050 FFF7FEFF 		bl	xTaskResumeAll
 421              	.LVL36:
 288:FreeRTOS/portable/MemMang/heap_4.c **** 		{
 422              		.loc 1 288 3 is_stmt 1 view .LVU154
 158:FreeRTOS/portable/MemMang/heap_4.c **** 
 423              		.loc 1 158 7 is_stmt 0 view .LVU155
 424 0054 0026     		movs	r6, #0
 425 0056 F4E7     		b	.L26
 426              	.L45:
 279:FreeRTOS/portable/MemMang/heap_4.c **** 		}
 427              		.loc 1 279 28 is_stmt 1 view .LVU156
 282:FreeRTOS/portable/MemMang/heap_4.c **** 	}
 428              		.loc 1 282 39 view .LVU157
 284:FreeRTOS/portable/MemMang/heap_4.c **** 
 429              		.loc 1 284 2 view .LVU158
 284:FreeRTOS/portable/MemMang/heap_4.c **** 
 430              		.loc 1 284 11 is_stmt 0 view .LVU159
 431 0058 FFF7FEFF 		bl	xTaskResumeAll
 432              	.LVL37:
 288:FreeRTOS/portable/MemMang/heap_4.c **** 		{
 433              		.loc 1 288 3 is_stmt 1 view .LVU160
 158:FreeRTOS/portable/MemMang/heap_4.c **** 
 434              		.loc 1 158 7 is_stmt 0 view .LVU161
 435 005c 0026     		movs	r6, #0
 436 005e F0E7     		b	.L26
 437              	.LVL38:
 438              	.L40:
 211:FreeRTOS/portable/MemMang/heap_4.c **** 					pxBlock = pxBlock->pxNextFreeBlock;
 439              		.loc 1 211 22 view .LVU162
 440 0060 2246     		mov	r2, r4
ARM GAS  C:\Users\ADMIN\AppData\Local\Temp\ccHyiNi0.s 			page 21


 441              	.LVL39:
 212:FreeRTOS/portable/MemMang/heap_4.c **** 				}
 442              		.loc 1 212 14 view .LVU163
 443 0062 1C46     		mov	r4, r3
 444              	.LVL40:
 445              	.L31:
 209:FreeRTOS/portable/MemMang/heap_4.c **** 				{
 446              		.loc 1 209 10 is_stmt 1 view .LVU164
 209:FreeRTOS/portable/MemMang/heap_4.c **** 				{
 447              		.loc 1 209 21 is_stmt 0 view .LVU165
 448 0064 6368     		ldr	r3, [r4, #4]
 209:FreeRTOS/portable/MemMang/heap_4.c **** 				{
 449              		.loc 1 209 10 view .LVU166
 450 0066 AB42     		cmp	r3, r5
 451 0068 02D2     		bcs	.L30
 209:FreeRTOS/portable/MemMang/heap_4.c **** 				{
 452              		.loc 1 209 62 discriminator 1 view .LVU167
 453 006a 2368     		ldr	r3, [r4]
 209:FreeRTOS/portable/MemMang/heap_4.c **** 				{
 454              		.loc 1 209 50 discriminator 1 view .LVU168
 455 006c 002B     		cmp	r3, #0
 456 006e F7D1     		bne	.L40
 457              	.L30:
 217:FreeRTOS/portable/MemMang/heap_4.c **** 				{
 458              		.loc 1 217 5 is_stmt 1 view .LVU169
 217:FreeRTOS/portable/MemMang/heap_4.c **** 				{
 459              		.loc 1 217 17 is_stmt 0 view .LVU170
 460 0070 184B     		ldr	r3, .L47
 461 0072 1B68     		ldr	r3, [r3]
 217:FreeRTOS/portable/MemMang/heap_4.c **** 				{
 462              		.loc 1 217 7 view .LVU171
 463 0074 A342     		cmp	r3, r4
 464 0076 0DD0     		beq	.L46
 221:FreeRTOS/portable/MemMang/heap_4.c **** 
 465              		.loc 1 221 6 is_stmt 1 view .LVU172
 221:FreeRTOS/portable/MemMang/heap_4.c **** 
 466              		.loc 1 221 61 is_stmt 0 view .LVU173
 467 0078 1668     		ldr	r6, [r2]
 221:FreeRTOS/portable/MemMang/heap_4.c **** 
 468              		.loc 1 221 15 view .LVU174
 469 007a 0836     		adds	r6, r6, #8
 470              	.LVL41:
 225:FreeRTOS/portable/MemMang/heap_4.c **** 
 471              		.loc 1 225 6 is_stmt 1 view .LVU175
 225:FreeRTOS/portable/MemMang/heap_4.c **** 
 472              		.loc 1 225 48 is_stmt 0 view .LVU176
 473 007c 2368     		ldr	r3, [r4]
 225:FreeRTOS/portable/MemMang/heap_4.c **** 
 474              		.loc 1 225 39 view .LVU177
 475 007e 1360     		str	r3, [r2]
 229:FreeRTOS/portable/MemMang/heap_4.c **** 					{
 476              		.loc 1 229 6 is_stmt 1 view .LVU178
 229:FreeRTOS/portable/MemMang/heap_4.c **** 					{
 477              		.loc 1 229 19 is_stmt 0 view .LVU179
 478 0080 6368     		ldr	r3, [r4, #4]
 229:FreeRTOS/portable/MemMang/heap_4.c **** 					{
 479              		.loc 1 229 32 view .LVU180
ARM GAS  C:\Users\ADMIN\AppData\Local\Temp\ccHyiNi0.s 			page 22


 480 0082 5B1B     		subs	r3, r3, r5
 229:FreeRTOS/portable/MemMang/heap_4.c **** 					{
 481              		.loc 1 229 8 view .LVU181
 482 0084 102B     		cmp	r3, #16
 483 0086 0DD9     		bls	.L33
 235:FreeRTOS/portable/MemMang/heap_4.c **** 						configASSERT( ( ( ( size_t ) pxNewBlockLink ) & portBYTE_ALIGNMENT_MASK ) == 0 );
 484              		.loc 1 235 7 is_stmt 1 view .LVU182
 235:FreeRTOS/portable/MemMang/heap_4.c **** 						configASSERT( ( ( ( size_t ) pxNewBlockLink ) & portBYTE_ALIGNMENT_MASK ) == 0 );
 485              		.loc 1 235 22 is_stmt 0 view .LVU183
 486 0088 6019     		adds	r0, r4, r5
 487              	.LVL42:
 236:FreeRTOS/portable/MemMang/heap_4.c **** 
 488              		.loc 1 236 7 is_stmt 1 view .LVU184
 489 008a 10F0070F 		tst	r0, #7
 490 008e 05D0     		beq	.L34
 236:FreeRTOS/portable/MemMang/heap_4.c **** 
 491              		.loc 1 236 7 view .LVU185
 492              	.LBB16:
 493              	.LBI16:
 140:Libraries/CMSIS/Include/cmsis_gcc.h **** {
 494              		.loc 2 140 27 view .LVU186
 495              	.LBB17:
 496              		.loc 2 142 3 view .LVU187
 497              		.syntax unified
 498              	@ 142 "Libraries/CMSIS/Include/cmsis_gcc.h" 1
 499 0090 72B6     		cpsid i
 500              	@ 0 "" 2
 501              		.thumb
 502              		.syntax unified
 503              	.L35:
 504              	.LBE17:
 505              	.LBE16:
 236:FreeRTOS/portable/MemMang/heap_4.c **** 
 506              		.loc 1 236 7 discriminator 3 view .LVU188
 236:FreeRTOS/portable/MemMang/heap_4.c **** 
 507              		.loc 1 236 7 discriminator 3 view .LVU189
 236:FreeRTOS/portable/MemMang/heap_4.c **** 
 508              		.loc 1 236 7 discriminator 3 view .LVU190
 509 0092 FEE7     		b	.L35
 510              	.LVL43:
 511              	.L46:
 279:FreeRTOS/portable/MemMang/heap_4.c **** 		}
 512              		.loc 1 279 28 view .LVU191
 282:FreeRTOS/portable/MemMang/heap_4.c **** 	}
 513              		.loc 1 282 39 view .LVU192
 284:FreeRTOS/portable/MemMang/heap_4.c **** 
 514              		.loc 1 284 2 view .LVU193
 284:FreeRTOS/portable/MemMang/heap_4.c **** 
 515              		.loc 1 284 11 is_stmt 0 view .LVU194
 516 0094 FFF7FEFF 		bl	xTaskResumeAll
 517              	.LVL44:
 288:FreeRTOS/portable/MemMang/heap_4.c **** 		{
 518              		.loc 1 288 3 is_stmt 1 view .LVU195
 158:FreeRTOS/portable/MemMang/heap_4.c **** 
 519              		.loc 1 158 7 is_stmt 0 view .LVU196
 520 0098 0026     		movs	r6, #0
 521 009a D2E7     		b	.L26
ARM GAS  C:\Users\ADMIN\AppData\Local\Temp\ccHyiNi0.s 			page 23


 522              	.LVL45:
 523              	.L34:
 236:FreeRTOS/portable/MemMang/heap_4.c **** 
 524              		.loc 1 236 87 is_stmt 1 discriminator 2 view .LVU197
 240:FreeRTOS/portable/MemMang/heap_4.c **** 						pxBlock->xBlockSize = xWantedSize;
 525              		.loc 1 240 7 discriminator 2 view .LVU198
 240:FreeRTOS/portable/MemMang/heap_4.c **** 						pxBlock->xBlockSize = xWantedSize;
 526              		.loc 1 240 34 is_stmt 0 discriminator 2 view .LVU199
 527 009c 4360     		str	r3, [r0, #4]
 241:FreeRTOS/portable/MemMang/heap_4.c **** 
 528              		.loc 1 241 7 is_stmt 1 discriminator 2 view .LVU200
 241:FreeRTOS/portable/MemMang/heap_4.c **** 
 529              		.loc 1 241 27 is_stmt 0 discriminator 2 view .LVU201
 530 009e 6560     		str	r5, [r4, #4]
 244:FreeRTOS/portable/MemMang/heap_4.c **** 					}
 531              		.loc 1 244 7 is_stmt 1 discriminator 2 view .LVU202
 532 00a0 FFF7FEFF 		bl	prvInsertBlockIntoFreeList
 533              	.LVL46:
 534              	.L33:
 248:FreeRTOS/portable/MemMang/heap_4.c **** 					}
 535              		.loc 1 248 31 view .LVU203
 251:FreeRTOS/portable/MemMang/heap_4.c **** 
 536              		.loc 1 251 6 view .LVU204
 251:FreeRTOS/portable/MemMang/heap_4.c **** 
 537              		.loc 1 251 36 is_stmt 0 view .LVU205
 538 00a4 6268     		ldr	r2, [r4, #4]
 251:FreeRTOS/portable/MemMang/heap_4.c **** 
 539              		.loc 1 251 26 view .LVU206
 540 00a6 0D49     		ldr	r1, .L47+8
 541 00a8 0B68     		ldr	r3, [r1]
 542 00aa 9B1A     		subs	r3, r3, r2
 543 00ac 0B60     		str	r3, [r1]
 253:FreeRTOS/portable/MemMang/heap_4.c **** 					{
 544              		.loc 1 253 6 is_stmt 1 view .LVU207
 253:FreeRTOS/portable/MemMang/heap_4.c **** 					{
 545              		.loc 1 253 30 is_stmt 0 view .LVU208
 546 00ae 0D49     		ldr	r1, .L47+16
 547 00b0 0968     		ldr	r1, [r1]
 253:FreeRTOS/portable/MemMang/heap_4.c **** 					{
 548              		.loc 1 253 8 view .LVU209
 549 00b2 8B42     		cmp	r3, r1
 550 00b4 01D2     		bcs	.L36
 255:FreeRTOS/portable/MemMang/heap_4.c **** 					}
 551              		.loc 1 255 7 is_stmt 1 view .LVU210
 255:FreeRTOS/portable/MemMang/heap_4.c **** 					}
 552              		.loc 1 255 38 is_stmt 0 view .LVU211
 553 00b6 0B49     		ldr	r1, .L47+16
 554 00b8 0B60     		str	r3, [r1]
 555              	.L36:
 259:FreeRTOS/portable/MemMang/heap_4.c **** 					}
 556              		.loc 1 259 31 is_stmt 1 view .LVU212
 264:FreeRTOS/portable/MemMang/heap_4.c **** 					pxBlock->pxNextFreeBlock = NULL;
 557              		.loc 1 264 6 view .LVU213
 264:FreeRTOS/portable/MemMang/heap_4.c **** 					pxBlock->pxNextFreeBlock = NULL;
 558              		.loc 1 264 26 is_stmt 0 view .LVU214
 559 00ba 074B     		ldr	r3, .L47+4
 560 00bc 1B68     		ldr	r3, [r3]
ARM GAS  C:\Users\ADMIN\AppData\Local\Temp\ccHyiNi0.s 			page 24


 561 00be 1343     		orrs	r3, r3, r2
 562 00c0 6360     		str	r3, [r4, #4]
 265:FreeRTOS/portable/MemMang/heap_4.c **** 				}
 563              		.loc 1 265 6 is_stmt 1 view .LVU215
 265:FreeRTOS/portable/MemMang/heap_4.c **** 				}
 564              		.loc 1 265 31 is_stmt 0 view .LVU216
 565 00c2 0023     		movs	r3, #0
 566 00c4 2360     		str	r3, [r4]
 279:FreeRTOS/portable/MemMang/heap_4.c **** 		}
 567              		.loc 1 279 28 is_stmt 1 view .LVU217
 282:FreeRTOS/portable/MemMang/heap_4.c **** 	}
 568              		.loc 1 282 39 view .LVU218
 284:FreeRTOS/portable/MemMang/heap_4.c **** 
 569              		.loc 1 284 2 view .LVU219
 284:FreeRTOS/portable/MemMang/heap_4.c **** 
 570              		.loc 1 284 11 is_stmt 0 view .LVU220
 571 00c6 FFF7FEFF 		bl	xTaskResumeAll
 572              	.LVL47:
 288:FreeRTOS/portable/MemMang/heap_4.c **** 		{
 573              		.loc 1 288 3 is_stmt 1 view .LVU221
 288:FreeRTOS/portable/MemMang/heap_4.c **** 		{
 574              		.loc 1 288 5 is_stmt 0 view .LVU222
 575 00ca 002E     		cmp	r6, #0
 576 00cc BBD1     		bne	.L37
 577 00ce B8E7     		b	.L26
 578              	.LVL48:
 579              	.L23:
 302:FreeRTOS/portable/MemMang/heap_4.c **** /*-----------------------------------------------------------*/
 580              		.loc 1 302 1 view .LVU223
 581 00d0 3046     		mov	r0, r6
 582 00d2 70BD     		pop	{r4, r5, r6, pc}
 583              	.LVL49:
 584              	.L48:
 302:FreeRTOS/portable/MemMang/heap_4.c **** /*-----------------------------------------------------------*/
 585              		.loc 1 302 1 view .LVU224
 586              		.align	2
 587              	.L47:
 588 00d4 00000000 		.word	.LANCHOR1
 589 00d8 00000000 		.word	.LANCHOR4
 590 00dc 00000000 		.word	.LANCHOR3
 591 00e0 00000000 		.word	.LANCHOR0
 592 00e4 00000000 		.word	.LANCHOR2
 593              		.cfi_endproc
 594              	.LFE70:
 596              		.section	.text.vPortFree,"ax",%progbits
 597              		.align	1
 598              		.global	vPortFree
 599              		.syntax unified
 600              		.thumb
 601              		.thumb_func
 603              	vPortFree:
 604              	.LVL50:
 605              	.LFB71:
 306:FreeRTOS/portable/MemMang/heap_4.c **** uint8_t *puc = ( uint8_t * ) pv;
 606              		.loc 1 306 1 is_stmt 1 view -0
 607              		.cfi_startproc
 608              		@ args = 0, pretend = 0, frame = 0
ARM GAS  C:\Users\ADMIN\AppData\Local\Temp\ccHyiNi0.s 			page 25


 609              		@ frame_needed = 0, uses_anonymous_args = 0
 307:FreeRTOS/portable/MemMang/heap_4.c **** BlockLink_t *pxLink;
 610              		.loc 1 307 1 view .LVU226
 308:FreeRTOS/portable/MemMang/heap_4.c **** 
 611              		.loc 1 308 1 view .LVU227
 310:FreeRTOS/portable/MemMang/heap_4.c **** 	{
 612              		.loc 1 310 2 view .LVU228
 310:FreeRTOS/portable/MemMang/heap_4.c **** 	{
 613              		.loc 1 310 4 is_stmt 0 view .LVU229
 614 0000 10B3     		cbz	r0, .L56
 306:FreeRTOS/portable/MemMang/heap_4.c **** uint8_t *puc = ( uint8_t * ) pv;
 615              		.loc 1 306 1 view .LVU230
 616 0002 38B5     		push	{r3, r4, r5, lr}
 617              	.LCFI5:
 618              		.cfi_def_cfa_offset 16
 619              		.cfi_offset 3, -16
 620              		.cfi_offset 4, -12
 621              		.cfi_offset 5, -8
 622              		.cfi_offset 14, -4
 623 0004 0446     		mov	r4, r0
 314:FreeRTOS/portable/MemMang/heap_4.c **** 
 624              		.loc 1 314 3 is_stmt 1 view .LVU231
 314:FreeRTOS/portable/MemMang/heap_4.c **** 
 625              		.loc 1 314 7 is_stmt 0 view .LVU232
 626 0006 A0F10805 		sub	r5, r0, #8
 627              	.LVL51:
 317:FreeRTOS/portable/MemMang/heap_4.c **** 
 628              		.loc 1 317 3 is_stmt 1 view .LVU233
 320:FreeRTOS/portable/MemMang/heap_4.c **** 		configASSERT( pxLink->pxNextFreeBlock == NULL );
 629              		.loc 1 320 3 view .LVU234
 630 000a 50F8043C 		ldr	r3, [r0, #-4]
 631 000e 0F4A     		ldr	r2, .L59
 632 0010 1268     		ldr	r2, [r2]
 633 0012 1342     		tst	r3, r2
 634 0014 01D1     		bne	.L51
 320:FreeRTOS/portable/MemMang/heap_4.c **** 		configASSERT( pxLink->pxNextFreeBlock == NULL );
 635              		.loc 1 320 3 view .LVU235
 636              	.LBB18:
 637              	.LBI18:
 140:Libraries/CMSIS/Include/cmsis_gcc.h **** {
 638              		.loc 2 140 27 view .LVU236
 639              	.LBB19:
 640              		.loc 2 142 3 view .LVU237
 641              		.syntax unified
 642              	@ 142 "Libraries/CMSIS/Include/cmsis_gcc.h" 1
 643 0016 72B6     		cpsid i
 644              	@ 0 "" 2
 645              		.thumb
 646              		.syntax unified
 647              	.L52:
 648              	.LBE19:
 649              	.LBE18:
 320:FreeRTOS/portable/MemMang/heap_4.c **** 		configASSERT( pxLink->pxNextFreeBlock == NULL );
 650              		.loc 1 320 3 discriminator 1 view .LVU238
 320:FreeRTOS/portable/MemMang/heap_4.c **** 		configASSERT( pxLink->pxNextFreeBlock == NULL );
 651              		.loc 1 320 3 discriminator 1 view .LVU239
 320:FreeRTOS/portable/MemMang/heap_4.c **** 		configASSERT( pxLink->pxNextFreeBlock == NULL );
ARM GAS  C:\Users\ADMIN\AppData\Local\Temp\ccHyiNi0.s 			page 26


 652              		.loc 1 320 3 discriminator 1 view .LVU240
 653 0018 FEE7     		b	.L52
 654              	.L51:
 320:FreeRTOS/portable/MemMang/heap_4.c **** 		configASSERT( pxLink->pxNextFreeBlock == NULL );
 655              		.loc 1 320 67 discriminator 2 view .LVU241
 321:FreeRTOS/portable/MemMang/heap_4.c **** 
 656              		.loc 1 321 3 discriminator 2 view .LVU242
 657 001a 50F8081C 		ldr	r1, [r0, #-8]
 658 001e 09B1     		cbz	r1, .L53
 321:FreeRTOS/portable/MemMang/heap_4.c **** 
 659              		.loc 1 321 3 view .LVU243
 660              	.LBB20:
 661              	.LBI20:
 140:Libraries/CMSIS/Include/cmsis_gcc.h **** {
 662              		.loc 2 140 27 view .LVU244
 663              	.LBB21:
 664              		.loc 2 142 3 view .LVU245
 665              		.syntax unified
 666              	@ 142 "Libraries/CMSIS/Include/cmsis_gcc.h" 1
 667 0020 72B6     		cpsid i
 668              	@ 0 "" 2
 669              		.thumb
 670              		.syntax unified
 671              	.L54:
 672              	.LBE21:
 673              	.LBE20:
 321:FreeRTOS/portable/MemMang/heap_4.c **** 
 674              		.loc 1 321 3 discriminator 2 view .LVU246
 321:FreeRTOS/portable/MemMang/heap_4.c **** 
 675              		.loc 1 321 3 discriminator 2 view .LVU247
 321:FreeRTOS/portable/MemMang/heap_4.c **** 
 676              		.loc 1 321 3 discriminator 2 view .LVU248
 677 0022 FEE7     		b	.L54
 678              	.L53:
 321:FreeRTOS/portable/MemMang/heap_4.c **** 
 679              		.loc 1 321 50 view .LVU249
 323:FreeRTOS/portable/MemMang/heap_4.c **** 		{
 680              		.loc 1 323 3 view .LVU250
 325:FreeRTOS/portable/MemMang/heap_4.c **** 			{
 681              		.loc 1 325 4 view .LVU251
 329:FreeRTOS/portable/MemMang/heap_4.c **** 
 682              		.loc 1 329 5 view .LVU252
 329:FreeRTOS/portable/MemMang/heap_4.c **** 
 683              		.loc 1 329 24 is_stmt 0 view .LVU253
 684 0024 23EA0203 		bic	r3, r3, r2
 685 0028 40F8043C 		str	r3, [r0, #-4]
 331:FreeRTOS/portable/MemMang/heap_4.c **** 				{
 686              		.loc 1 331 5 is_stmt 1 view .LVU254
 687 002c FFF7FEFF 		bl	vTaskSuspendAll
 688              	.LVL52:
 334:FreeRTOS/portable/MemMang/heap_4.c **** 					traceFREE( pv, pxLink->xBlockSize );
 689              		.loc 1 334 6 view .LVU255
 334:FreeRTOS/portable/MemMang/heap_4.c **** 					traceFREE( pv, pxLink->xBlockSize );
 690              		.loc 1 334 35 is_stmt 0 view .LVU256
 691 0030 54F8041C 		ldr	r1, [r4, #-4]
 334:FreeRTOS/portable/MemMang/heap_4.c **** 					traceFREE( pv, pxLink->xBlockSize );
 692              		.loc 1 334 26 view .LVU257
ARM GAS  C:\Users\ADMIN\AppData\Local\Temp\ccHyiNi0.s 			page 27


 693 0034 064A     		ldr	r2, .L59+4
 694 0036 1368     		ldr	r3, [r2]
 695 0038 0B44     		add	r3, r3, r1
 696 003a 1360     		str	r3, [r2]
 335:FreeRTOS/portable/MemMang/heap_4.c **** 					prvInsertBlockIntoFreeList( ( ( BlockLink_t * ) pxLink ) );
 697              		.loc 1 335 41 is_stmt 1 view .LVU258
 336:FreeRTOS/portable/MemMang/heap_4.c **** 				}
 698              		.loc 1 336 6 view .LVU259
 699 003c 2846     		mov	r0, r5
 700 003e FFF7FEFF 		bl	prvInsertBlockIntoFreeList
 701              	.LVL53:
 338:FreeRTOS/portable/MemMang/heap_4.c **** 			}
 702              		.loc 1 338 5 view .LVU260
 338:FreeRTOS/portable/MemMang/heap_4.c **** 			}
 703              		.loc 1 338 14 is_stmt 0 view .LVU261
 704 0042 FFF7FEFF 		bl	xTaskResumeAll
 705              	.LVL54:
 347:FreeRTOS/portable/MemMang/heap_4.c **** 		}
 706              		.loc 1 347 28 is_stmt 1 view .LVU262
 350:FreeRTOS/portable/MemMang/heap_4.c **** /*-----------------------------------------------------------*/
 707              		.loc 1 350 1 is_stmt 0 view .LVU263
 708 0046 38BD     		pop	{r3, r4, r5, pc}
 709              	.LVL55:
 710              	.L56:
 711              	.LCFI6:
 712              		.cfi_def_cfa_offset 0
 713              		.cfi_restore 3
 714              		.cfi_restore 4
 715              		.cfi_restore 5
 716              		.cfi_restore 14
 350:FreeRTOS/portable/MemMang/heap_4.c **** /*-----------------------------------------------------------*/
 717              		.loc 1 350 1 view .LVU264
 718 0048 7047     		bx	lr
 719              	.L60:
 720 004a 00BF     		.align	2
 721              	.L59:
 722 004c 00000000 		.word	.LANCHOR4
 723 0050 00000000 		.word	.LANCHOR3
 724              		.cfi_endproc
 725              	.LFE71:
 727              		.section	.text.xPortGetFreeHeapSize,"ax",%progbits
 728              		.align	1
 729              		.global	xPortGetFreeHeapSize
 730              		.syntax unified
 731              		.thumb
 732              		.thumb_func
 734              	xPortGetFreeHeapSize:
 735              	.LFB72:
 354:FreeRTOS/portable/MemMang/heap_4.c **** 	return xFreeBytesRemaining;
 736              		.loc 1 354 1 is_stmt 1 view -0
 737              		.cfi_startproc
 738              		@ args = 0, pretend = 0, frame = 0
 739              		@ frame_needed = 0, uses_anonymous_args = 0
 740              		@ link register save eliminated.
 355:FreeRTOS/portable/MemMang/heap_4.c **** }
 741              		.loc 1 355 2 view .LVU266
 356:FreeRTOS/portable/MemMang/heap_4.c **** /*-----------------------------------------------------------*/
ARM GAS  C:\Users\ADMIN\AppData\Local\Temp\ccHyiNi0.s 			page 28


 742              		.loc 1 356 1 is_stmt 0 view .LVU267
 743 0000 014B     		ldr	r3, .L62
 744 0002 1868     		ldr	r0, [r3]
 745 0004 7047     		bx	lr
 746              	.L63:
 747 0006 00BF     		.align	2
 748              	.L62:
 749 0008 00000000 		.word	.LANCHOR3
 750              		.cfi_endproc
 751              	.LFE72:
 753              		.section	.text.xPortGetMinimumEverFreeHeapSize,"ax",%progbits
 754              		.align	1
 755              		.global	xPortGetMinimumEverFreeHeapSize
 756              		.syntax unified
 757              		.thumb
 758              		.thumb_func
 760              	xPortGetMinimumEverFreeHeapSize:
 761              	.LFB73:
 360:FreeRTOS/portable/MemMang/heap_4.c **** 	return xMinimumEverFreeBytesRemaining;
 762              		.loc 1 360 1 is_stmt 1 view -0
 763              		.cfi_startproc
 764              		@ args = 0, pretend = 0, frame = 0
 765              		@ frame_needed = 0, uses_anonymous_args = 0
 766              		@ link register save eliminated.
 361:FreeRTOS/portable/MemMang/heap_4.c **** }
 767              		.loc 1 361 2 view .LVU269
 362:FreeRTOS/portable/MemMang/heap_4.c **** /*-----------------------------------------------------------*/
 768              		.loc 1 362 1 is_stmt 0 view .LVU270
 769 0000 014B     		ldr	r3, .L65
 770 0002 1868     		ldr	r0, [r3]
 771 0004 7047     		bx	lr
 772              	.L66:
 773 0006 00BF     		.align	2
 774              	.L65:
 775 0008 00000000 		.word	.LANCHOR2
 776              		.cfi_endproc
 777              	.LFE73:
 779              		.section	.text.vPortInitialiseBlocks,"ax",%progbits
 780              		.align	1
 781              		.global	vPortInitialiseBlocks
 782              		.syntax unified
 783              		.thumb
 784              		.thumb_func
 786              	vPortInitialiseBlocks:
 787              	.LFB74:
 366:FreeRTOS/portable/MemMang/heap_4.c **** 	/* This just exists to keep the linker quiet. */
 788              		.loc 1 366 1 is_stmt 1 view -0
 789              		.cfi_startproc
 790              		@ args = 0, pretend = 0, frame = 0
 791              		@ frame_needed = 0, uses_anonymous_args = 0
 792              		@ link register save eliminated.
 368:FreeRTOS/portable/MemMang/heap_4.c **** /*-----------------------------------------------------------*/
 793              		.loc 1 368 1 view .LVU272
 794 0000 7047     		bx	lr
 795              		.cfi_endproc
 796              	.LFE74:
 798              		.section	.bss.pxEnd,"aw",%nobits
ARM GAS  C:\Users\ADMIN\AppData\Local\Temp\ccHyiNi0.s 			page 29


 799              		.align	2
 800              		.set	.LANCHOR1,. + 0
 803              	pxEnd:
 804 0000 00000000 		.space	4
 805              		.section	.bss.ucHeap,"aw",%nobits
 806              		.align	2
 809              	ucHeap:
 810 0000 00000000 		.space	10240
 810      00000000 
 810      00000000 
 810      00000000 
 810      00000000 
 811              		.section	.bss.xBlockAllocatedBit,"aw",%nobits
 812              		.align	2
 813              		.set	.LANCHOR4,. + 0
 816              	xBlockAllocatedBit:
 817 0000 00000000 		.space	4
 818              		.section	.bss.xFreeBytesRemaining,"aw",%nobits
 819              		.align	2
 820              		.set	.LANCHOR3,. + 0
 823              	xFreeBytesRemaining:
 824 0000 00000000 		.space	4
 825              		.section	.bss.xMinimumEverFreeBytesRemaining,"aw",%nobits
 826              		.align	2
 827              		.set	.LANCHOR2,. + 0
 830              	xMinimumEverFreeBytesRemaining:
 831 0000 00000000 		.space	4
 832              		.section	.bss.xStart,"aw",%nobits
 833              		.align	2
 834              		.set	.LANCHOR0,. + 0
 837              	xStart:
 838 0000 00000000 		.space	8
 838      00000000 
 839              		.text
 840              	.Letext0:
 841              		.file 3 "c:\\toolschain\\arm_cc\\lib\\gcc\\arm-none-eabi\\10.3.1\\include\\stddef.h"
 842              		.file 4 "c:\\toolschain\\arm_cc\\arm-none-eabi\\include\\machine\\_default_types.h"
 843              		.file 5 "c:\\toolschain\\arm_cc\\arm-none-eabi\\include\\sys\\_stdint.h"
 844              		.file 6 "FreeRTOS/include/task.h"
ARM GAS  C:\Users\ADMIN\AppData\Local\Temp\ccHyiNi0.s 			page 30


DEFINED SYMBOLS
                            *ABS*:00000000 heap_4.c
C:\Users\ADMIN\AppData\Local\Temp\ccHyiNi0.s:18     .text.prvHeapInit:00000000 $t
C:\Users\ADMIN\AppData\Local\Temp\ccHyiNi0.s:23     .text.prvHeapInit:00000000 prvHeapInit
C:\Users\ADMIN\AppData\Local\Temp\ccHyiNi0.s:129    .text.prvHeapInit:0000004c $d
C:\Users\ADMIN\AppData\Local\Temp\ccHyiNi0.s:809    .bss.ucHeap:00000000 ucHeap
C:\Users\ADMIN\AppData\Local\Temp\ccHyiNi0.s:139    .text.prvInsertBlockIntoFreeList:00000000 $t
C:\Users\ADMIN\AppData\Local\Temp\ccHyiNi0.s:144    .text.prvInsertBlockIntoFreeList:00000000 prvInsertBlockIntoFreeList
C:\Users\ADMIN\AppData\Local\Temp\ccHyiNi0.s:275    .text.prvInsertBlockIntoFreeList:00000058 $d
C:\Users\ADMIN\AppData\Local\Temp\ccHyiNi0.s:281    .text.pvPortMalloc:00000000 $t
C:\Users\ADMIN\AppData\Local\Temp\ccHyiNi0.s:287    .text.pvPortMalloc:00000000 pvPortMalloc
C:\Users\ADMIN\AppData\Local\Temp\ccHyiNi0.s:588    .text.pvPortMalloc:000000d4 $d
C:\Users\ADMIN\AppData\Local\Temp\ccHyiNi0.s:597    .text.vPortFree:00000000 $t
C:\Users\ADMIN\AppData\Local\Temp\ccHyiNi0.s:603    .text.vPortFree:00000000 vPortFree
C:\Users\ADMIN\AppData\Local\Temp\ccHyiNi0.s:722    .text.vPortFree:0000004c $d
C:\Users\ADMIN\AppData\Local\Temp\ccHyiNi0.s:728    .text.xPortGetFreeHeapSize:00000000 $t
C:\Users\ADMIN\AppData\Local\Temp\ccHyiNi0.s:734    .text.xPortGetFreeHeapSize:00000000 xPortGetFreeHeapSize
C:\Users\ADMIN\AppData\Local\Temp\ccHyiNi0.s:749    .text.xPortGetFreeHeapSize:00000008 $d
C:\Users\ADMIN\AppData\Local\Temp\ccHyiNi0.s:754    .text.xPortGetMinimumEverFreeHeapSize:00000000 $t
C:\Users\ADMIN\AppData\Local\Temp\ccHyiNi0.s:760    .text.xPortGetMinimumEverFreeHeapSize:00000000 xPortGetMinimumEverFreeHeapSize
C:\Users\ADMIN\AppData\Local\Temp\ccHyiNi0.s:775    .text.xPortGetMinimumEverFreeHeapSize:00000008 $d
C:\Users\ADMIN\AppData\Local\Temp\ccHyiNi0.s:780    .text.vPortInitialiseBlocks:00000000 $t
C:\Users\ADMIN\AppData\Local\Temp\ccHyiNi0.s:786    .text.vPortInitialiseBlocks:00000000 vPortInitialiseBlocks
C:\Users\ADMIN\AppData\Local\Temp\ccHyiNi0.s:799    .bss.pxEnd:00000000 $d
C:\Users\ADMIN\AppData\Local\Temp\ccHyiNi0.s:803    .bss.pxEnd:00000000 pxEnd
C:\Users\ADMIN\AppData\Local\Temp\ccHyiNi0.s:806    .bss.ucHeap:00000000 $d
C:\Users\ADMIN\AppData\Local\Temp\ccHyiNi0.s:812    .bss.xBlockAllocatedBit:00000000 $d
C:\Users\ADMIN\AppData\Local\Temp\ccHyiNi0.s:816    .bss.xBlockAllocatedBit:00000000 xBlockAllocatedBit
C:\Users\ADMIN\AppData\Local\Temp\ccHyiNi0.s:819    .bss.xFreeBytesRemaining:00000000 $d
C:\Users\ADMIN\AppData\Local\Temp\ccHyiNi0.s:823    .bss.xFreeBytesRemaining:00000000 xFreeBytesRemaining
C:\Users\ADMIN\AppData\Local\Temp\ccHyiNi0.s:826    .bss.xMinimumEverFreeBytesRemaining:00000000 $d
C:\Users\ADMIN\AppData\Local\Temp\ccHyiNi0.s:830    .bss.xMinimumEverFreeBytesRemaining:00000000 xMinimumEverFreeBytesRemaining
C:\Users\ADMIN\AppData\Local\Temp\ccHyiNi0.s:833    .bss.xStart:00000000 $d
C:\Users\ADMIN\AppData\Local\Temp\ccHyiNi0.s:837    .bss.xStart:00000000 xStart

UNDEFINED SYMBOLS
vTaskSuspendAll
xTaskResumeAll
vApplicationMallocFailedHook
