ARM GAS  C:\Users\ADMIN\AppData\Local\Temp\cctlb4vV.s 			page 1


   1              		.cpu cortex-m3
   2              		.arch armv7-m
   3              		.fpu softvfp
   4              		.eabi_attribute 20, 1
   5              		.eabi_attribute 21, 1
   6              		.eabi_attribute 23, 3
   7              		.eabi_attribute 24, 1
   8              		.eabi_attribute 25, 1
   9              		.eabi_attribute 26, 1
  10              		.eabi_attribute 30, 1
  11              		.eabi_attribute 34, 1
  12              		.eabi_attribute 18, 4
  13              		.file	"stm32f10x_it.c"
  14              		.text
  15              	.Ltext0:
  16              		.cfi_sections	.debug_frame
  17              		.section	.text.NMI_Handler,"ax",%progbits
  18              		.align	1
  19              		.global	NMI_Handler
  20              		.syntax unified
  21              		.thumb
  22              		.thumb_func
  24              	NMI_Handler:
  25              	.LFB70:
  26              		.file 1 "Src/stm32f10x_it.c"
   1:Src/stm32f10x_it.c **** /**
   2:Src/stm32f10x_it.c ****   ******************************************************************************
   3:Src/stm32f10x_it.c ****   * @file    Project/STM32F10x_StdPeriph_Template/stm32f10x_it.c 
   4:Src/stm32f10x_it.c ****   * @author  MCD Application Team
   5:Src/stm32f10x_it.c ****   * @version V3.5.0
   6:Src/stm32f10x_it.c ****   * @date    08-April-2011
   7:Src/stm32f10x_it.c ****   * @brief   Main Interrupt Service Routines.
   8:Src/stm32f10x_it.c ****   *          This file provides template for all exceptions handler and 
   9:Src/stm32f10x_it.c ****   *          peripherals interrupt service routine.
  10:Src/stm32f10x_it.c ****   ******************************************************************************
  11:Src/stm32f10x_it.c ****   * @attention
  12:Src/stm32f10x_it.c ****   *
  13:Src/stm32f10x_it.c ****   * THE PRESENT FIRMWARE WHICH IS FOR GUIDANCE ONLY AIMS AT PROVIDING CUSTOMERS
  14:Src/stm32f10x_it.c ****   * WITH CODING INFORMATION REGARDING THEIR PRODUCTS IN ORDER FOR THEM TO SAVE
  15:Src/stm32f10x_it.c ****   * TIME. AS A RESULT, STMICROELECTRONICS SHALL NOT BE HELD LIABLE FOR ANY
  16:Src/stm32f10x_it.c ****   * DIRECT, INDIRECT OR CONSEQUENTIAL DAMAGES WITH RESPECT TO ANY CLAIMS ARISING
  17:Src/stm32f10x_it.c ****   * FROM THE CONTENT OF SUCH FIRMWARE AND/OR THE USE MADE BY CUSTOMERS OF THE
  18:Src/stm32f10x_it.c ****   * CODING INFORMATION CONTAINED HEREIN IN CONNECTION WITH THEIR PRODUCTS.
  19:Src/stm32f10x_it.c ****   *
  20:Src/stm32f10x_it.c ****   * <h2><center>&copy; COPYRIGHT 2011 STMicroelectronics</center></h2>
  21:Src/stm32f10x_it.c ****   ******************************************************************************
  22:Src/stm32f10x_it.c ****   */
  23:Src/stm32f10x_it.c **** 
  24:Src/stm32f10x_it.c **** /* Includes ------------------------------------------------------------------*/
  25:Src/stm32f10x_it.c **** #include "stm32f10x_it.h"
  26:Src/stm32f10x_it.c **** #include "FreeRTOS.h"
  27:Src/stm32f10x_it.c **** 
  28:Src/stm32f10x_it.c **** /** @addtogroup STM32F10x_StdPeriph_Template
  29:Src/stm32f10x_it.c ****   * @{
  30:Src/stm32f10x_it.c ****   */
  31:Src/stm32f10x_it.c **** 
  32:Src/stm32f10x_it.c **** /* Private typedef -----------------------------------------------------------*/
ARM GAS  C:\Users\ADMIN\AppData\Local\Temp\cctlb4vV.s 			page 2


  33:Src/stm32f10x_it.c **** /* Private define ------------------------------------------------------------*/
  34:Src/stm32f10x_it.c **** /* Private macro -------------------------------------------------------------*/
  35:Src/stm32f10x_it.c **** /* Private variables ---------------------------------------------------------*/
  36:Src/stm32f10x_it.c **** /* Private function prototypes -----------------------------------------------*/
  37:Src/stm32f10x_it.c **** /* Private functions ---------------------------------------------------------*/
  38:Src/stm32f10x_it.c **** 
  39:Src/stm32f10x_it.c **** /******************************************************************************/
  40:Src/stm32f10x_it.c **** /*            Cortex-M3 Processor Exceptions Handlers                         */
  41:Src/stm32f10x_it.c **** /******************************************************************************/
  42:Src/stm32f10x_it.c **** 
  43:Src/stm32f10x_it.c **** /**
  44:Src/stm32f10x_it.c ****   * @brief  This function handles NMI exception.
  45:Src/stm32f10x_it.c ****   * @param  None
  46:Src/stm32f10x_it.c ****   * @retval None
  47:Src/stm32f10x_it.c ****   */
  48:Src/stm32f10x_it.c **** void NMI_Handler(void)
  49:Src/stm32f10x_it.c **** {
  27              		.loc 1 49 1 view -0
  28              		.cfi_startproc
  29              		@ args = 0, pretend = 0, frame = 0
  30              		@ frame_needed = 0, uses_anonymous_args = 0
  31              		@ link register save eliminated.
  50:Src/stm32f10x_it.c **** }
  32              		.loc 1 50 1 view .LVU1
  33 0000 7047     		bx	lr
  34              		.cfi_endproc
  35              	.LFE70:
  37              		.section	.text.HardFault_Handler,"ax",%progbits
  38              		.align	1
  39              		.global	HardFault_Handler
  40              		.syntax unified
  41              		.thumb
  42              		.thumb_func
  44              	HardFault_Handler:
  45              	.LFB71:
  51:Src/stm32f10x_it.c **** 
  52:Src/stm32f10x_it.c **** /**
  53:Src/stm32f10x_it.c ****   * @brief  This function handles Hard Fault exception.
  54:Src/stm32f10x_it.c ****   * @param  None
  55:Src/stm32f10x_it.c ****   * @retval None
  56:Src/stm32f10x_it.c ****   */
  57:Src/stm32f10x_it.c **** void HardFault_Handler(void)
  58:Src/stm32f10x_it.c **** {
  46              		.loc 1 58 1 view -0
  47              		.cfi_startproc
  48              		@ Volatile: function does not return.
  49              		@ args = 0, pretend = 0, frame = 0
  50              		@ frame_needed = 0, uses_anonymous_args = 0
  51              		@ link register save eliminated.
  52              	.L3:
  59:Src/stm32f10x_it.c ****   /* Go to infinite loop when Hard Fault exception occurs */
  60:Src/stm32f10x_it.c ****   while (1)
  53              		.loc 1 60 3 discriminator 1 view .LVU3
  61:Src/stm32f10x_it.c ****   {
  62:Src/stm32f10x_it.c ****   }
  54              		.loc 1 62 3 discriminator 1 view .LVU4
  60:Src/stm32f10x_it.c ****   {
ARM GAS  C:\Users\ADMIN\AppData\Local\Temp\cctlb4vV.s 			page 3


  55              		.loc 1 60 9 discriminator 1 view .LVU5
  56 0000 FEE7     		b	.L3
  57              		.cfi_endproc
  58              	.LFE71:
  60              		.section	.text.MemManage_Handler,"ax",%progbits
  61              		.align	1
  62              		.global	MemManage_Handler
  63              		.syntax unified
  64              		.thumb
  65              		.thumb_func
  67              	MemManage_Handler:
  68              	.LFB72:
  63:Src/stm32f10x_it.c **** }
  64:Src/stm32f10x_it.c **** 
  65:Src/stm32f10x_it.c **** /**
  66:Src/stm32f10x_it.c ****   * @brief  This function handles Memory Manage exception.
  67:Src/stm32f10x_it.c ****   * @param  None
  68:Src/stm32f10x_it.c ****   * @retval None
  69:Src/stm32f10x_it.c ****   */
  70:Src/stm32f10x_it.c **** void MemManage_Handler(void)
  71:Src/stm32f10x_it.c **** {
  69              		.loc 1 71 1 view -0
  70              		.cfi_startproc
  71              		@ Volatile: function does not return.
  72              		@ args = 0, pretend = 0, frame = 0
  73              		@ frame_needed = 0, uses_anonymous_args = 0
  74              		@ link register save eliminated.
  75              	.L5:
  72:Src/stm32f10x_it.c ****   /* Go to infinite loop when Memory Manage exception occurs */
  73:Src/stm32f10x_it.c ****   while (1)
  76              		.loc 1 73 3 discriminator 1 view .LVU7
  74:Src/stm32f10x_it.c ****   {
  75:Src/stm32f10x_it.c ****   }
  77              		.loc 1 75 3 discriminator 1 view .LVU8
  73:Src/stm32f10x_it.c ****   {
  78              		.loc 1 73 9 discriminator 1 view .LVU9
  79 0000 FEE7     		b	.L5
  80              		.cfi_endproc
  81              	.LFE72:
  83              		.section	.text.BusFault_Handler,"ax",%progbits
  84              		.align	1
  85              		.global	BusFault_Handler
  86              		.syntax unified
  87              		.thumb
  88              		.thumb_func
  90              	BusFault_Handler:
  91              	.LFB73:
  76:Src/stm32f10x_it.c **** }
  77:Src/stm32f10x_it.c **** 
  78:Src/stm32f10x_it.c **** /**
  79:Src/stm32f10x_it.c ****   * @brief  This function handles Bus Fault exception.
  80:Src/stm32f10x_it.c ****   * @param  None
  81:Src/stm32f10x_it.c ****   * @retval None
  82:Src/stm32f10x_it.c ****   */
  83:Src/stm32f10x_it.c **** void BusFault_Handler(void)
  84:Src/stm32f10x_it.c **** {
  92              		.loc 1 84 1 view -0
ARM GAS  C:\Users\ADMIN\AppData\Local\Temp\cctlb4vV.s 			page 4


  93              		.cfi_startproc
  94              		@ Volatile: function does not return.
  95              		@ args = 0, pretend = 0, frame = 0
  96              		@ frame_needed = 0, uses_anonymous_args = 0
  97              		@ link register save eliminated.
  98              	.L7:
  85:Src/stm32f10x_it.c ****   /* Go to infinite loop when Bus Fault exception occurs */
  86:Src/stm32f10x_it.c ****   while (1)
  99              		.loc 1 86 3 discriminator 1 view .LVU11
  87:Src/stm32f10x_it.c ****   {
  88:Src/stm32f10x_it.c ****   }
 100              		.loc 1 88 3 discriminator 1 view .LVU12
  86:Src/stm32f10x_it.c ****   {
 101              		.loc 1 86 9 discriminator 1 view .LVU13
 102 0000 FEE7     		b	.L7
 103              		.cfi_endproc
 104              	.LFE73:
 106              		.section	.text.UsageFault_Handler,"ax",%progbits
 107              		.align	1
 108              		.global	UsageFault_Handler
 109              		.syntax unified
 110              		.thumb
 111              		.thumb_func
 113              	UsageFault_Handler:
 114              	.LFB74:
  89:Src/stm32f10x_it.c **** }
  90:Src/stm32f10x_it.c **** 
  91:Src/stm32f10x_it.c **** /**
  92:Src/stm32f10x_it.c ****   * @brief  This function handles Usage Fault exception.
  93:Src/stm32f10x_it.c ****   * @param  None
  94:Src/stm32f10x_it.c ****   * @retval None
  95:Src/stm32f10x_it.c ****   */
  96:Src/stm32f10x_it.c **** void UsageFault_Handler(void)
  97:Src/stm32f10x_it.c **** {
 115              		.loc 1 97 1 view -0
 116              		.cfi_startproc
 117              		@ Volatile: function does not return.
 118              		@ args = 0, pretend = 0, frame = 0
 119              		@ frame_needed = 0, uses_anonymous_args = 0
 120              		@ link register save eliminated.
 121              	.L9:
  98:Src/stm32f10x_it.c ****   /* Go to infinite loop when Usage Fault exception occurs */
  99:Src/stm32f10x_it.c ****   while (1)
 122              		.loc 1 99 3 discriminator 1 view .LVU15
 100:Src/stm32f10x_it.c ****   {
 101:Src/stm32f10x_it.c ****   }
 123              		.loc 1 101 3 discriminator 1 view .LVU16
  99:Src/stm32f10x_it.c ****   {
 124              		.loc 1 99 9 discriminator 1 view .LVU17
 125 0000 FEE7     		b	.L9
 126              		.cfi_endproc
 127              	.LFE74:
 129              		.section	.text.DebugMon_Handler,"ax",%progbits
 130              		.align	1
 131              		.global	DebugMon_Handler
 132              		.syntax unified
 133              		.thumb
ARM GAS  C:\Users\ADMIN\AppData\Local\Temp\cctlb4vV.s 			page 5


 134              		.thumb_func
 136              	DebugMon_Handler:
 137              	.LFB75:
 102:Src/stm32f10x_it.c **** }
 103:Src/stm32f10x_it.c **** 
 104:Src/stm32f10x_it.c **** /**
 105:Src/stm32f10x_it.c ****   * @brief  This function handles SVCall exception.
 106:Src/stm32f10x_it.c ****   * @param  None
 107:Src/stm32f10x_it.c ****   * @retval None
 108:Src/stm32f10x_it.c ****   */
 109:Src/stm32f10x_it.c **** #ifndef vPortSVCHandler
 110:Src/stm32f10x_it.c **** void SVC_Handler(void)
 111:Src/stm32f10x_it.c **** {
 112:Src/stm32f10x_it.c **** }
 113:Src/stm32f10x_it.c **** #endif
 114:Src/stm32f10x_it.c **** 
 115:Src/stm32f10x_it.c **** /**
 116:Src/stm32f10x_it.c ****   * @brief  This function handles Debug Monitor exception.
 117:Src/stm32f10x_it.c ****   * @param  None
 118:Src/stm32f10x_it.c ****   * @retval None
 119:Src/stm32f10x_it.c ****   */
 120:Src/stm32f10x_it.c **** void DebugMon_Handler(void)
 121:Src/stm32f10x_it.c **** {
 138              		.loc 1 121 1 view -0
 139              		.cfi_startproc
 140              		@ args = 0, pretend = 0, frame = 0
 141              		@ frame_needed = 0, uses_anonymous_args = 0
 142              		@ link register save eliminated.
 122:Src/stm32f10x_it.c **** }
 143              		.loc 1 122 1 view .LVU19
 144 0000 7047     		bx	lr
 145              		.cfi_endproc
 146              	.LFE75:
 148              		.text
 149              	.Letext0:
ARM GAS  C:\Users\ADMIN\AppData\Local\Temp\cctlb4vV.s 			page 6


DEFINED SYMBOLS
                            *ABS*:00000000 stm32f10x_it.c
C:\Users\ADMIN\AppData\Local\Temp\cctlb4vV.s:18     .text.NMI_Handler:00000000 $t
C:\Users\ADMIN\AppData\Local\Temp\cctlb4vV.s:24     .text.NMI_Handler:00000000 NMI_Handler
C:\Users\ADMIN\AppData\Local\Temp\cctlb4vV.s:38     .text.HardFault_Handler:00000000 $t
C:\Users\ADMIN\AppData\Local\Temp\cctlb4vV.s:44     .text.HardFault_Handler:00000000 HardFault_Handler
C:\Users\ADMIN\AppData\Local\Temp\cctlb4vV.s:61     .text.MemManage_Handler:00000000 $t
C:\Users\ADMIN\AppData\Local\Temp\cctlb4vV.s:67     .text.MemManage_Handler:00000000 MemManage_Handler
C:\Users\ADMIN\AppData\Local\Temp\cctlb4vV.s:84     .text.BusFault_Handler:00000000 $t
C:\Users\ADMIN\AppData\Local\Temp\cctlb4vV.s:90     .text.BusFault_Handler:00000000 BusFault_Handler
C:\Users\ADMIN\AppData\Local\Temp\cctlb4vV.s:107    .text.UsageFault_Handler:00000000 $t
C:\Users\ADMIN\AppData\Local\Temp\cctlb4vV.s:113    .text.UsageFault_Handler:00000000 UsageFault_Handler
C:\Users\ADMIN\AppData\Local\Temp\cctlb4vV.s:130    .text.DebugMon_Handler:00000000 $t
C:\Users\ADMIN\AppData\Local\Temp\cctlb4vV.s:136    .text.DebugMon_Handler:00000000 DebugMon_Handler

NO UNDEFINED SYMBOLS
