ARM GAS  C:\Users\ADMIN\AppData\Local\Temp\ccly1zBU.s 			page 1


   1              		.cpu cortex-m3
   2              		.arch armv7-m
   3              		.fpu softvfp
   4              		.eabi_attribute 20, 1
   5              		.eabi_attribute 21, 1
   6              		.eabi_attribute 23, 3
   7              		.eabi_attribute 24, 1
   8              		.eabi_attribute 25, 1
   9              		.eabi_attribute 26, 1
  10              		.eabi_attribute 30, 1
  11              		.eabi_attribute 34, 1
  12              		.eabi_attribute 18, 4
  13              		.file	"stm32f10x_dbgmcu.c"
  14              		.text
  15              	.Ltext0:
  16              		.cfi_sections	.debug_frame
  17              		.section	.text.DBGMCU_GetREVID,"ax",%progbits
  18              		.align	1
  19              		.global	DBGMCU_GetREVID
  20              		.syntax unified
  21              		.thumb
  22              		.thumb_func
  24              	DBGMCU_GetREVID:
  25              	.LFB65:
  26              		.file 1 "Libraries/STM32F10x_StdPeriph_Driver/src/stm32f10x_dbgmcu.c"
   1:Libraries/STM32F10x_StdPeriph_Driver/src/stm32f10x_dbgmcu.c **** /**
   2:Libraries/STM32F10x_StdPeriph_Driver/src/stm32f10x_dbgmcu.c ****   ******************************************************************************
   3:Libraries/STM32F10x_StdPeriph_Driver/src/stm32f10x_dbgmcu.c ****   * @file    stm32f10x_dbgmcu.c
   4:Libraries/STM32F10x_StdPeriph_Driver/src/stm32f10x_dbgmcu.c ****   * @author  MCD Application Team
   5:Libraries/STM32F10x_StdPeriph_Driver/src/stm32f10x_dbgmcu.c ****   * @version V3.5.0
   6:Libraries/STM32F10x_StdPeriph_Driver/src/stm32f10x_dbgmcu.c ****   * @date    11-March-2011
   7:Libraries/STM32F10x_StdPeriph_Driver/src/stm32f10x_dbgmcu.c ****   * @brief   This file provides all the DBGMCU firmware functions.
   8:Libraries/STM32F10x_StdPeriph_Driver/src/stm32f10x_dbgmcu.c ****   ******************************************************************************
   9:Libraries/STM32F10x_StdPeriph_Driver/src/stm32f10x_dbgmcu.c ****   * @attention
  10:Libraries/STM32F10x_StdPeriph_Driver/src/stm32f10x_dbgmcu.c ****   *
  11:Libraries/STM32F10x_StdPeriph_Driver/src/stm32f10x_dbgmcu.c ****   * THE PRESENT FIRMWARE WHICH IS FOR GUIDANCE ONLY AIMS AT PROVIDING CUSTOMERS
  12:Libraries/STM32F10x_StdPeriph_Driver/src/stm32f10x_dbgmcu.c ****   * WITH CODING INFORMATION REGARDING THEIR PRODUCTS IN ORDER FOR THEM TO SAVE
  13:Libraries/STM32F10x_StdPeriph_Driver/src/stm32f10x_dbgmcu.c ****   * TIME. AS A RESULT, STMICROELECTRONICS SHALL NOT BE HELD LIABLE FOR ANY
  14:Libraries/STM32F10x_StdPeriph_Driver/src/stm32f10x_dbgmcu.c ****   * DIRECT, INDIRECT OR CONSEQUENTIAL DAMAGES WITH RESPECT TO ANY CLAIMS ARISING
  15:Libraries/STM32F10x_StdPeriph_Driver/src/stm32f10x_dbgmcu.c ****   * FROM THE CONTENT OF SUCH FIRMWARE AND/OR THE USE MADE BY CUSTOMERS OF THE
  16:Libraries/STM32F10x_StdPeriph_Driver/src/stm32f10x_dbgmcu.c ****   * CODING INFORMATION CONTAINED HEREIN IN CONNECTION WITH THEIR PRODUCTS.
  17:Libraries/STM32F10x_StdPeriph_Driver/src/stm32f10x_dbgmcu.c ****   *
  18:Libraries/STM32F10x_StdPeriph_Driver/src/stm32f10x_dbgmcu.c ****   * <h2><center>&copy; COPYRIGHT 2011 STMicroelectronics</center></h2>
  19:Libraries/STM32F10x_StdPeriph_Driver/src/stm32f10x_dbgmcu.c ****   ******************************************************************************
  20:Libraries/STM32F10x_StdPeriph_Driver/src/stm32f10x_dbgmcu.c ****   */
  21:Libraries/STM32F10x_StdPeriph_Driver/src/stm32f10x_dbgmcu.c **** 
  22:Libraries/STM32F10x_StdPeriph_Driver/src/stm32f10x_dbgmcu.c **** /* Includes ------------------------------------------------------------------*/
  23:Libraries/STM32F10x_StdPeriph_Driver/src/stm32f10x_dbgmcu.c **** #include "stm32f10x_dbgmcu.h"
  24:Libraries/STM32F10x_StdPeriph_Driver/src/stm32f10x_dbgmcu.c **** 
  25:Libraries/STM32F10x_StdPeriph_Driver/src/stm32f10x_dbgmcu.c **** /** @addtogroup STM32F10x_StdPeriph_Driver
  26:Libraries/STM32F10x_StdPeriph_Driver/src/stm32f10x_dbgmcu.c ****   * @{
  27:Libraries/STM32F10x_StdPeriph_Driver/src/stm32f10x_dbgmcu.c ****   */
  28:Libraries/STM32F10x_StdPeriph_Driver/src/stm32f10x_dbgmcu.c **** 
  29:Libraries/STM32F10x_StdPeriph_Driver/src/stm32f10x_dbgmcu.c **** /** @defgroup DBGMCU 
  30:Libraries/STM32F10x_StdPeriph_Driver/src/stm32f10x_dbgmcu.c ****   * @brief DBGMCU driver modules
  31:Libraries/STM32F10x_StdPeriph_Driver/src/stm32f10x_dbgmcu.c ****   * @{
  32:Libraries/STM32F10x_StdPeriph_Driver/src/stm32f10x_dbgmcu.c ****   */ 
ARM GAS  C:\Users\ADMIN\AppData\Local\Temp\ccly1zBU.s 			page 2


  33:Libraries/STM32F10x_StdPeriph_Driver/src/stm32f10x_dbgmcu.c **** 
  34:Libraries/STM32F10x_StdPeriph_Driver/src/stm32f10x_dbgmcu.c **** /** @defgroup DBGMCU_Private_TypesDefinitions
  35:Libraries/STM32F10x_StdPeriph_Driver/src/stm32f10x_dbgmcu.c ****   * @{
  36:Libraries/STM32F10x_StdPeriph_Driver/src/stm32f10x_dbgmcu.c ****   */
  37:Libraries/STM32F10x_StdPeriph_Driver/src/stm32f10x_dbgmcu.c **** 
  38:Libraries/STM32F10x_StdPeriph_Driver/src/stm32f10x_dbgmcu.c **** /**
  39:Libraries/STM32F10x_StdPeriph_Driver/src/stm32f10x_dbgmcu.c ****   * @}
  40:Libraries/STM32F10x_StdPeriph_Driver/src/stm32f10x_dbgmcu.c ****   */
  41:Libraries/STM32F10x_StdPeriph_Driver/src/stm32f10x_dbgmcu.c **** 
  42:Libraries/STM32F10x_StdPeriph_Driver/src/stm32f10x_dbgmcu.c **** /** @defgroup DBGMCU_Private_Defines
  43:Libraries/STM32F10x_StdPeriph_Driver/src/stm32f10x_dbgmcu.c ****   * @{
  44:Libraries/STM32F10x_StdPeriph_Driver/src/stm32f10x_dbgmcu.c ****   */
  45:Libraries/STM32F10x_StdPeriph_Driver/src/stm32f10x_dbgmcu.c **** 
  46:Libraries/STM32F10x_StdPeriph_Driver/src/stm32f10x_dbgmcu.c **** #define IDCODE_DEVID_MASK    ((uint32_t)0x00000FFF)
  47:Libraries/STM32F10x_StdPeriph_Driver/src/stm32f10x_dbgmcu.c **** /**
  48:Libraries/STM32F10x_StdPeriph_Driver/src/stm32f10x_dbgmcu.c ****   * @}
  49:Libraries/STM32F10x_StdPeriph_Driver/src/stm32f10x_dbgmcu.c ****   */
  50:Libraries/STM32F10x_StdPeriph_Driver/src/stm32f10x_dbgmcu.c **** 
  51:Libraries/STM32F10x_StdPeriph_Driver/src/stm32f10x_dbgmcu.c **** /** @defgroup DBGMCU_Private_Macros
  52:Libraries/STM32F10x_StdPeriph_Driver/src/stm32f10x_dbgmcu.c ****   * @{
  53:Libraries/STM32F10x_StdPeriph_Driver/src/stm32f10x_dbgmcu.c ****   */
  54:Libraries/STM32F10x_StdPeriph_Driver/src/stm32f10x_dbgmcu.c **** 
  55:Libraries/STM32F10x_StdPeriph_Driver/src/stm32f10x_dbgmcu.c **** /**
  56:Libraries/STM32F10x_StdPeriph_Driver/src/stm32f10x_dbgmcu.c ****   * @}
  57:Libraries/STM32F10x_StdPeriph_Driver/src/stm32f10x_dbgmcu.c ****   */
  58:Libraries/STM32F10x_StdPeriph_Driver/src/stm32f10x_dbgmcu.c **** 
  59:Libraries/STM32F10x_StdPeriph_Driver/src/stm32f10x_dbgmcu.c **** /** @defgroup DBGMCU_Private_Variables
  60:Libraries/STM32F10x_StdPeriph_Driver/src/stm32f10x_dbgmcu.c ****   * @{
  61:Libraries/STM32F10x_StdPeriph_Driver/src/stm32f10x_dbgmcu.c ****   */
  62:Libraries/STM32F10x_StdPeriph_Driver/src/stm32f10x_dbgmcu.c **** 
  63:Libraries/STM32F10x_StdPeriph_Driver/src/stm32f10x_dbgmcu.c **** /**
  64:Libraries/STM32F10x_StdPeriph_Driver/src/stm32f10x_dbgmcu.c ****   * @}
  65:Libraries/STM32F10x_StdPeriph_Driver/src/stm32f10x_dbgmcu.c ****   */
  66:Libraries/STM32F10x_StdPeriph_Driver/src/stm32f10x_dbgmcu.c **** 
  67:Libraries/STM32F10x_StdPeriph_Driver/src/stm32f10x_dbgmcu.c **** /** @defgroup DBGMCU_Private_FunctionPrototypes
  68:Libraries/STM32F10x_StdPeriph_Driver/src/stm32f10x_dbgmcu.c ****   * @{
  69:Libraries/STM32F10x_StdPeriph_Driver/src/stm32f10x_dbgmcu.c ****   */
  70:Libraries/STM32F10x_StdPeriph_Driver/src/stm32f10x_dbgmcu.c **** 
  71:Libraries/STM32F10x_StdPeriph_Driver/src/stm32f10x_dbgmcu.c **** /**
  72:Libraries/STM32F10x_StdPeriph_Driver/src/stm32f10x_dbgmcu.c ****   * @}
  73:Libraries/STM32F10x_StdPeriph_Driver/src/stm32f10x_dbgmcu.c ****   */
  74:Libraries/STM32F10x_StdPeriph_Driver/src/stm32f10x_dbgmcu.c **** 
  75:Libraries/STM32F10x_StdPeriph_Driver/src/stm32f10x_dbgmcu.c **** /** @defgroup DBGMCU_Private_Functions
  76:Libraries/STM32F10x_StdPeriph_Driver/src/stm32f10x_dbgmcu.c ****   * @{
  77:Libraries/STM32F10x_StdPeriph_Driver/src/stm32f10x_dbgmcu.c ****   */
  78:Libraries/STM32F10x_StdPeriph_Driver/src/stm32f10x_dbgmcu.c **** 
  79:Libraries/STM32F10x_StdPeriph_Driver/src/stm32f10x_dbgmcu.c **** /**
  80:Libraries/STM32F10x_StdPeriph_Driver/src/stm32f10x_dbgmcu.c ****   * @brief  Returns the device revision identifier.
  81:Libraries/STM32F10x_StdPeriph_Driver/src/stm32f10x_dbgmcu.c ****   * @param  None
  82:Libraries/STM32F10x_StdPeriph_Driver/src/stm32f10x_dbgmcu.c ****   * @retval Device revision identifier
  83:Libraries/STM32F10x_StdPeriph_Driver/src/stm32f10x_dbgmcu.c ****   */
  84:Libraries/STM32F10x_StdPeriph_Driver/src/stm32f10x_dbgmcu.c **** uint32_t DBGMCU_GetREVID(void)
  85:Libraries/STM32F10x_StdPeriph_Driver/src/stm32f10x_dbgmcu.c **** {
  27              		.loc 1 85 1 view -0
  28              		.cfi_startproc
  29              		@ args = 0, pretend = 0, frame = 0
  30              		@ frame_needed = 0, uses_anonymous_args = 0
ARM GAS  C:\Users\ADMIN\AppData\Local\Temp\ccly1zBU.s 			page 3


  31              		@ link register save eliminated.
  86:Libraries/STM32F10x_StdPeriph_Driver/src/stm32f10x_dbgmcu.c ****    return(DBGMCU->IDCODE >> 16);
  32              		.loc 1 86 4 view .LVU1
  33              		.loc 1 86 17 is_stmt 0 view .LVU2
  34 0000 014B     		ldr	r3, .L2
  35 0002 1868     		ldr	r0, [r3]
  87:Libraries/STM32F10x_StdPeriph_Driver/src/stm32f10x_dbgmcu.c **** }
  36              		.loc 1 87 1 view .LVU3
  37 0004 000C     		lsrs	r0, r0, #16
  38 0006 7047     		bx	lr
  39              	.L3:
  40              		.align	2
  41              	.L2:
  42 0008 002004E0 		.word	-536600576
  43              		.cfi_endproc
  44              	.LFE65:
  46              		.section	.text.DBGMCU_GetDEVID,"ax",%progbits
  47              		.align	1
  48              		.global	DBGMCU_GetDEVID
  49              		.syntax unified
  50              		.thumb
  51              		.thumb_func
  53              	DBGMCU_GetDEVID:
  54              	.LFB66:
  88:Libraries/STM32F10x_StdPeriph_Driver/src/stm32f10x_dbgmcu.c **** 
  89:Libraries/STM32F10x_StdPeriph_Driver/src/stm32f10x_dbgmcu.c **** /**
  90:Libraries/STM32F10x_StdPeriph_Driver/src/stm32f10x_dbgmcu.c ****   * @brief  Returns the device identifier.
  91:Libraries/STM32F10x_StdPeriph_Driver/src/stm32f10x_dbgmcu.c ****   * @param  None
  92:Libraries/STM32F10x_StdPeriph_Driver/src/stm32f10x_dbgmcu.c ****   * @retval Device identifier
  93:Libraries/STM32F10x_StdPeriph_Driver/src/stm32f10x_dbgmcu.c ****   */
  94:Libraries/STM32F10x_StdPeriph_Driver/src/stm32f10x_dbgmcu.c **** uint32_t DBGMCU_GetDEVID(void)
  95:Libraries/STM32F10x_StdPeriph_Driver/src/stm32f10x_dbgmcu.c **** {
  55              		.loc 1 95 1 is_stmt 1 view -0
  56              		.cfi_startproc
  57              		@ args = 0, pretend = 0, frame = 0
  58              		@ frame_needed = 0, uses_anonymous_args = 0
  59              		@ link register save eliminated.
  96:Libraries/STM32F10x_StdPeriph_Driver/src/stm32f10x_dbgmcu.c ****    return(DBGMCU->IDCODE & IDCODE_DEVID_MASK);
  60              		.loc 1 96 4 view .LVU5
  61              		.loc 1 96 17 is_stmt 0 view .LVU6
  62 0000 024B     		ldr	r3, .L5
  63 0002 1868     		ldr	r0, [r3]
  97:Libraries/STM32F10x_StdPeriph_Driver/src/stm32f10x_dbgmcu.c **** }
  64              		.loc 1 97 1 view .LVU7
  65 0004 C0F30B00 		ubfx	r0, r0, #0, #12
  66 0008 7047     		bx	lr
  67              	.L6:
  68 000a 00BF     		.align	2
  69              	.L5:
  70 000c 002004E0 		.word	-536600576
  71              		.cfi_endproc
  72              	.LFE66:
  74              		.section	.text.DBGMCU_Config,"ax",%progbits
  75              		.align	1
  76              		.global	DBGMCU_Config
  77              		.syntax unified
  78              		.thumb
ARM GAS  C:\Users\ADMIN\AppData\Local\Temp\ccly1zBU.s 			page 4


  79              		.thumb_func
  81              	DBGMCU_Config:
  82              	.LVL0:
  83              	.LFB67:
  98:Libraries/STM32F10x_StdPeriph_Driver/src/stm32f10x_dbgmcu.c **** 
  99:Libraries/STM32F10x_StdPeriph_Driver/src/stm32f10x_dbgmcu.c **** /**
 100:Libraries/STM32F10x_StdPeriph_Driver/src/stm32f10x_dbgmcu.c ****   * @brief  Configures the specified peripheral and low power mode behavior
 101:Libraries/STM32F10x_StdPeriph_Driver/src/stm32f10x_dbgmcu.c ****   *   when the MCU under Debug mode.
 102:Libraries/STM32F10x_StdPeriph_Driver/src/stm32f10x_dbgmcu.c ****   * @param  DBGMCU_Periph: specifies the peripheral and low power mode.
 103:Libraries/STM32F10x_StdPeriph_Driver/src/stm32f10x_dbgmcu.c ****   *   This parameter can be any combination of the following values:
 104:Libraries/STM32F10x_StdPeriph_Driver/src/stm32f10x_dbgmcu.c ****   *     @arg DBGMCU_SLEEP: Keep debugger connection during SLEEP mode              
 105:Libraries/STM32F10x_StdPeriph_Driver/src/stm32f10x_dbgmcu.c ****   *     @arg DBGMCU_STOP: Keep debugger connection during STOP mode               
 106:Libraries/STM32F10x_StdPeriph_Driver/src/stm32f10x_dbgmcu.c ****   *     @arg DBGMCU_STANDBY: Keep debugger connection during STANDBY mode            
 107:Libraries/STM32F10x_StdPeriph_Driver/src/stm32f10x_dbgmcu.c ****   *     @arg DBGMCU_IWDG_STOP: Debug IWDG stopped when Core is halted          
 108:Libraries/STM32F10x_StdPeriph_Driver/src/stm32f10x_dbgmcu.c ****   *     @arg DBGMCU_WWDG_STOP: Debug WWDG stopped when Core is halted          
 109:Libraries/STM32F10x_StdPeriph_Driver/src/stm32f10x_dbgmcu.c ****   *     @arg DBGMCU_TIM1_STOP: TIM1 counter stopped when Core is halted          
 110:Libraries/STM32F10x_StdPeriph_Driver/src/stm32f10x_dbgmcu.c ****   *     @arg DBGMCU_TIM2_STOP: TIM2 counter stopped when Core is halted          
 111:Libraries/STM32F10x_StdPeriph_Driver/src/stm32f10x_dbgmcu.c ****   *     @arg DBGMCU_TIM3_STOP: TIM3 counter stopped when Core is halted          
 112:Libraries/STM32F10x_StdPeriph_Driver/src/stm32f10x_dbgmcu.c ****   *     @arg DBGMCU_TIM4_STOP: TIM4 counter stopped when Core is halted          
 113:Libraries/STM32F10x_StdPeriph_Driver/src/stm32f10x_dbgmcu.c ****   *     @arg DBGMCU_CAN1_STOP: Debug CAN2 stopped when Core is halted           
 114:Libraries/STM32F10x_StdPeriph_Driver/src/stm32f10x_dbgmcu.c ****   *     @arg DBGMCU_I2C1_SMBUS_TIMEOUT: I2C1 SMBUS timeout mode stopped when Core is halted
 115:Libraries/STM32F10x_StdPeriph_Driver/src/stm32f10x_dbgmcu.c ****   *     @arg DBGMCU_I2C2_SMBUS_TIMEOUT: I2C2 SMBUS timeout mode stopped when Core is halted
 116:Libraries/STM32F10x_StdPeriph_Driver/src/stm32f10x_dbgmcu.c ****   *     @arg DBGMCU_TIM5_STOP: TIM5 counter stopped when Core is halted          
 117:Libraries/STM32F10x_StdPeriph_Driver/src/stm32f10x_dbgmcu.c ****   *     @arg DBGMCU_TIM6_STOP: TIM6 counter stopped when Core is halted          
 118:Libraries/STM32F10x_StdPeriph_Driver/src/stm32f10x_dbgmcu.c ****   *     @arg DBGMCU_TIM7_STOP: TIM7 counter stopped when Core is halted          
 119:Libraries/STM32F10x_StdPeriph_Driver/src/stm32f10x_dbgmcu.c ****   *     @arg DBGMCU_TIM8_STOP: TIM8 counter stopped when Core is halted
 120:Libraries/STM32F10x_StdPeriph_Driver/src/stm32f10x_dbgmcu.c ****   *     @arg DBGMCU_CAN2_STOP: Debug CAN2 stopped when Core is halted 
 121:Libraries/STM32F10x_StdPeriph_Driver/src/stm32f10x_dbgmcu.c ****   *     @arg DBGMCU_TIM15_STOP: TIM15 counter stopped when Core is halted
 122:Libraries/STM32F10x_StdPeriph_Driver/src/stm32f10x_dbgmcu.c ****   *     @arg DBGMCU_TIM16_STOP: TIM16 counter stopped when Core is halted
 123:Libraries/STM32F10x_StdPeriph_Driver/src/stm32f10x_dbgmcu.c ****   *     @arg DBGMCU_TIM17_STOP: TIM17 counter stopped when Core is halted                
 124:Libraries/STM32F10x_StdPeriph_Driver/src/stm32f10x_dbgmcu.c ****   *     @arg DBGMCU_TIM9_STOP: TIM9 counter stopped when Core is halted
 125:Libraries/STM32F10x_StdPeriph_Driver/src/stm32f10x_dbgmcu.c ****   *     @arg DBGMCU_TIM10_STOP: TIM10 counter stopped when Core is halted
 126:Libraries/STM32F10x_StdPeriph_Driver/src/stm32f10x_dbgmcu.c ****   *     @arg DBGMCU_TIM11_STOP: TIM11 counter stopped when Core is halted
 127:Libraries/STM32F10x_StdPeriph_Driver/src/stm32f10x_dbgmcu.c ****   *     @arg DBGMCU_TIM12_STOP: TIM12 counter stopped when Core is halted
 128:Libraries/STM32F10x_StdPeriph_Driver/src/stm32f10x_dbgmcu.c ****   *     @arg DBGMCU_TIM13_STOP: TIM13 counter stopped when Core is halted
 129:Libraries/STM32F10x_StdPeriph_Driver/src/stm32f10x_dbgmcu.c ****   *     @arg DBGMCU_TIM14_STOP: TIM14 counter stopped when Core is halted
 130:Libraries/STM32F10x_StdPeriph_Driver/src/stm32f10x_dbgmcu.c ****   * @param  NewState: new state of the specified peripheral in Debug mode.
 131:Libraries/STM32F10x_StdPeriph_Driver/src/stm32f10x_dbgmcu.c ****   *   This parameter can be: ENABLE or DISABLE.
 132:Libraries/STM32F10x_StdPeriph_Driver/src/stm32f10x_dbgmcu.c ****   * @retval None
 133:Libraries/STM32F10x_StdPeriph_Driver/src/stm32f10x_dbgmcu.c ****   */
 134:Libraries/STM32F10x_StdPeriph_Driver/src/stm32f10x_dbgmcu.c **** void DBGMCU_Config(uint32_t DBGMCU_Periph, FunctionalState NewState)
 135:Libraries/STM32F10x_StdPeriph_Driver/src/stm32f10x_dbgmcu.c **** {
  84              		.loc 1 135 1 is_stmt 1 view -0
  85              		.cfi_startproc
  86              		@ args = 0, pretend = 0, frame = 0
  87              		@ frame_needed = 0, uses_anonymous_args = 0
  88              		@ link register save eliminated.
 136:Libraries/STM32F10x_StdPeriph_Driver/src/stm32f10x_dbgmcu.c ****   /* Check the parameters */
 137:Libraries/STM32F10x_StdPeriph_Driver/src/stm32f10x_dbgmcu.c ****   assert_param(IS_DBGMCU_PERIPH(DBGMCU_Periph));
  89              		.loc 1 137 3 view .LVU9
 138:Libraries/STM32F10x_StdPeriph_Driver/src/stm32f10x_dbgmcu.c ****   assert_param(IS_FUNCTIONAL_STATE(NewState));
  90              		.loc 1 138 3 view .LVU10
 139:Libraries/STM32F10x_StdPeriph_Driver/src/stm32f10x_dbgmcu.c **** 
 140:Libraries/STM32F10x_StdPeriph_Driver/src/stm32f10x_dbgmcu.c ****   if (NewState != DISABLE)
  91              		.loc 1 140 3 view .LVU11
  92              		.loc 1 140 6 is_stmt 0 view .LVU12
  93 0000 21B1     		cbz	r1, .L8
ARM GAS  C:\Users\ADMIN\AppData\Local\Temp\ccly1zBU.s 			page 5


 141:Libraries/STM32F10x_StdPeriph_Driver/src/stm32f10x_dbgmcu.c ****   {
 142:Libraries/STM32F10x_StdPeriph_Driver/src/stm32f10x_dbgmcu.c ****     DBGMCU->CR |= DBGMCU_Periph;
  94              		.loc 1 142 5 is_stmt 1 view .LVU13
  95              		.loc 1 142 16 is_stmt 0 view .LVU14
  96 0002 054A     		ldr	r2, .L10
  97 0004 5368     		ldr	r3, [r2, #4]
  98 0006 1843     		orrs	r0, r0, r3
  99              	.LVL1:
 100              		.loc 1 142 16 view .LVU15
 101 0008 5060     		str	r0, [r2, #4]
 102 000a 7047     		bx	lr
 103              	.LVL2:
 104              	.L8:
 143:Libraries/STM32F10x_StdPeriph_Driver/src/stm32f10x_dbgmcu.c ****   }
 144:Libraries/STM32F10x_StdPeriph_Driver/src/stm32f10x_dbgmcu.c ****   else
 145:Libraries/STM32F10x_StdPeriph_Driver/src/stm32f10x_dbgmcu.c ****   {
 146:Libraries/STM32F10x_StdPeriph_Driver/src/stm32f10x_dbgmcu.c ****     DBGMCU->CR &= ~DBGMCU_Periph;
 105              		.loc 1 146 5 is_stmt 1 view .LVU16
 106              		.loc 1 146 16 is_stmt 0 view .LVU17
 107 000c 024A     		ldr	r2, .L10
 108 000e 5368     		ldr	r3, [r2, #4]
 109 0010 23EA0000 		bic	r0, r3, r0
 110              	.LVL3:
 111              		.loc 1 146 16 view .LVU18
 112 0014 5060     		str	r0, [r2, #4]
 147:Libraries/STM32F10x_StdPeriph_Driver/src/stm32f10x_dbgmcu.c ****   }
 148:Libraries/STM32F10x_StdPeriph_Driver/src/stm32f10x_dbgmcu.c **** }
 113              		.loc 1 148 1 view .LVU19
 114 0016 7047     		bx	lr
 115              	.L11:
 116              		.align	2
 117              	.L10:
 118 0018 002004E0 		.word	-536600576
 119              		.cfi_endproc
 120              	.LFE67:
 122              		.text
 123              	.Letext0:
 124              		.file 2 "c:\\toolschain\\arm_cc\\arm-none-eabi\\include\\machine\\_default_types.h"
 125              		.file 3 "c:\\toolschain\\arm_cc\\arm-none-eabi\\include\\sys\\_stdint.h"
 126              		.file 4 "Libraries/CMSIS/Device/ST/STM32F1xx/Include/stm32f10x.h"
ARM GAS  C:\Users\ADMIN\AppData\Local\Temp\ccly1zBU.s 			page 6


DEFINED SYMBOLS
                            *ABS*:00000000 stm32f10x_dbgmcu.c
C:\Users\ADMIN\AppData\Local\Temp\ccly1zBU.s:18     .text.DBGMCU_GetREVID:00000000 $t
C:\Users\ADMIN\AppData\Local\Temp\ccly1zBU.s:24     .text.DBGMCU_GetREVID:00000000 DBGMCU_GetREVID
C:\Users\ADMIN\AppData\Local\Temp\ccly1zBU.s:42     .text.DBGMCU_GetREVID:00000008 $d
C:\Users\ADMIN\AppData\Local\Temp\ccly1zBU.s:47     .text.DBGMCU_GetDEVID:00000000 $t
C:\Users\ADMIN\AppData\Local\Temp\ccly1zBU.s:53     .text.DBGMCU_GetDEVID:00000000 DBGMCU_GetDEVID
C:\Users\ADMIN\AppData\Local\Temp\ccly1zBU.s:70     .text.DBGMCU_GetDEVID:0000000c $d
C:\Users\ADMIN\AppData\Local\Temp\ccly1zBU.s:75     .text.DBGMCU_Config:00000000 $t
C:\Users\ADMIN\AppData\Local\Temp\ccly1zBU.s:81     .text.DBGMCU_Config:00000000 DBGMCU_Config
C:\Users\ADMIN\AppData\Local\Temp\ccly1zBU.s:118    .text.DBGMCU_Config:00000018 $d

NO UNDEFINED SYMBOLS
