ARM GAS  C:\Users\ADMIN\AppData\Local\Temp\ccXWDYGI.s 			page 1


   1              		.cpu cortex-m3
   2              		.arch armv7-m
   3              		.fpu softvfp
   4              		.eabi_attribute 20, 1
   5              		.eabi_attribute 21, 1
   6              		.eabi_attribute 23, 3
   7              		.eabi_attribute 24, 1
   8              		.eabi_attribute 25, 1
   9              		.eabi_attribute 26, 1
  10              		.eabi_attribute 30, 1
  11              		.eabi_attribute 34, 1
  12              		.eabi_attribute 18, 4
  13              		.file	"syscalls.c"
  14              		.text
  15              	.Ltext0:
  16              		.cfi_sections	.debug_frame
  17              		.section	.text._write,"ax",%progbits
  18              		.align	1
  19              		.global	_write
  20              		.syntax unified
  21              		.thumb
  22              		.thumb_func
  24              	_write:
  25              	.LVL0:
  26              	.LFB68:
  27              		.file 1 "Src/syscalls.c"
   1:Src/syscalls.c **** /****************************
   2:Src/syscalls.c ****  * file: syscall.c
   3:Src/syscalls.c ****  * author: haihbv
   4:Src/syscalls.c ****  * note: syscall cho USART và FreeRTOS
   5:Src/syscalls.c ****  *       _write: để printf có thể gửi dữ liệu qua USART
   6:Src/syscalls.c ****  *       _sbrk: để malloc/free có thể hoạt động
   7:Src/syscalls.c ****  ********************/
   8:Src/syscalls.c **** 
   9:Src/syscalls.c **** #include <sys/stat.h>
  10:Src/syscalls.c **** #include <sys/types.h>
  11:Src/syscalls.c **** #include <errno.h>
  12:Src/syscalls.c **** #include <stdio.h>
  13:Src/syscalls.c **** #include <string.h>
  14:Src/syscalls.c **** 
  15:Src/syscalls.c **** #include "stm32f10x_usart.h"
  16:Src/syscalls.c **** 
  17:Src/syscalls.c **** // volatile unsigned long g_write_call_count = 0; // debug xem có bao nhiêu lần _write được
  18:Src/syscalls.c **** 
  19:Src/syscalls.c **** int _write(int file, char *ptr, int len)
  20:Src/syscalls.c **** {
  28              		.loc 1 20 1 view -0
  29              		.cfi_startproc
  30              		@ args = 0, pretend = 0, frame = 0
  31              		@ frame_needed = 0, uses_anonymous_args = 0
  32              		.loc 1 20 1 is_stmt 0 view .LVU1
  33 0000 F8B5     		push	{r3, r4, r5, r6, r7, lr}
  34              	.LCFI0:
  35              		.cfi_def_cfa_offset 24
  36              		.cfi_offset 3, -24
  37              		.cfi_offset 4, -20
  38              		.cfi_offset 5, -16
ARM GAS  C:\Users\ADMIN\AppData\Local\Temp\ccXWDYGI.s 			page 2


  39              		.cfi_offset 6, -12
  40              		.cfi_offset 7, -8
  41              		.cfi_offset 14, -4
  21:Src/syscalls.c ****     int i;
  42              		.loc 1 21 5 is_stmt 1 view .LVU2
  22:Src/syscalls.c **** 
  23:Src/syscalls.c ****     // g_write_call_count++;
  24:Src/syscalls.c **** 
  25:Src/syscalls.c ****     if ((file != 1) && (file != 2))
  43              		.loc 1 25 5 view .LVU3
  44              		.loc 1 25 21 is_stmt 0 view .LVU4
  45 0002 0138     		subs	r0, r0, #1
  46              	.LVL1:
  47              		.loc 1 25 8 view .LVU5
  48 0004 0128     		cmp	r0, #1
  49 0006 03D8     		bhi	.L10
  50 0008 0D46     		mov	r5, r1
  51 000a 1746     		mov	r7, r2
  26:Src/syscalls.c ****     {
  27:Src/syscalls.c ****         errno = EBADF;
  28:Src/syscalls.c ****         return -1;
  29:Src/syscalls.c ****     }
  30:Src/syscalls.c **** 
  31:Src/syscalls.c ****     // thay đổi USART debug ở đây hiện tại tôi đang dùng USART1
  32:Src/syscalls.c ****     for (i = 0; i < len; i++)
  52              		.loc 1 32 12 view .LVU6
  53 000c 0024     		movs	r4, #0
  54 000e 12E0     		b	.L2
  55              	.L10:
  27:Src/syscalls.c ****         return -1;
  56              		.loc 1 27 9 is_stmt 1 view .LVU7
  57 0010 FFF7FEFF 		bl	__errno
  58              	.LVL2:
  27:Src/syscalls.c ****         return -1;
  59              		.loc 1 27 15 is_stmt 0 view .LVU8
  60 0014 0923     		movs	r3, #9
  61 0016 0360     		str	r3, [r0]
  28:Src/syscalls.c ****     }
  62              		.loc 1 28 9 is_stmt 1 view .LVU9
  28:Src/syscalls.c ****     }
  63              		.loc 1 28 16 is_stmt 0 view .LVU10
  64 0018 4FF0FF37 		mov	r7, #-1
  65              	.L3:
  33:Src/syscalls.c ****     {
  34:Src/syscalls.c ****         if (ptr[i] == '\n')
  35:Src/syscalls.c ****         {
  36:Src/syscalls.c ****             while (USART_GetFlagStatus(USART1, USART_FLAG_TXE) == RESET);
  37:Src/syscalls.c ****             USART_SendData(USART1, '\r');
  38:Src/syscalls.c ****         }
  39:Src/syscalls.c **** 
  40:Src/syscalls.c ****         while (USART_GetFlagStatus(USART1, USART_FLAG_TXE) == RESET);
  41:Src/syscalls.c ****         USART_SendData(USART1, ptr[i]);
  42:Src/syscalls.c ****     }
  43:Src/syscalls.c **** 
  44:Src/syscalls.c ****     return len;
  45:Src/syscalls.c **** }
  66              		.loc 1 45 1 view .LVU11
ARM GAS  C:\Users\ADMIN\AppData\Local\Temp\ccXWDYGI.s 			page 3


  67 001c 3846     		mov	r0, r7
  68 001e F8BD     		pop	{r3, r4, r5, r6, r7, pc}
  69              	.LVL3:
  70              	.L6:
  40:Src/syscalls.c ****         USART_SendData(USART1, ptr[i]);
  71              		.loc 1 40 69 is_stmt 1 discriminator 1 view .LVU12
  40:Src/syscalls.c ****         USART_SendData(USART1, ptr[i]);
  72              		.loc 1 40 15 discriminator 1 view .LVU13
  40:Src/syscalls.c ****         USART_SendData(USART1, ptr[i]);
  73              		.loc 1 40 16 is_stmt 0 discriminator 1 view .LVU14
  74 0020 8021     		movs	r1, #128
  75 0022 0D48     		ldr	r0, .L11
  76 0024 FFF7FEFF 		bl	USART_GetFlagStatus
  77              	.LVL4:
  40:Src/syscalls.c ****         USART_SendData(USART1, ptr[i]);
  78              		.loc 1 40 15 discriminator 1 view .LVU15
  79 0028 0028     		cmp	r0, #0
  80 002a F9D0     		beq	.L6
  41:Src/syscalls.c ****     }
  81              		.loc 1 41 9 is_stmt 1 discriminator 2 view .LVU16
  82 002c 3178     		ldrb	r1, [r6]	@ zero_extendqisi2
  83 002e 0A48     		ldr	r0, .L11
  84 0030 FFF7FEFF 		bl	USART_SendData
  85              	.LVL5:
  32:Src/syscalls.c ****     {
  86              		.loc 1 32 26 discriminator 2 view .LVU17
  32:Src/syscalls.c ****     {
  87              		.loc 1 32 27 is_stmt 0 discriminator 2 view .LVU18
  88 0034 0134     		adds	r4, r4, #1
  89              	.LVL6:
  90              	.L2:
  32:Src/syscalls.c ****     {
  91              		.loc 1 32 17 is_stmt 1 discriminator 1 view .LVU19
  32:Src/syscalls.c ****     {
  92              		.loc 1 32 5 is_stmt 0 discriminator 1 view .LVU20
  93 0036 BC42     		cmp	r4, r7
  94 0038 F0DA     		bge	.L3
  34:Src/syscalls.c ****         {
  95              		.loc 1 34 9 is_stmt 1 view .LVU21
  34:Src/syscalls.c ****         {
  96              		.loc 1 34 16 is_stmt 0 view .LVU22
  97 003a 2E19     		adds	r6, r5, r4
  98 003c 2B5D     		ldrb	r3, [r5, r4]	@ zero_extendqisi2
  34:Src/syscalls.c ****         {
  99              		.loc 1 34 12 view .LVU23
 100 003e 0A2B     		cmp	r3, #10
 101 0040 EED1     		bne	.L6
 102              	.L5:
  36:Src/syscalls.c ****             USART_SendData(USART1, '\r');
 103              		.loc 1 36 73 is_stmt 1 discriminator 1 view .LVU24
  36:Src/syscalls.c ****             USART_SendData(USART1, '\r');
 104              		.loc 1 36 19 discriminator 1 view .LVU25
  36:Src/syscalls.c ****             USART_SendData(USART1, '\r');
 105              		.loc 1 36 20 is_stmt 0 discriminator 1 view .LVU26
 106 0042 8021     		movs	r1, #128
 107 0044 0448     		ldr	r0, .L11
 108 0046 FFF7FEFF 		bl	USART_GetFlagStatus
ARM GAS  C:\Users\ADMIN\AppData\Local\Temp\ccXWDYGI.s 			page 4


 109              	.LVL7:
  36:Src/syscalls.c ****             USART_SendData(USART1, '\r');
 110              		.loc 1 36 19 discriminator 1 view .LVU27
 111 004a 0028     		cmp	r0, #0
 112 004c F9D0     		beq	.L5
  37:Src/syscalls.c ****         }
 113              		.loc 1 37 13 is_stmt 1 view .LVU28
 114 004e 0D21     		movs	r1, #13
 115 0050 0148     		ldr	r0, .L11
 116 0052 FFF7FEFF 		bl	USART_SendData
 117              	.LVL8:
 118 0056 E3E7     		b	.L6
 119              	.L12:
 120              		.align	2
 121              	.L11:
 122 0058 00380140 		.word	1073821696
 123              		.cfi_endproc
 124              	.LFE68:
 126              		.section	.text._sbrk,"ax",%progbits
 127              		.align	1
 128              		.global	_sbrk
 129              		.syntax unified
 130              		.thumb
 131              		.thumb_func
 133              	_sbrk:
 134              	.LVL9:
 135              	.LFB69:
  46:Src/syscalls.c **** 
  47:Src/syscalls.c **** /* ================= MEMORY ================= */
  48:Src/syscalls.c **** 
  49:Src/syscalls.c **** /* linker sẽ cung cấp symbol này */
  50:Src/syscalls.c **** extern char _end;
  51:Src/syscalls.c **** static char *heap_end;
  52:Src/syscalls.c **** 
  53:Src/syscalls.c **** caddr_t _sbrk(int incr)
  54:Src/syscalls.c **** {
 136              		.loc 1 54 1 view -0
 137              		.cfi_startproc
 138              		@ args = 0, pretend = 0, frame = 0
 139              		@ frame_needed = 0, uses_anonymous_args = 0
 140              		.loc 1 54 1 is_stmt 0 view .LVU30
 141 0000 08B5     		push	{r3, lr}
 142              	.LCFI1:
 143              		.cfi_def_cfa_offset 8
 144              		.cfi_offset 3, -8
 145              		.cfi_offset 14, -4
 146 0002 0346     		mov	r3, r0
  55:Src/syscalls.c ****     extern char _estack; // cuối RAM
 147              		.loc 1 55 5 is_stmt 1 view .LVU31
  56:Src/syscalls.c ****     char *prev_heap_end;
 148              		.loc 1 56 5 view .LVU32
  57:Src/syscalls.c **** 
  58:Src/syscalls.c ****     if (heap_end == 0)
 149              		.loc 1 58 5 view .LVU33
 150              		.loc 1 58 18 is_stmt 0 view .LVU34
 151 0004 0B4A     		ldr	r2, .L20
 152 0006 1268     		ldr	r2, [r2]
ARM GAS  C:\Users\ADMIN\AppData\Local\Temp\ccXWDYGI.s 			page 5


 153              		.loc 1 58 8 view .LVU35
 154 0008 42B1     		cbz	r2, .L18
 155              	.L14:
  59:Src/syscalls.c ****     {
  60:Src/syscalls.c ****         heap_end = &_end;
  61:Src/syscalls.c ****     }
  62:Src/syscalls.c **** 
  63:Src/syscalls.c ****     prev_heap_end = heap_end;
 156              		.loc 1 63 5 is_stmt 1 view .LVU36
 157              		.loc 1 63 19 is_stmt 0 view .LVU37
 158 000a 0A4A     		ldr	r2, .L20
 159 000c 1068     		ldr	r0, [r2]
 160              	.LVL10:
  64:Src/syscalls.c **** 
  65:Src/syscalls.c ****     if (heap_end + incr > &_estack)
 161              		.loc 1 65 5 is_stmt 1 view .LVU38
 162              		.loc 1 65 18 is_stmt 0 view .LVU39
 163 000e 0344     		add	r3, r3, r0
 164              	.LVL11:
 165              		.loc 1 65 8 view .LVU40
 166 0010 094A     		ldr	r2, .L20+4
 167 0012 9342     		cmp	r3, r2
 168 0014 06D8     		bhi	.L19
  66:Src/syscalls.c ****     {
  67:Src/syscalls.c ****         errno = ENOMEM;
  68:Src/syscalls.c ****         return (caddr_t)-1;
  69:Src/syscalls.c ****     }
  70:Src/syscalls.c **** 
  71:Src/syscalls.c ****     heap_end += incr;
 169              		.loc 1 71 5 is_stmt 1 view .LVU41
 170              		.loc 1 71 14 is_stmt 0 view .LVU42
 171 0016 074A     		ldr	r2, .L20
 172 0018 1360     		str	r3, [r2]
  72:Src/syscalls.c ****     return (caddr_t)prev_heap_end;
 173              		.loc 1 72 5 is_stmt 1 view .LVU43
 174              	.LVL12:
 175              	.L13:
  73:Src/syscalls.c **** }
 176              		.loc 1 73 1 is_stmt 0 view .LVU44
 177 001a 08BD     		pop	{r3, pc}
 178              	.LVL13:
 179              	.L18:
  60:Src/syscalls.c ****     }
 180              		.loc 1 60 9 is_stmt 1 view .LVU45
  60:Src/syscalls.c ****     }
 181              		.loc 1 60 18 is_stmt 0 view .LVU46
 182 001c 054A     		ldr	r2, .L20
 183 001e 0749     		ldr	r1, .L20+8
 184 0020 1160     		str	r1, [r2]
 185 0022 F2E7     		b	.L14
 186              	.LVL14:
 187              	.L19:
  67:Src/syscalls.c ****         return (caddr_t)-1;
 188              		.loc 1 67 9 is_stmt 1 view .LVU47
 189 0024 FFF7FEFF 		bl	__errno
 190              	.LVL15:
  67:Src/syscalls.c ****         return (caddr_t)-1;
ARM GAS  C:\Users\ADMIN\AppData\Local\Temp\ccXWDYGI.s 			page 6


 191              		.loc 1 67 15 is_stmt 0 view .LVU48
 192 0028 0C23     		movs	r3, #12
 193 002a 0360     		str	r3, [r0]
  68:Src/syscalls.c ****     }
 194              		.loc 1 68 9 is_stmt 1 view .LVU49
  68:Src/syscalls.c ****     }
 195              		.loc 1 68 16 is_stmt 0 view .LVU50
 196 002c 4FF0FF30 		mov	r0, #-1
 197 0030 F3E7     		b	.L13
 198              	.L21:
 199 0032 00BF     		.align	2
 200              	.L20:
 201 0034 00000000 		.word	.LANCHOR0
 202 0038 00000000 		.word	_estack
 203 003c 00000000 		.word	_end
 204              		.cfi_endproc
 205              	.LFE69:
 207              		.section	.text._close,"ax",%progbits
 208              		.align	1
 209              		.global	_close
 210              		.syntax unified
 211              		.thumb
 212              		.thumb_func
 214              	_close:
 215              	.LVL16:
 216              	.LFB70:
  74:Src/syscalls.c **** 
  75:Src/syscalls.c **** /* ================= STUB FUNCTIONS ================= */
  76:Src/syscalls.c **** 
  77:Src/syscalls.c **** int _close(int file)
  78:Src/syscalls.c **** {
 217              		.loc 1 78 1 is_stmt 1 view -0
 218              		.cfi_startproc
 219              		@ args = 0, pretend = 0, frame = 0
 220              		@ frame_needed = 0, uses_anonymous_args = 0
 221              		@ link register save eliminated.
  79:Src/syscalls.c ****     return -1;
 222              		.loc 1 79 5 view .LVU52
  80:Src/syscalls.c **** }
 223              		.loc 1 80 1 is_stmt 0 view .LVU53
 224 0000 4FF0FF30 		mov	r0, #-1
 225              	.LVL17:
 226              		.loc 1 80 1 view .LVU54
 227 0004 7047     		bx	lr
 228              		.cfi_endproc
 229              	.LFE70:
 231              		.section	.text._fstat,"ax",%progbits
 232              		.align	1
 233              		.global	_fstat
 234              		.syntax unified
 235              		.thumb
 236              		.thumb_func
 238              	_fstat:
 239              	.LVL18:
 240              	.LFB71:
  81:Src/syscalls.c **** 
  82:Src/syscalls.c **** int _fstat(int file, struct stat *st)
ARM GAS  C:\Users\ADMIN\AppData\Local\Temp\ccXWDYGI.s 			page 7


  83:Src/syscalls.c **** {
 241              		.loc 1 83 1 is_stmt 1 view -0
 242              		.cfi_startproc
 243              		@ args = 0, pretend = 0, frame = 0
 244              		@ frame_needed = 0, uses_anonymous_args = 0
 245              		@ link register save eliminated.
  84:Src/syscalls.c ****     st->st_mode = S_IFCHR;
 246              		.loc 1 84 5 view .LVU56
 247              		.loc 1 84 17 is_stmt 0 view .LVU57
 248 0000 4FF40053 		mov	r3, #8192
 249 0004 4B60     		str	r3, [r1, #4]
  85:Src/syscalls.c ****     return 0;
 250              		.loc 1 85 5 is_stmt 1 view .LVU58
  86:Src/syscalls.c **** }
 251              		.loc 1 86 1 is_stmt 0 view .LVU59
 252 0006 0020     		movs	r0, #0
 253              	.LVL19:
 254              		.loc 1 86 1 view .LVU60
 255 0008 7047     		bx	lr
 256              		.cfi_endproc
 257              	.LFE71:
 259              		.section	.text._isatty,"ax",%progbits
 260              		.align	1
 261              		.global	_isatty
 262              		.syntax unified
 263              		.thumb
 264              		.thumb_func
 266              	_isatty:
 267              	.LVL20:
 268              	.LFB72:
  87:Src/syscalls.c **** 
  88:Src/syscalls.c **** int _isatty(int file)
  89:Src/syscalls.c **** {
 269              		.loc 1 89 1 is_stmt 1 view -0
 270              		.cfi_startproc
 271              		@ args = 0, pretend = 0, frame = 0
 272              		@ frame_needed = 0, uses_anonymous_args = 0
 273              		@ link register save eliminated.
  90:Src/syscalls.c ****     return 1;
 274              		.loc 1 90 5 view .LVU62
  91:Src/syscalls.c **** }
 275              		.loc 1 91 1 is_stmt 0 view .LVU63
 276 0000 0120     		movs	r0, #1
 277              	.LVL21:
 278              		.loc 1 91 1 view .LVU64
 279 0002 7047     		bx	lr
 280              		.cfi_endproc
 281              	.LFE72:
 283              		.section	.text._lseek,"ax",%progbits
 284              		.align	1
 285              		.global	_lseek
 286              		.syntax unified
 287              		.thumb
 288              		.thumb_func
 290              	_lseek:
 291              	.LVL22:
 292              	.LFB73:
ARM GAS  C:\Users\ADMIN\AppData\Local\Temp\ccXWDYGI.s 			page 8


  92:Src/syscalls.c **** 
  93:Src/syscalls.c **** int _lseek(int file, int ptr, int dir)
  94:Src/syscalls.c **** {
 293              		.loc 1 94 1 is_stmt 1 view -0
 294              		.cfi_startproc
 295              		@ args = 0, pretend = 0, frame = 0
 296              		@ frame_needed = 0, uses_anonymous_args = 0
 297              		@ link register save eliminated.
  95:Src/syscalls.c ****     return 0;
 298              		.loc 1 95 5 view .LVU66
  96:Src/syscalls.c **** }
 299              		.loc 1 96 1 is_stmt 0 view .LVU67
 300 0000 0020     		movs	r0, #0
 301              	.LVL23:
 302              		.loc 1 96 1 view .LVU68
 303 0002 7047     		bx	lr
 304              		.cfi_endproc
 305              	.LFE73:
 307              		.section	.text._read,"ax",%progbits
 308              		.align	1
 309              		.global	_read
 310              		.syntax unified
 311              		.thumb
 312              		.thumb_func
 314              	_read:
 315              	.LVL24:
 316              	.LFB74:
  97:Src/syscalls.c **** 
  98:Src/syscalls.c **** int _read(int file, char *ptr, int len)
  99:Src/syscalls.c **** {
 317              		.loc 1 99 1 is_stmt 1 view -0
 318              		.cfi_startproc
 319              		@ args = 0, pretend = 0, frame = 0
 320              		@ frame_needed = 0, uses_anonymous_args = 0
 321              		.loc 1 99 1 is_stmt 0 view .LVU70
 322 0000 08B5     		push	{r3, lr}
 323              	.LCFI2:
 324              		.cfi_def_cfa_offset 8
 325              		.cfi_offset 3, -8
 326              		.cfi_offset 14, -4
 100:Src/syscalls.c ****     errno = EINVAL;
 327              		.loc 1 100 5 is_stmt 1 view .LVU71
 328 0002 FFF7FEFF 		bl	__errno
 329              	.LVL25:
 330              		.loc 1 100 11 is_stmt 0 view .LVU72
 331 0006 1623     		movs	r3, #22
 332 0008 0360     		str	r3, [r0]
 101:Src/syscalls.c ****     return -1;
 333              		.loc 1 101 5 is_stmt 1 view .LVU73
 102:Src/syscalls.c **** }
 334              		.loc 1 102 1 is_stmt 0 view .LVU74
 335 000a 4FF0FF30 		mov	r0, #-1
 336 000e 08BD     		pop	{r3, pc}
 337              		.cfi_endproc
 338              	.LFE74:
 340              		.section	.text._open,"ax",%progbits
 341              		.align	1
ARM GAS  C:\Users\ADMIN\AppData\Local\Temp\ccXWDYGI.s 			page 9


 342              		.global	_open
 343              		.syntax unified
 344              		.thumb
 345              		.thumb_func
 347              	_open:
 348              	.LVL26:
 349              	.LFB75:
 103:Src/syscalls.c **** 
 104:Src/syscalls.c **** int _open(const char *name, int flags, int mode)
 105:Src/syscalls.c **** {
 350              		.loc 1 105 1 is_stmt 1 view -0
 351              		.cfi_startproc
 352              		@ args = 0, pretend = 0, frame = 0
 353              		@ frame_needed = 0, uses_anonymous_args = 0
 354              		@ link register save eliminated.
 106:Src/syscalls.c ****     return -1;
 355              		.loc 1 106 5 view .LVU76
 107:Src/syscalls.c **** }
 356              		.loc 1 107 1 is_stmt 0 view .LVU77
 357 0000 4FF0FF30 		mov	r0, #-1
 358              	.LVL27:
 359              		.loc 1 107 1 view .LVU78
 360 0004 7047     		bx	lr
 361              		.cfi_endproc
 362              	.LFE75:
 364              		.section	.text._kill,"ax",%progbits
 365              		.align	1
 366              		.global	_kill
 367              		.syntax unified
 368              		.thumb
 369              		.thumb_func
 371              	_kill:
 372              	.LVL28:
 373              	.LFB76:
 108:Src/syscalls.c **** 
 109:Src/syscalls.c **** int _kill(int pid, int sig)
 110:Src/syscalls.c **** {
 374              		.loc 1 110 1 is_stmt 1 view -0
 375              		.cfi_startproc
 376              		@ args = 0, pretend = 0, frame = 0
 377              		@ frame_needed = 0, uses_anonymous_args = 0
 378              		.loc 1 110 1 is_stmt 0 view .LVU80
 379 0000 08B5     		push	{r3, lr}
 380              	.LCFI3:
 381              		.cfi_def_cfa_offset 8
 382              		.cfi_offset 3, -8
 383              		.cfi_offset 14, -4
 111:Src/syscalls.c ****     errno = EINVAL;
 384              		.loc 1 111 5 is_stmt 1 view .LVU81
 385 0002 FFF7FEFF 		bl	__errno
 386              	.LVL29:
 387              		.loc 1 111 11 is_stmt 0 view .LVU82
 388 0006 1623     		movs	r3, #22
 389 0008 0360     		str	r3, [r0]
 112:Src/syscalls.c ****     return -1;
 390              		.loc 1 112 5 is_stmt 1 view .LVU83
 113:Src/syscalls.c **** }
ARM GAS  C:\Users\ADMIN\AppData\Local\Temp\ccXWDYGI.s 			page 10


 391              		.loc 1 113 1 is_stmt 0 view .LVU84
 392 000a 4FF0FF30 		mov	r0, #-1
 393 000e 08BD     		pop	{r3, pc}
 394              		.cfi_endproc
 395              	.LFE76:
 397              		.section	.text._getpid,"ax",%progbits
 398              		.align	1
 399              		.global	_getpid
 400              		.syntax unified
 401              		.thumb
 402              		.thumb_func
 404              	_getpid:
 405              	.LFB77:
 114:Src/syscalls.c **** 
 115:Src/syscalls.c **** int _getpid(void)
 116:Src/syscalls.c **** {
 406              		.loc 1 116 1 is_stmt 1 view -0
 407              		.cfi_startproc
 408              		@ args = 0, pretend = 0, frame = 0
 409              		@ frame_needed = 0, uses_anonymous_args = 0
 410              		@ link register save eliminated.
 117:Src/syscalls.c ****     return 1;
 411              		.loc 1 117 5 view .LVU86
 118:Src/syscalls.c **** }
 412              		.loc 1 118 1 is_stmt 0 view .LVU87
 413 0000 0120     		movs	r0, #1
 414 0002 7047     		bx	lr
 415              		.cfi_endproc
 416              	.LFE77:
 418              		.section	.bss.heap_end,"aw",%nobits
 419              		.align	2
 420              		.set	.LANCHOR0,. + 0
 423              	heap_end:
 424 0000 00000000 		.space	4
 425              		.text
 426              	.Letext0:
 427              		.file 2 "c:\\toolschain\\arm_cc\\arm-none-eabi\\include\\machine\\_default_types.h"
 428              		.file 3 "c:\\toolschain\\arm_cc\\arm-none-eabi\\include\\sys\\_types.h"
 429              		.file 4 "c:\\toolschain\\arm_cc\\arm-none-eabi\\include\\sys\\_stdint.h"
 430              		.file 5 "c:\\toolschain\\arm_cc\\arm-none-eabi\\include\\sys\\_timeval.h"
 431              		.file 6 "c:\\toolschain\\arm_cc\\arm-none-eabi\\include\\sys\\_timespec.h"
 432              		.file 7 "c:\\toolschain\\arm_cc\\arm-none-eabi\\include\\sys\\types.h"
 433              		.file 8 "c:\\toolschain\\arm_cc\\arm-none-eabi\\include\\sys\\stat.h"
 434              		.file 9 "Libraries/CMSIS/Device/ST/STM32F1xx/Include/stm32f10x.h"
 435              		.file 10 "c:\\toolschain\\arm_cc\\arm-none-eabi\\include\\sys\\errno.h"
 436              		.file 11 "Libraries/STM32F10x_StdPeriph_Driver/inc/stm32f10x_usart.h"
ARM GAS  C:\Users\ADMIN\AppData\Local\Temp\ccXWDYGI.s 			page 11


DEFINED SYMBOLS
                            *ABS*:00000000 syscalls.c
C:\Users\ADMIN\AppData\Local\Temp\ccXWDYGI.s:18     .text._write:00000000 $t
C:\Users\ADMIN\AppData\Local\Temp\ccXWDYGI.s:24     .text._write:00000000 _write
C:\Users\ADMIN\AppData\Local\Temp\ccXWDYGI.s:122    .text._write:00000058 $d
C:\Users\ADMIN\AppData\Local\Temp\ccXWDYGI.s:127    .text._sbrk:00000000 $t
C:\Users\ADMIN\AppData\Local\Temp\ccXWDYGI.s:133    .text._sbrk:00000000 _sbrk
C:\Users\ADMIN\AppData\Local\Temp\ccXWDYGI.s:201    .text._sbrk:00000034 $d
C:\Users\ADMIN\AppData\Local\Temp\ccXWDYGI.s:208    .text._close:00000000 $t
C:\Users\ADMIN\AppData\Local\Temp\ccXWDYGI.s:214    .text._close:00000000 _close
C:\Users\ADMIN\AppData\Local\Temp\ccXWDYGI.s:232    .text._fstat:00000000 $t
C:\Users\ADMIN\AppData\Local\Temp\ccXWDYGI.s:238    .text._fstat:00000000 _fstat
C:\Users\ADMIN\AppData\Local\Temp\ccXWDYGI.s:260    .text._isatty:00000000 $t
C:\Users\ADMIN\AppData\Local\Temp\ccXWDYGI.s:266    .text._isatty:00000000 _isatty
C:\Users\ADMIN\AppData\Local\Temp\ccXWDYGI.s:284    .text._lseek:00000000 $t
C:\Users\ADMIN\AppData\Local\Temp\ccXWDYGI.s:290    .text._lseek:00000000 _lseek
C:\Users\ADMIN\AppData\Local\Temp\ccXWDYGI.s:308    .text._read:00000000 $t
C:\Users\ADMIN\AppData\Local\Temp\ccXWDYGI.s:314    .text._read:00000000 _read
C:\Users\ADMIN\AppData\Local\Temp\ccXWDYGI.s:341    .text._open:00000000 $t
C:\Users\ADMIN\AppData\Local\Temp\ccXWDYGI.s:347    .text._open:00000000 _open
C:\Users\ADMIN\AppData\Local\Temp\ccXWDYGI.s:365    .text._kill:00000000 $t
C:\Users\ADMIN\AppData\Local\Temp\ccXWDYGI.s:371    .text._kill:00000000 _kill
C:\Users\ADMIN\AppData\Local\Temp\ccXWDYGI.s:398    .text._getpid:00000000 $t
C:\Users\ADMIN\AppData\Local\Temp\ccXWDYGI.s:404    .text._getpid:00000000 _getpid
C:\Users\ADMIN\AppData\Local\Temp\ccXWDYGI.s:419    .bss.heap_end:00000000 $d
C:\Users\ADMIN\AppData\Local\Temp\ccXWDYGI.s:423    .bss.heap_end:00000000 heap_end

UNDEFINED SYMBOLS
__errno
USART_GetFlagStatus
USART_SendData
_estack
_end
