ARM GAS  C:\Users\ADMIN\AppData\Local\Temp\ccG4tkgj.s 			page 1


   1              		.cpu cortex-m3
   2              		.arch armv7-m
   3              		.fpu softvfp
   4              		.eabi_attribute 20, 1
   5              		.eabi_attribute 21, 1
   6              		.eabi_attribute 23, 3
   7              		.eabi_attribute 24, 1
   8              		.eabi_attribute 25, 1
   9              		.eabi_attribute 26, 1
  10              		.eabi_attribute 30, 1
  11              		.eabi_attribute 34, 1
  12              		.eabi_attribute 18, 4
  13              		.file	"freertos_hooks.c"
  14              		.text
  15              	.Ltext0:
  16              		.cfi_sections	.debug_frame
  17              		.section	.text.vApplicationStackOverflowHook,"ax",%progbits
  18              		.align	1
  19              		.global	vApplicationStackOverflowHook
  20              		.syntax unified
  21              		.thumb
  22              		.thumb_func
  24              	vApplicationStackOverflowHook:
  25              	.LVL0:
  26              	.LFB70:
  27              		.file 1 "Src/freertos_hooks.c"
   1:Src/freertos_hooks.c **** #include "FreeRTOS.h"
   2:Src/freertos_hooks.c **** #include "task.h"
   3:Src/freertos_hooks.c **** 
   4:Src/freertos_hooks.c **** void vApplicationStackOverflowHook(TaskHandle_t xTask, char *pcTaskName)
   5:Src/freertos_hooks.c **** {
  28              		.loc 1 5 1 view -0
  29              		.cfi_startproc
  30              		@ Volatile: function does not return.
  31              		@ args = 0, pretend = 0, frame = 0
  32              		@ frame_needed = 0, uses_anonymous_args = 0
  33              		@ link register save eliminated.
   6:Src/freertos_hooks.c ****     (void)xTask;
  34              		.loc 1 6 5 view .LVU1
   7:Src/freertos_hooks.c ****     (void)pcTaskName;
  35              		.loc 1 7 5 view .LVU2
   8:Src/freertos_hooks.c **** 
   9:Src/freertos_hooks.c ****     taskDISABLE_INTERRUPTS();
  36              		.loc 1 9 5 view .LVU3
  37              	.LBB6:
  38              	.LBI6:
  39              		.file 2 "FreeRTOS/portable/GCC/ARM_CM3/portmacro.h"
   1:FreeRTOS/portable/GCC/ARM_CM3/portmacro.h **** /*
   2:FreeRTOS/portable/GCC/ARM_CM3/portmacro.h ****     FreeRTOS V9.0.0 - Copyright (C) 2016 Real Time Engineers Ltd.
   3:FreeRTOS/portable/GCC/ARM_CM3/portmacro.h ****     All rights reserved
   4:FreeRTOS/portable/GCC/ARM_CM3/portmacro.h **** 
   5:FreeRTOS/portable/GCC/ARM_CM3/portmacro.h ****     VISIT http://www.FreeRTOS.org TO ENSURE YOU ARE USING THE LATEST VERSION.
   6:FreeRTOS/portable/GCC/ARM_CM3/portmacro.h **** 
   7:FreeRTOS/portable/GCC/ARM_CM3/portmacro.h ****     This file is part of the FreeRTOS distribution.
   8:FreeRTOS/portable/GCC/ARM_CM3/portmacro.h **** 
   9:FreeRTOS/portable/GCC/ARM_CM3/portmacro.h ****     FreeRTOS is free software; you can redistribute it and/or modify it under
  10:FreeRTOS/portable/GCC/ARM_CM3/portmacro.h ****     the terms of the GNU General Public License (version 2) as published by the
ARM GAS  C:\Users\ADMIN\AppData\Local\Temp\ccG4tkgj.s 			page 2


  11:FreeRTOS/portable/GCC/ARM_CM3/portmacro.h ****     Free Software Foundation >>>> AND MODIFIED BY <<<< the FreeRTOS exception.
  12:FreeRTOS/portable/GCC/ARM_CM3/portmacro.h **** 
  13:FreeRTOS/portable/GCC/ARM_CM3/portmacro.h ****     ***************************************************************************
  14:FreeRTOS/portable/GCC/ARM_CM3/portmacro.h ****     >>!   NOTE: The modification to the GPL is included to allow you to     !<<
  15:FreeRTOS/portable/GCC/ARM_CM3/portmacro.h ****     >>!   distribute a combined work that includes FreeRTOS without being   !<<
  16:FreeRTOS/portable/GCC/ARM_CM3/portmacro.h ****     >>!   obliged to provide the source code for proprietary components     !<<
  17:FreeRTOS/portable/GCC/ARM_CM3/portmacro.h ****     >>!   outside of the FreeRTOS kernel.                                   !<<
  18:FreeRTOS/portable/GCC/ARM_CM3/portmacro.h ****     ***************************************************************************
  19:FreeRTOS/portable/GCC/ARM_CM3/portmacro.h **** 
  20:FreeRTOS/portable/GCC/ARM_CM3/portmacro.h ****     FreeRTOS is distributed in the hope that it will be useful, but WITHOUT ANY
  21:FreeRTOS/portable/GCC/ARM_CM3/portmacro.h ****     WARRANTY; without even the implied warranty of MERCHANTABILITY or FITNESS
  22:FreeRTOS/portable/GCC/ARM_CM3/portmacro.h ****     FOR A PARTICULAR PURPOSE.  Full license text is available on the following
  23:FreeRTOS/portable/GCC/ARM_CM3/portmacro.h ****     link: http://www.freertos.org/a00114.html
  24:FreeRTOS/portable/GCC/ARM_CM3/portmacro.h **** 
  25:FreeRTOS/portable/GCC/ARM_CM3/portmacro.h ****     ***************************************************************************
  26:FreeRTOS/portable/GCC/ARM_CM3/portmacro.h ****      *                                                                       *
  27:FreeRTOS/portable/GCC/ARM_CM3/portmacro.h ****      *    FreeRTOS provides completely free yet professionally developed,    *
  28:FreeRTOS/portable/GCC/ARM_CM3/portmacro.h ****      *    robust, strictly quality controlled, supported, and cross          *
  29:FreeRTOS/portable/GCC/ARM_CM3/portmacro.h ****      *    platform software that is more than just the market leader, it     *
  30:FreeRTOS/portable/GCC/ARM_CM3/portmacro.h ****      *    is the industry's de facto standard.                               *
  31:FreeRTOS/portable/GCC/ARM_CM3/portmacro.h ****      *                                                                       *
  32:FreeRTOS/portable/GCC/ARM_CM3/portmacro.h ****      *    Help yourself get started quickly while simultaneously helping     *
  33:FreeRTOS/portable/GCC/ARM_CM3/portmacro.h ****      *    to support the FreeRTOS project by purchasing a FreeRTOS           *
  34:FreeRTOS/portable/GCC/ARM_CM3/portmacro.h ****      *    tutorial book, reference manual, or both:                          *
  35:FreeRTOS/portable/GCC/ARM_CM3/portmacro.h ****      *    http://www.FreeRTOS.org/Documentation                              *
  36:FreeRTOS/portable/GCC/ARM_CM3/portmacro.h ****      *                                                                       *
  37:FreeRTOS/portable/GCC/ARM_CM3/portmacro.h ****     ***************************************************************************
  38:FreeRTOS/portable/GCC/ARM_CM3/portmacro.h **** 
  39:FreeRTOS/portable/GCC/ARM_CM3/portmacro.h ****     http://www.FreeRTOS.org/FAQHelp.html - Having a problem?  Start by reading
  40:FreeRTOS/portable/GCC/ARM_CM3/portmacro.h ****     the FAQ page "My application does not run, what could be wrong?".  Have you
  41:FreeRTOS/portable/GCC/ARM_CM3/portmacro.h ****     defined configASSERT()?
  42:FreeRTOS/portable/GCC/ARM_CM3/portmacro.h **** 
  43:FreeRTOS/portable/GCC/ARM_CM3/portmacro.h ****     http://www.FreeRTOS.org/support - In return for receiving this top quality
  44:FreeRTOS/portable/GCC/ARM_CM3/portmacro.h ****     embedded software for free we request you assist our global community by
  45:FreeRTOS/portable/GCC/ARM_CM3/portmacro.h ****     participating in the support forum.
  46:FreeRTOS/portable/GCC/ARM_CM3/portmacro.h **** 
  47:FreeRTOS/portable/GCC/ARM_CM3/portmacro.h ****     http://www.FreeRTOS.org/training - Investing in training allows your team to
  48:FreeRTOS/portable/GCC/ARM_CM3/portmacro.h ****     be as productive as possible as early as possible.  Now you can receive
  49:FreeRTOS/portable/GCC/ARM_CM3/portmacro.h ****     FreeRTOS training directly from Richard Barry, CEO of Real Time Engineers
  50:FreeRTOS/portable/GCC/ARM_CM3/portmacro.h ****     Ltd, and the world's leading authority on the world's leading RTOS.
  51:FreeRTOS/portable/GCC/ARM_CM3/portmacro.h **** 
  52:FreeRTOS/portable/GCC/ARM_CM3/portmacro.h ****     http://www.FreeRTOS.org/plus - A selection of FreeRTOS ecosystem products,
  53:FreeRTOS/portable/GCC/ARM_CM3/portmacro.h ****     including FreeRTOS+Trace - an indispensable productivity tool, a DOS
  54:FreeRTOS/portable/GCC/ARM_CM3/portmacro.h ****     compatible FAT file system, and our tiny thread aware UDP/IP stack.
  55:FreeRTOS/portable/GCC/ARM_CM3/portmacro.h **** 
  56:FreeRTOS/portable/GCC/ARM_CM3/portmacro.h ****     http://www.FreeRTOS.org/labs - Where new FreeRTOS products go to incubate.
  57:FreeRTOS/portable/GCC/ARM_CM3/portmacro.h ****     Come and try FreeRTOS+TCP, our new open source TCP/IP stack for FreeRTOS.
  58:FreeRTOS/portable/GCC/ARM_CM3/portmacro.h **** 
  59:FreeRTOS/portable/GCC/ARM_CM3/portmacro.h ****     http://www.OpenRTOS.com - Real Time Engineers ltd. license FreeRTOS to High
  60:FreeRTOS/portable/GCC/ARM_CM3/portmacro.h ****     Integrity Systems ltd. to sell under the OpenRTOS brand.  Low cost OpenRTOS
  61:FreeRTOS/portable/GCC/ARM_CM3/portmacro.h ****     licenses offer ticketed support, indemnification and commercial middleware.
  62:FreeRTOS/portable/GCC/ARM_CM3/portmacro.h **** 
  63:FreeRTOS/portable/GCC/ARM_CM3/portmacro.h ****     http://www.SafeRTOS.com - High Integrity Systems also provide a safety
  64:FreeRTOS/portable/GCC/ARM_CM3/portmacro.h ****     engineered and independently SIL3 certified version for use in safety and
  65:FreeRTOS/portable/GCC/ARM_CM3/portmacro.h ****     mission critical applications that require provable dependability.
  66:FreeRTOS/portable/GCC/ARM_CM3/portmacro.h **** 
  67:FreeRTOS/portable/GCC/ARM_CM3/portmacro.h ****     1 tab == 4 spaces!
ARM GAS  C:\Users\ADMIN\AppData\Local\Temp\ccG4tkgj.s 			page 3


  68:FreeRTOS/portable/GCC/ARM_CM3/portmacro.h **** */
  69:FreeRTOS/portable/GCC/ARM_CM3/portmacro.h **** 
  70:FreeRTOS/portable/GCC/ARM_CM3/portmacro.h **** 
  71:FreeRTOS/portable/GCC/ARM_CM3/portmacro.h **** #ifndef PORTMACRO_H
  72:FreeRTOS/portable/GCC/ARM_CM3/portmacro.h **** #define PORTMACRO_H
  73:FreeRTOS/portable/GCC/ARM_CM3/portmacro.h **** 
  74:FreeRTOS/portable/GCC/ARM_CM3/portmacro.h **** #ifdef __cplusplus
  75:FreeRTOS/portable/GCC/ARM_CM3/portmacro.h **** extern "C" {
  76:FreeRTOS/portable/GCC/ARM_CM3/portmacro.h **** #endif
  77:FreeRTOS/portable/GCC/ARM_CM3/portmacro.h **** 
  78:FreeRTOS/portable/GCC/ARM_CM3/portmacro.h **** /*-----------------------------------------------------------
  79:FreeRTOS/portable/GCC/ARM_CM3/portmacro.h ****  * Port specific definitions.
  80:FreeRTOS/portable/GCC/ARM_CM3/portmacro.h ****  *
  81:FreeRTOS/portable/GCC/ARM_CM3/portmacro.h ****  * The settings in this file configure FreeRTOS correctly for the
  82:FreeRTOS/portable/GCC/ARM_CM3/portmacro.h ****  * given hardware and compiler.
  83:FreeRTOS/portable/GCC/ARM_CM3/portmacro.h ****  *
  84:FreeRTOS/portable/GCC/ARM_CM3/portmacro.h ****  * These settings should not be altered.
  85:FreeRTOS/portable/GCC/ARM_CM3/portmacro.h ****  *-----------------------------------------------------------
  86:FreeRTOS/portable/GCC/ARM_CM3/portmacro.h ****  */
  87:FreeRTOS/portable/GCC/ARM_CM3/portmacro.h ****  #include <stdint.h>
  88:FreeRTOS/portable/GCC/ARM_CM3/portmacro.h **** 
  89:FreeRTOS/portable/GCC/ARM_CM3/portmacro.h **** /* Type definitions. */
  90:FreeRTOS/portable/GCC/ARM_CM3/portmacro.h **** #define portCHAR		char
  91:FreeRTOS/portable/GCC/ARM_CM3/portmacro.h **** #define portFLOAT		float
  92:FreeRTOS/portable/GCC/ARM_CM3/portmacro.h **** #define portDOUBLE		double
  93:FreeRTOS/portable/GCC/ARM_CM3/portmacro.h **** #define portLONG		long
  94:FreeRTOS/portable/GCC/ARM_CM3/portmacro.h **** #define portSHORT		short
  95:FreeRTOS/portable/GCC/ARM_CM3/portmacro.h **** #define portSTACK_TYPE	uint32_t
  96:FreeRTOS/portable/GCC/ARM_CM3/portmacro.h **** #define portBASE_TYPE	long
  97:FreeRTOS/portable/GCC/ARM_CM3/portmacro.h **** 
  98:FreeRTOS/portable/GCC/ARM_CM3/portmacro.h **** typedef portSTACK_TYPE StackType_t;
  99:FreeRTOS/portable/GCC/ARM_CM3/portmacro.h **** typedef long BaseType_t;
 100:FreeRTOS/portable/GCC/ARM_CM3/portmacro.h **** typedef unsigned long UBaseType_t;
 101:FreeRTOS/portable/GCC/ARM_CM3/portmacro.h **** 
 102:FreeRTOS/portable/GCC/ARM_CM3/portmacro.h **** #if( configUSE_16_BIT_TICKS == 1 )
 103:FreeRTOS/portable/GCC/ARM_CM3/portmacro.h **** 	typedef uint16_t TickType_t;
 104:FreeRTOS/portable/GCC/ARM_CM3/portmacro.h **** 	#define portMAX_DELAY ( TickType_t ) 0xffff
 105:FreeRTOS/portable/GCC/ARM_CM3/portmacro.h **** #else
 106:FreeRTOS/portable/GCC/ARM_CM3/portmacro.h **** 	typedef uint32_t TickType_t;
 107:FreeRTOS/portable/GCC/ARM_CM3/portmacro.h **** 	#define portMAX_DELAY ( TickType_t ) 0xffffffffUL
 108:FreeRTOS/portable/GCC/ARM_CM3/portmacro.h **** 
 109:FreeRTOS/portable/GCC/ARM_CM3/portmacro.h **** 	/* 32-bit tick type on a 32-bit architecture, so reads of the tick count do
 110:FreeRTOS/portable/GCC/ARM_CM3/portmacro.h **** 	not need to be guarded with a critical section. */
 111:FreeRTOS/portable/GCC/ARM_CM3/portmacro.h **** 	#define portTICK_TYPE_IS_ATOMIC 1
 112:FreeRTOS/portable/GCC/ARM_CM3/portmacro.h **** #endif
 113:FreeRTOS/portable/GCC/ARM_CM3/portmacro.h **** /*-----------------------------------------------------------*/
 114:FreeRTOS/portable/GCC/ARM_CM3/portmacro.h **** 
 115:FreeRTOS/portable/GCC/ARM_CM3/portmacro.h **** /* Architecture specifics. */
 116:FreeRTOS/portable/GCC/ARM_CM3/portmacro.h **** #define portSTACK_GROWTH			( -1 )
 117:FreeRTOS/portable/GCC/ARM_CM3/portmacro.h **** #define portTICK_PERIOD_MS			( ( TickType_t ) 1000 / configTICK_RATE_HZ )
 118:FreeRTOS/portable/GCC/ARM_CM3/portmacro.h **** #define portBYTE_ALIGNMENT			8
 119:FreeRTOS/portable/GCC/ARM_CM3/portmacro.h **** /*-----------------------------------------------------------*/
 120:FreeRTOS/portable/GCC/ARM_CM3/portmacro.h **** 
 121:FreeRTOS/portable/GCC/ARM_CM3/portmacro.h **** /* Scheduler utilities. */
 122:FreeRTOS/portable/GCC/ARM_CM3/portmacro.h **** #define portYIELD() 															\
 123:FreeRTOS/portable/GCC/ARM_CM3/portmacro.h **** {																				\
 124:FreeRTOS/portable/GCC/ARM_CM3/portmacro.h **** 	/* Set a PendSV to request a context switch. */								\
ARM GAS  C:\Users\ADMIN\AppData\Local\Temp\ccG4tkgj.s 			page 4


 125:FreeRTOS/portable/GCC/ARM_CM3/portmacro.h **** 	portNVIC_INT_CTRL_REG = portNVIC_PENDSVSET_BIT;								\
 126:FreeRTOS/portable/GCC/ARM_CM3/portmacro.h **** 																				\
 127:FreeRTOS/portable/GCC/ARM_CM3/portmacro.h **** 	/* Barriers are normally not required but do ensure the code is completely	\
 128:FreeRTOS/portable/GCC/ARM_CM3/portmacro.h **** 	within the specified behaviour for the architecture. */						\
 129:FreeRTOS/portable/GCC/ARM_CM3/portmacro.h **** 	__asm volatile( "dsb" );													\
 130:FreeRTOS/portable/GCC/ARM_CM3/portmacro.h **** 	__asm volatile( "isb" );													\
 131:FreeRTOS/portable/GCC/ARM_CM3/portmacro.h **** }
 132:FreeRTOS/portable/GCC/ARM_CM3/portmacro.h **** 
 133:FreeRTOS/portable/GCC/ARM_CM3/portmacro.h **** #define portNVIC_INT_CTRL_REG		( * ( ( volatile uint32_t * ) 0xe000ed04 ) )
 134:FreeRTOS/portable/GCC/ARM_CM3/portmacro.h **** #define portNVIC_PENDSVSET_BIT		( 1UL << 28UL )
 135:FreeRTOS/portable/GCC/ARM_CM3/portmacro.h **** #define portEND_SWITCHING_ISR( xSwitchRequired ) if( xSwitchRequired != pdFALSE ) portYIELD()
 136:FreeRTOS/portable/GCC/ARM_CM3/portmacro.h **** #define portYIELD_FROM_ISR( x ) portEND_SWITCHING_ISR( x )
 137:FreeRTOS/portable/GCC/ARM_CM3/portmacro.h **** /*-----------------------------------------------------------*/
 138:FreeRTOS/portable/GCC/ARM_CM3/portmacro.h **** 
 139:FreeRTOS/portable/GCC/ARM_CM3/portmacro.h **** /* Critical section management. */
 140:FreeRTOS/portable/GCC/ARM_CM3/portmacro.h **** extern void vPortEnterCritical( void );
 141:FreeRTOS/portable/GCC/ARM_CM3/portmacro.h **** extern void vPortExitCritical( void );
 142:FreeRTOS/portable/GCC/ARM_CM3/portmacro.h **** #define portSET_INTERRUPT_MASK_FROM_ISR()		ulPortRaiseBASEPRI()
 143:FreeRTOS/portable/GCC/ARM_CM3/portmacro.h **** #define portCLEAR_INTERRUPT_MASK_FROM_ISR(x)	vPortSetBASEPRI(x)
 144:FreeRTOS/portable/GCC/ARM_CM3/portmacro.h **** #define portDISABLE_INTERRUPTS()				vPortRaiseBASEPRI()
 145:FreeRTOS/portable/GCC/ARM_CM3/portmacro.h **** #define portENABLE_INTERRUPTS()					vPortSetBASEPRI(0)
 146:FreeRTOS/portable/GCC/ARM_CM3/portmacro.h **** #define portENTER_CRITICAL()					vPortEnterCritical()
 147:FreeRTOS/portable/GCC/ARM_CM3/portmacro.h **** #define portEXIT_CRITICAL()						vPortExitCritical()
 148:FreeRTOS/portable/GCC/ARM_CM3/portmacro.h **** 
 149:FreeRTOS/portable/GCC/ARM_CM3/portmacro.h **** /*-----------------------------------------------------------*/
 150:FreeRTOS/portable/GCC/ARM_CM3/portmacro.h **** 
 151:FreeRTOS/portable/GCC/ARM_CM3/portmacro.h **** /* Task function macros as described on the FreeRTOS.org WEB site.  These are
 152:FreeRTOS/portable/GCC/ARM_CM3/portmacro.h **** not necessary for to use this port.  They are defined so the common demo files
 153:FreeRTOS/portable/GCC/ARM_CM3/portmacro.h **** (which build with all the ports) will build. */
 154:FreeRTOS/portable/GCC/ARM_CM3/portmacro.h **** #define portTASK_FUNCTION_PROTO( vFunction, pvParameters ) void vFunction( void *pvParameters )
 155:FreeRTOS/portable/GCC/ARM_CM3/portmacro.h **** #define portTASK_FUNCTION( vFunction, pvParameters ) void vFunction( void *pvParameters )
 156:FreeRTOS/portable/GCC/ARM_CM3/portmacro.h **** /*-----------------------------------------------------------*/
 157:FreeRTOS/portable/GCC/ARM_CM3/portmacro.h **** 
 158:FreeRTOS/portable/GCC/ARM_CM3/portmacro.h **** /* Tickless idle/low power functionality. */
 159:FreeRTOS/portable/GCC/ARM_CM3/portmacro.h **** #ifndef portSUPPRESS_TICKS_AND_SLEEP
 160:FreeRTOS/portable/GCC/ARM_CM3/portmacro.h **** 	extern void vPortSuppressTicksAndSleep( TickType_t xExpectedIdleTime );
 161:FreeRTOS/portable/GCC/ARM_CM3/portmacro.h **** 	#define portSUPPRESS_TICKS_AND_SLEEP( xExpectedIdleTime ) vPortSuppressTicksAndSleep( xExpectedIdl
 162:FreeRTOS/portable/GCC/ARM_CM3/portmacro.h **** #endif
 163:FreeRTOS/portable/GCC/ARM_CM3/portmacro.h **** /*-----------------------------------------------------------*/
 164:FreeRTOS/portable/GCC/ARM_CM3/portmacro.h **** 
 165:FreeRTOS/portable/GCC/ARM_CM3/portmacro.h **** /* Architecture specific optimisations. */
 166:FreeRTOS/portable/GCC/ARM_CM3/portmacro.h **** #ifndef configUSE_PORT_OPTIMISED_TASK_SELECTION
 167:FreeRTOS/portable/GCC/ARM_CM3/portmacro.h **** 	#define configUSE_PORT_OPTIMISED_TASK_SELECTION 1
 168:FreeRTOS/portable/GCC/ARM_CM3/portmacro.h **** #endif
 169:FreeRTOS/portable/GCC/ARM_CM3/portmacro.h **** 
 170:FreeRTOS/portable/GCC/ARM_CM3/portmacro.h **** #if configUSE_PORT_OPTIMISED_TASK_SELECTION == 1
 171:FreeRTOS/portable/GCC/ARM_CM3/portmacro.h **** 
 172:FreeRTOS/portable/GCC/ARM_CM3/portmacro.h **** 	/* Generic helper function. */
 173:FreeRTOS/portable/GCC/ARM_CM3/portmacro.h **** 	__attribute__( ( always_inline ) ) static inline uint8_t ucPortCountLeadingZeros( uint32_t ulBitma
 174:FreeRTOS/portable/GCC/ARM_CM3/portmacro.h **** 	{
 175:FreeRTOS/portable/GCC/ARM_CM3/portmacro.h **** 	uint8_t ucReturn;
 176:FreeRTOS/portable/GCC/ARM_CM3/portmacro.h **** 
 177:FreeRTOS/portable/GCC/ARM_CM3/portmacro.h **** 		__asm volatile ( "clz %0, %1" : "=r" ( ucReturn ) : "r" ( ulBitmap ) );
 178:FreeRTOS/portable/GCC/ARM_CM3/portmacro.h **** 		return ucReturn;
 179:FreeRTOS/portable/GCC/ARM_CM3/portmacro.h **** 	}
 180:FreeRTOS/portable/GCC/ARM_CM3/portmacro.h **** 
 181:FreeRTOS/portable/GCC/ARM_CM3/portmacro.h **** 	/* Check the configuration. */
ARM GAS  C:\Users\ADMIN\AppData\Local\Temp\ccG4tkgj.s 			page 5


 182:FreeRTOS/portable/GCC/ARM_CM3/portmacro.h **** 	#if( configMAX_PRIORITIES > 32 )
 183:FreeRTOS/portable/GCC/ARM_CM3/portmacro.h **** 		#error configUSE_PORT_OPTIMISED_TASK_SELECTION can only be set to 1 when configMAX_PRIORITIES is 
 184:FreeRTOS/portable/GCC/ARM_CM3/portmacro.h **** 	#endif
 185:FreeRTOS/portable/GCC/ARM_CM3/portmacro.h **** 
 186:FreeRTOS/portable/GCC/ARM_CM3/portmacro.h **** 	/* Store/clear the ready priorities in a bit map. */
 187:FreeRTOS/portable/GCC/ARM_CM3/portmacro.h **** 	#define portRECORD_READY_PRIORITY( uxPriority, uxReadyPriorities ) ( uxReadyPriorities ) |= ( 1UL 
 188:FreeRTOS/portable/GCC/ARM_CM3/portmacro.h **** 	#define portRESET_READY_PRIORITY( uxPriority, uxReadyPriorities ) ( uxReadyPriorities ) &= ~( 1UL 
 189:FreeRTOS/portable/GCC/ARM_CM3/portmacro.h **** 
 190:FreeRTOS/portable/GCC/ARM_CM3/portmacro.h **** 	/*-----------------------------------------------------------*/
 191:FreeRTOS/portable/GCC/ARM_CM3/portmacro.h **** 
 192:FreeRTOS/portable/GCC/ARM_CM3/portmacro.h **** 	#define portGET_HIGHEST_PRIORITY( uxTopPriority, uxReadyPriorities ) uxTopPriority = ( 31UL - ( ui
 193:FreeRTOS/portable/GCC/ARM_CM3/portmacro.h **** 
 194:FreeRTOS/portable/GCC/ARM_CM3/portmacro.h **** #endif /* configUSE_PORT_OPTIMISED_TASK_SELECTION */
 195:FreeRTOS/portable/GCC/ARM_CM3/portmacro.h **** 
 196:FreeRTOS/portable/GCC/ARM_CM3/portmacro.h **** /*-----------------------------------------------------------*/
 197:FreeRTOS/portable/GCC/ARM_CM3/portmacro.h **** 
 198:FreeRTOS/portable/GCC/ARM_CM3/portmacro.h **** #ifdef configASSERT
 199:FreeRTOS/portable/GCC/ARM_CM3/portmacro.h **** 	void vPortValidateInterruptPriority( void );
 200:FreeRTOS/portable/GCC/ARM_CM3/portmacro.h **** 	#define portASSERT_IF_INTERRUPT_PRIORITY_INVALID() 	vPortValidateInterruptPriority()
 201:FreeRTOS/portable/GCC/ARM_CM3/portmacro.h **** #endif
 202:FreeRTOS/portable/GCC/ARM_CM3/portmacro.h **** 
 203:FreeRTOS/portable/GCC/ARM_CM3/portmacro.h **** /* portNOP() is not required by this port. */
 204:FreeRTOS/portable/GCC/ARM_CM3/portmacro.h **** #define portNOP()
 205:FreeRTOS/portable/GCC/ARM_CM3/portmacro.h **** 
 206:FreeRTOS/portable/GCC/ARM_CM3/portmacro.h **** #define portINLINE	__inline
 207:FreeRTOS/portable/GCC/ARM_CM3/portmacro.h **** 
 208:FreeRTOS/portable/GCC/ARM_CM3/portmacro.h **** #ifndef portFORCE_INLINE
 209:FreeRTOS/portable/GCC/ARM_CM3/portmacro.h **** 	#define portFORCE_INLINE inline __attribute__(( always_inline))
 210:FreeRTOS/portable/GCC/ARM_CM3/portmacro.h **** #endif
 211:FreeRTOS/portable/GCC/ARM_CM3/portmacro.h **** 
 212:FreeRTOS/portable/GCC/ARM_CM3/portmacro.h **** portFORCE_INLINE static BaseType_t xPortIsInsideInterrupt( void )
 213:FreeRTOS/portable/GCC/ARM_CM3/portmacro.h **** {
 214:FreeRTOS/portable/GCC/ARM_CM3/portmacro.h **** uint32_t ulCurrentInterrupt;
 215:FreeRTOS/portable/GCC/ARM_CM3/portmacro.h **** BaseType_t xReturn;
 216:FreeRTOS/portable/GCC/ARM_CM3/portmacro.h **** 
 217:FreeRTOS/portable/GCC/ARM_CM3/portmacro.h **** 	/* Obtain the number of the currently executing interrupt. */
 218:FreeRTOS/portable/GCC/ARM_CM3/portmacro.h **** 	__asm volatile( "mrs %0, ipsr" : "=r"( ulCurrentInterrupt ) );
 219:FreeRTOS/portable/GCC/ARM_CM3/portmacro.h **** 
 220:FreeRTOS/portable/GCC/ARM_CM3/portmacro.h **** 	if( ulCurrentInterrupt == 0 )
 221:FreeRTOS/portable/GCC/ARM_CM3/portmacro.h **** 	{
 222:FreeRTOS/portable/GCC/ARM_CM3/portmacro.h **** 		xReturn = pdFALSE;
 223:FreeRTOS/portable/GCC/ARM_CM3/portmacro.h **** 	}
 224:FreeRTOS/portable/GCC/ARM_CM3/portmacro.h **** 	else
 225:FreeRTOS/portable/GCC/ARM_CM3/portmacro.h **** 	{
 226:FreeRTOS/portable/GCC/ARM_CM3/portmacro.h **** 		xReturn = pdTRUE;
 227:FreeRTOS/portable/GCC/ARM_CM3/portmacro.h **** 	}
 228:FreeRTOS/portable/GCC/ARM_CM3/portmacro.h **** 
 229:FreeRTOS/portable/GCC/ARM_CM3/portmacro.h **** 	return xReturn;
 230:FreeRTOS/portable/GCC/ARM_CM3/portmacro.h **** }
 231:FreeRTOS/portable/GCC/ARM_CM3/portmacro.h **** 
 232:FreeRTOS/portable/GCC/ARM_CM3/portmacro.h **** /*-----------------------------------------------------------*/
 233:FreeRTOS/portable/GCC/ARM_CM3/portmacro.h **** 
 234:FreeRTOS/portable/GCC/ARM_CM3/portmacro.h **** portFORCE_INLINE static void vPortRaiseBASEPRI( void )
  40              		.loc 2 234 30 view .LVU4
  41              	.LBB7:
 235:FreeRTOS/portable/GCC/ARM_CM3/portmacro.h **** {
 236:FreeRTOS/portable/GCC/ARM_CM3/portmacro.h **** uint32_t ulNewBASEPRI;
ARM GAS  C:\Users\ADMIN\AppData\Local\Temp\ccG4tkgj.s 			page 6


  42              		.loc 2 236 1 view .LVU5
 237:FreeRTOS/portable/GCC/ARM_CM3/portmacro.h **** 
 238:FreeRTOS/portable/GCC/ARM_CM3/portmacro.h **** 	__asm volatile
  43              		.loc 2 238 2 view .LVU6
  44              		.syntax unified
  45              	@ 238 "FreeRTOS/portable/GCC/ARM_CM3/portmacro.h" 1
  46 0000 4FF05003 			mov r3, #80												
  47 0004 83F31188 		msr basepri, r3											
  48 0008 BFF36F8F 		isb														
  49 000c BFF34F8F 		dsb														
  50              	
  51              	@ 0 "" 2
  52              	.LVL1:
  53              		.thumb
  54              		.syntax unified
  55              	.L2:
  56              		.loc 2 238 2 is_stmt 0 view .LVU7
  57              	.LBE7:
  58              	.LBE6:
  10:Src/freertos_hooks.c ****     for (;;)
  59              		.loc 1 10 5 is_stmt 1 discriminator 1 view .LVU8
  11:Src/freertos_hooks.c ****     {
  12:Src/freertos_hooks.c ****     }
  60              		.loc 1 12 5 discriminator 1 view .LVU9
  10:Src/freertos_hooks.c ****     for (;;)
  61              		.loc 1 10 11 discriminator 1 view .LVU10
  62 0010 FEE7     		b	.L2
  63              		.cfi_endproc
  64              	.LFE70:
  66              		.section	.text.vApplicationMallocFailedHook,"ax",%progbits
  67              		.align	1
  68              		.global	vApplicationMallocFailedHook
  69              		.syntax unified
  70              		.thumb
  71              		.thumb_func
  73              	vApplicationMallocFailedHook:
  74              	.LFB71:
  13:Src/freertos_hooks.c **** }
  14:Src/freertos_hooks.c **** 
  15:Src/freertos_hooks.c **** void vApplicationMallocFailedHook(void)
  16:Src/freertos_hooks.c **** {
  75              		.loc 1 16 1 view -0
  76              		.cfi_startproc
  77              		@ Volatile: function does not return.
  78              		@ args = 0, pretend = 0, frame = 0
  79              		@ frame_needed = 0, uses_anonymous_args = 0
  80              		@ link register save eliminated.
  17:Src/freertos_hooks.c ****     taskDISABLE_INTERRUPTS();
  81              		.loc 1 17 5 view .LVU12
  82              	.LBB8:
  83              	.LBI8:
 234:FreeRTOS/portable/GCC/ARM_CM3/portmacro.h **** {
  84              		.loc 2 234 30 view .LVU13
  85              	.LBB9:
 236:FreeRTOS/portable/GCC/ARM_CM3/portmacro.h **** 
  86              		.loc 2 236 1 view .LVU14
  87              		.loc 2 238 2 view .LVU15
ARM GAS  C:\Users\ADMIN\AppData\Local\Temp\ccG4tkgj.s 			page 7


  88              		.syntax unified
  89              	@ 238 "FreeRTOS/portable/GCC/ARM_CM3/portmacro.h" 1
  90 0000 4FF05003 			mov r3, #80												
  91 0004 83F31188 		msr basepri, r3											
  92 0008 BFF36F8F 		isb														
  93 000c BFF34F8F 		dsb														
  94              	
  95              	@ 0 "" 2
  96              	.LVL2:
  97              		.thumb
  98              		.syntax unified
  99              	.L4:
 100              		.loc 2 238 2 is_stmt 0 view .LVU16
 101              	.LBE9:
 102              	.LBE8:
  18:Src/freertos_hooks.c ****     for (;;)
 103              		.loc 1 18 5 is_stmt 1 discriminator 1 view .LVU17
  19:Src/freertos_hooks.c ****     {
  20:Src/freertos_hooks.c ****     }
 104              		.loc 1 20 5 discriminator 1 view .LVU18
  18:Src/freertos_hooks.c ****     for (;;)
 105              		.loc 1 18 11 discriminator 1 view .LVU19
 106 0010 FEE7     		b	.L4
 107              		.cfi_endproc
 108              	.LFE71:
 110              		.text
 111              	.Letext0:
 112              		.file 3 "c:\\toolschain\\arm_cc\\arm-none-eabi\\include\\machine\\_default_types.h"
 113              		.file 4 "c:\\toolschain\\arm_cc\\arm-none-eabi\\include\\sys\\_stdint.h"
 114              		.file 5 "FreeRTOS/include/task.h"
ARM GAS  C:\Users\ADMIN\AppData\Local\Temp\ccG4tkgj.s 			page 8


DEFINED SYMBOLS
                            *ABS*:00000000 freertos_hooks.c
C:\Users\ADMIN\AppData\Local\Temp\ccG4tkgj.s:18     .text.vApplicationStackOverflowHook:00000000 $t
C:\Users\ADMIN\AppData\Local\Temp\ccG4tkgj.s:24     .text.vApplicationStackOverflowHook:00000000 vApplicationStackOverflowHook
C:\Users\ADMIN\AppData\Local\Temp\ccG4tkgj.s:67     .text.vApplicationMallocFailedHook:00000000 $t
C:\Users\ADMIN\AppData\Local\Temp\ccG4tkgj.s:73     .text.vApplicationMallocFailedHook:00000000 vApplicationMallocFailedHook

NO UNDEFINED SYMBOLS
