ARM GAS  C:\Users\ADMIN\AppData\Local\Temp\ccOfjw5a.s 			page 1


   1              		.cpu cortex-m3
   2              		.arch armv7-m
   3              		.fpu softvfp
   4              		.eabi_attribute 20, 1
   5              		.eabi_attribute 21, 1
   6              		.eabi_attribute 23, 3
   7              		.eabi_attribute 24, 1
   8              		.eabi_attribute 25, 1
   9              		.eabi_attribute 26, 1
  10              		.eabi_attribute 30, 1
  11              		.eabi_attribute 34, 1
  12              		.eabi_attribute 18, 4
  13              		.file	"stm32f10x_exti.c"
  14              		.text
  15              	.Ltext0:
  16              		.cfi_sections	.debug_frame
  17              		.section	.text.EXTI_DeInit,"ax",%progbits
  18              		.align	1
  19              		.global	EXTI_DeInit
  20              		.syntax unified
  21              		.thumb
  22              		.thumb_func
  24              	EXTI_DeInit:
  25              	.LFB65:
  26              		.file 1 "Libraries/STM32F10x_StdPeriph_Driver/src/stm32f10x_exti.c"
   1:Libraries/STM32F10x_StdPeriph_Driver/src/stm32f10x_exti.c **** /**
   2:Libraries/STM32F10x_StdPeriph_Driver/src/stm32f10x_exti.c ****   ******************************************************************************
   3:Libraries/STM32F10x_StdPeriph_Driver/src/stm32f10x_exti.c ****   * @file    stm32f10x_exti.c
   4:Libraries/STM32F10x_StdPeriph_Driver/src/stm32f10x_exti.c ****   * @author  MCD Application Team
   5:Libraries/STM32F10x_StdPeriph_Driver/src/stm32f10x_exti.c ****   * @version V3.5.0
   6:Libraries/STM32F10x_StdPeriph_Driver/src/stm32f10x_exti.c ****   * @date    11-March-2011
   7:Libraries/STM32F10x_StdPeriph_Driver/src/stm32f10x_exti.c ****   * @brief   This file provides all the EXTI firmware functions.
   8:Libraries/STM32F10x_StdPeriph_Driver/src/stm32f10x_exti.c ****   ******************************************************************************
   9:Libraries/STM32F10x_StdPeriph_Driver/src/stm32f10x_exti.c ****   * @attention
  10:Libraries/STM32F10x_StdPeriph_Driver/src/stm32f10x_exti.c ****   *
  11:Libraries/STM32F10x_StdPeriph_Driver/src/stm32f10x_exti.c ****   * THE PRESENT FIRMWARE WHICH IS FOR GUIDANCE ONLY AIMS AT PROVIDING CUSTOMERS
  12:Libraries/STM32F10x_StdPeriph_Driver/src/stm32f10x_exti.c ****   * WITH CODING INFORMATION REGARDING THEIR PRODUCTS IN ORDER FOR THEM TO SAVE
  13:Libraries/STM32F10x_StdPeriph_Driver/src/stm32f10x_exti.c ****   * TIME. AS A RESULT, STMICROELECTRONICS SHALL NOT BE HELD LIABLE FOR ANY
  14:Libraries/STM32F10x_StdPeriph_Driver/src/stm32f10x_exti.c ****   * DIRECT, INDIRECT OR CONSEQUENTIAL DAMAGES WITH RESPECT TO ANY CLAIMS ARISING
  15:Libraries/STM32F10x_StdPeriph_Driver/src/stm32f10x_exti.c ****   * FROM THE CONTENT OF SUCH FIRMWARE AND/OR THE USE MADE BY CUSTOMERS OF THE
  16:Libraries/STM32F10x_StdPeriph_Driver/src/stm32f10x_exti.c ****   * CODING INFORMATION CONTAINED HEREIN IN CONNECTION WITH THEIR PRODUCTS.
  17:Libraries/STM32F10x_StdPeriph_Driver/src/stm32f10x_exti.c ****   *
  18:Libraries/STM32F10x_StdPeriph_Driver/src/stm32f10x_exti.c ****   * <h2><center>&copy; COPYRIGHT 2011 STMicroelectronics</center></h2>
  19:Libraries/STM32F10x_StdPeriph_Driver/src/stm32f10x_exti.c ****   ******************************************************************************
  20:Libraries/STM32F10x_StdPeriph_Driver/src/stm32f10x_exti.c ****   */
  21:Libraries/STM32F10x_StdPeriph_Driver/src/stm32f10x_exti.c **** 
  22:Libraries/STM32F10x_StdPeriph_Driver/src/stm32f10x_exti.c **** /* Includes ------------------------------------------------------------------*/
  23:Libraries/STM32F10x_StdPeriph_Driver/src/stm32f10x_exti.c **** #include "stm32f10x_exti.h"
  24:Libraries/STM32F10x_StdPeriph_Driver/src/stm32f10x_exti.c **** 
  25:Libraries/STM32F10x_StdPeriph_Driver/src/stm32f10x_exti.c **** /** @addtogroup STM32F10x_StdPeriph_Driver
  26:Libraries/STM32F10x_StdPeriph_Driver/src/stm32f10x_exti.c ****   * @{
  27:Libraries/STM32F10x_StdPeriph_Driver/src/stm32f10x_exti.c ****   */
  28:Libraries/STM32F10x_StdPeriph_Driver/src/stm32f10x_exti.c **** 
  29:Libraries/STM32F10x_StdPeriph_Driver/src/stm32f10x_exti.c **** /** @defgroup EXTI 
  30:Libraries/STM32F10x_StdPeriph_Driver/src/stm32f10x_exti.c ****   * @brief EXTI driver modules
  31:Libraries/STM32F10x_StdPeriph_Driver/src/stm32f10x_exti.c ****   * @{
  32:Libraries/STM32F10x_StdPeriph_Driver/src/stm32f10x_exti.c ****   */
ARM GAS  C:\Users\ADMIN\AppData\Local\Temp\ccOfjw5a.s 			page 2


  33:Libraries/STM32F10x_StdPeriph_Driver/src/stm32f10x_exti.c **** 
  34:Libraries/STM32F10x_StdPeriph_Driver/src/stm32f10x_exti.c **** /** @defgroup EXTI_Private_TypesDefinitions
  35:Libraries/STM32F10x_StdPeriph_Driver/src/stm32f10x_exti.c ****   * @{
  36:Libraries/STM32F10x_StdPeriph_Driver/src/stm32f10x_exti.c ****   */
  37:Libraries/STM32F10x_StdPeriph_Driver/src/stm32f10x_exti.c **** 
  38:Libraries/STM32F10x_StdPeriph_Driver/src/stm32f10x_exti.c **** /**
  39:Libraries/STM32F10x_StdPeriph_Driver/src/stm32f10x_exti.c ****   * @}
  40:Libraries/STM32F10x_StdPeriph_Driver/src/stm32f10x_exti.c ****   */
  41:Libraries/STM32F10x_StdPeriph_Driver/src/stm32f10x_exti.c **** 
  42:Libraries/STM32F10x_StdPeriph_Driver/src/stm32f10x_exti.c **** /** @defgroup EXTI_Private_Defines
  43:Libraries/STM32F10x_StdPeriph_Driver/src/stm32f10x_exti.c ****   * @{
  44:Libraries/STM32F10x_StdPeriph_Driver/src/stm32f10x_exti.c ****   */
  45:Libraries/STM32F10x_StdPeriph_Driver/src/stm32f10x_exti.c **** 
  46:Libraries/STM32F10x_StdPeriph_Driver/src/stm32f10x_exti.c **** #define EXTI_LINENONE    ((uint32_t)0x00000)  /* No interrupt selected */
  47:Libraries/STM32F10x_StdPeriph_Driver/src/stm32f10x_exti.c **** 
  48:Libraries/STM32F10x_StdPeriph_Driver/src/stm32f10x_exti.c **** /**
  49:Libraries/STM32F10x_StdPeriph_Driver/src/stm32f10x_exti.c ****   * @}
  50:Libraries/STM32F10x_StdPeriph_Driver/src/stm32f10x_exti.c ****   */
  51:Libraries/STM32F10x_StdPeriph_Driver/src/stm32f10x_exti.c **** 
  52:Libraries/STM32F10x_StdPeriph_Driver/src/stm32f10x_exti.c **** /** @defgroup EXTI_Private_Macros
  53:Libraries/STM32F10x_StdPeriph_Driver/src/stm32f10x_exti.c ****   * @{
  54:Libraries/STM32F10x_StdPeriph_Driver/src/stm32f10x_exti.c ****   */
  55:Libraries/STM32F10x_StdPeriph_Driver/src/stm32f10x_exti.c **** 
  56:Libraries/STM32F10x_StdPeriph_Driver/src/stm32f10x_exti.c **** /**
  57:Libraries/STM32F10x_StdPeriph_Driver/src/stm32f10x_exti.c ****   * @}
  58:Libraries/STM32F10x_StdPeriph_Driver/src/stm32f10x_exti.c ****   */
  59:Libraries/STM32F10x_StdPeriph_Driver/src/stm32f10x_exti.c **** 
  60:Libraries/STM32F10x_StdPeriph_Driver/src/stm32f10x_exti.c **** /** @defgroup EXTI_Private_Variables
  61:Libraries/STM32F10x_StdPeriph_Driver/src/stm32f10x_exti.c ****   * @{
  62:Libraries/STM32F10x_StdPeriph_Driver/src/stm32f10x_exti.c ****   */
  63:Libraries/STM32F10x_StdPeriph_Driver/src/stm32f10x_exti.c **** 
  64:Libraries/STM32F10x_StdPeriph_Driver/src/stm32f10x_exti.c **** /**
  65:Libraries/STM32F10x_StdPeriph_Driver/src/stm32f10x_exti.c ****   * @}
  66:Libraries/STM32F10x_StdPeriph_Driver/src/stm32f10x_exti.c ****   */
  67:Libraries/STM32F10x_StdPeriph_Driver/src/stm32f10x_exti.c **** 
  68:Libraries/STM32F10x_StdPeriph_Driver/src/stm32f10x_exti.c **** /** @defgroup EXTI_Private_FunctionPrototypes
  69:Libraries/STM32F10x_StdPeriph_Driver/src/stm32f10x_exti.c ****   * @{
  70:Libraries/STM32F10x_StdPeriph_Driver/src/stm32f10x_exti.c ****   */
  71:Libraries/STM32F10x_StdPeriph_Driver/src/stm32f10x_exti.c **** 
  72:Libraries/STM32F10x_StdPeriph_Driver/src/stm32f10x_exti.c **** /**
  73:Libraries/STM32F10x_StdPeriph_Driver/src/stm32f10x_exti.c ****   * @}
  74:Libraries/STM32F10x_StdPeriph_Driver/src/stm32f10x_exti.c ****   */
  75:Libraries/STM32F10x_StdPeriph_Driver/src/stm32f10x_exti.c **** 
  76:Libraries/STM32F10x_StdPeriph_Driver/src/stm32f10x_exti.c **** /** @defgroup EXTI_Private_Functions
  77:Libraries/STM32F10x_StdPeriph_Driver/src/stm32f10x_exti.c ****   * @{
  78:Libraries/STM32F10x_StdPeriph_Driver/src/stm32f10x_exti.c ****   */
  79:Libraries/STM32F10x_StdPeriph_Driver/src/stm32f10x_exti.c **** 
  80:Libraries/STM32F10x_StdPeriph_Driver/src/stm32f10x_exti.c **** /**
  81:Libraries/STM32F10x_StdPeriph_Driver/src/stm32f10x_exti.c ****   * @brief  Deinitializes the EXTI peripheral registers to their default reset values.
  82:Libraries/STM32F10x_StdPeriph_Driver/src/stm32f10x_exti.c ****   * @param  None
  83:Libraries/STM32F10x_StdPeriph_Driver/src/stm32f10x_exti.c ****   * @retval None
  84:Libraries/STM32F10x_StdPeriph_Driver/src/stm32f10x_exti.c ****   */
  85:Libraries/STM32F10x_StdPeriph_Driver/src/stm32f10x_exti.c **** void EXTI_DeInit(void)
  86:Libraries/STM32F10x_StdPeriph_Driver/src/stm32f10x_exti.c **** {
  27              		.loc 1 86 1 view -0
  28              		.cfi_startproc
  29              		@ args = 0, pretend = 0, frame = 0
ARM GAS  C:\Users\ADMIN\AppData\Local\Temp\ccOfjw5a.s 			page 3


  30              		@ frame_needed = 0, uses_anonymous_args = 0
  31              		@ link register save eliminated.
  87:Libraries/STM32F10x_StdPeriph_Driver/src/stm32f10x_exti.c ****   EXTI->IMR = 0x00000000;
  32              		.loc 1 87 3 view .LVU1
  33              		.loc 1 87 13 is_stmt 0 view .LVU2
  34 0000 044B     		ldr	r3, .L2
  35 0002 0022     		movs	r2, #0
  36 0004 1A60     		str	r2, [r3]
  88:Libraries/STM32F10x_StdPeriph_Driver/src/stm32f10x_exti.c ****   EXTI->EMR = 0x00000000;
  37              		.loc 1 88 3 is_stmt 1 view .LVU3
  38              		.loc 1 88 13 is_stmt 0 view .LVU4
  39 0006 5A60     		str	r2, [r3, #4]
  89:Libraries/STM32F10x_StdPeriph_Driver/src/stm32f10x_exti.c ****   EXTI->RTSR = 0x00000000; 
  40              		.loc 1 89 3 is_stmt 1 view .LVU5
  41              		.loc 1 89 14 is_stmt 0 view .LVU6
  42 0008 9A60     		str	r2, [r3, #8]
  90:Libraries/STM32F10x_StdPeriph_Driver/src/stm32f10x_exti.c ****   EXTI->FTSR = 0x00000000; 
  43              		.loc 1 90 3 is_stmt 1 view .LVU7
  44              		.loc 1 90 14 is_stmt 0 view .LVU8
  45 000a DA60     		str	r2, [r3, #12]
  91:Libraries/STM32F10x_StdPeriph_Driver/src/stm32f10x_exti.c ****   EXTI->PR = 0x000FFFFF;
  46              		.loc 1 91 3 is_stmt 1 view .LVU9
  47              		.loc 1 91 12 is_stmt 0 view .LVU10
  48 000c 024A     		ldr	r2, .L2+4
  49 000e 5A61     		str	r2, [r3, #20]
  92:Libraries/STM32F10x_StdPeriph_Driver/src/stm32f10x_exti.c **** }
  50              		.loc 1 92 1 view .LVU11
  51 0010 7047     		bx	lr
  52              	.L3:
  53 0012 00BF     		.align	2
  54              	.L2:
  55 0014 00040140 		.word	1073808384
  56 0018 FFFF0F00 		.word	1048575
  57              		.cfi_endproc
  58              	.LFE65:
  60              		.section	.text.EXTI_Init,"ax",%progbits
  61              		.align	1
  62              		.global	EXTI_Init
  63              		.syntax unified
  64              		.thumb
  65              		.thumb_func
  67              	EXTI_Init:
  68              	.LVL0:
  69              	.LFB66:
  93:Libraries/STM32F10x_StdPeriph_Driver/src/stm32f10x_exti.c **** 
  94:Libraries/STM32F10x_StdPeriph_Driver/src/stm32f10x_exti.c **** /**
  95:Libraries/STM32F10x_StdPeriph_Driver/src/stm32f10x_exti.c ****   * @brief  Initializes the EXTI peripheral according to the specified
  96:Libraries/STM32F10x_StdPeriph_Driver/src/stm32f10x_exti.c ****   *         parameters in the EXTI_InitStruct.
  97:Libraries/STM32F10x_StdPeriph_Driver/src/stm32f10x_exti.c ****   * @param  EXTI_InitStruct: pointer to a EXTI_InitTypeDef structure
  98:Libraries/STM32F10x_StdPeriph_Driver/src/stm32f10x_exti.c ****   *         that contains the configuration information for the EXTI peripheral.
  99:Libraries/STM32F10x_StdPeriph_Driver/src/stm32f10x_exti.c ****   * @retval None
 100:Libraries/STM32F10x_StdPeriph_Driver/src/stm32f10x_exti.c ****   */
 101:Libraries/STM32F10x_StdPeriph_Driver/src/stm32f10x_exti.c **** void EXTI_Init(EXTI_InitTypeDef* EXTI_InitStruct)
 102:Libraries/STM32F10x_StdPeriph_Driver/src/stm32f10x_exti.c **** {
  70              		.loc 1 102 1 is_stmt 1 view -0
  71              		.cfi_startproc
  72              		@ args = 0, pretend = 0, frame = 0
ARM GAS  C:\Users\ADMIN\AppData\Local\Temp\ccOfjw5a.s 			page 4


  73              		@ frame_needed = 0, uses_anonymous_args = 0
  74              		@ link register save eliminated.
 103:Libraries/STM32F10x_StdPeriph_Driver/src/stm32f10x_exti.c ****   uint32_t tmp = 0;
  75              		.loc 1 103 3 view .LVU13
 104:Libraries/STM32F10x_StdPeriph_Driver/src/stm32f10x_exti.c **** 
 105:Libraries/STM32F10x_StdPeriph_Driver/src/stm32f10x_exti.c ****   /* Check the parameters */
 106:Libraries/STM32F10x_StdPeriph_Driver/src/stm32f10x_exti.c ****   assert_param(IS_EXTI_MODE(EXTI_InitStruct->EXTI_Mode));
  76              		.loc 1 106 3 view .LVU14
 107:Libraries/STM32F10x_StdPeriph_Driver/src/stm32f10x_exti.c ****   assert_param(IS_EXTI_TRIGGER(EXTI_InitStruct->EXTI_Trigger));
  77              		.loc 1 107 3 view .LVU15
 108:Libraries/STM32F10x_StdPeriph_Driver/src/stm32f10x_exti.c ****   assert_param(IS_EXTI_LINE(EXTI_InitStruct->EXTI_Line));  
  78              		.loc 1 108 3 view .LVU16
 109:Libraries/STM32F10x_StdPeriph_Driver/src/stm32f10x_exti.c ****   assert_param(IS_FUNCTIONAL_STATE(EXTI_InitStruct->EXTI_LineCmd));
  79              		.loc 1 109 3 view .LVU17
 110:Libraries/STM32F10x_StdPeriph_Driver/src/stm32f10x_exti.c **** 
 111:Libraries/STM32F10x_StdPeriph_Driver/src/stm32f10x_exti.c ****   tmp = (uint32_t)EXTI_BASE;
  80              		.loc 1 111 3 view .LVU18
 112:Libraries/STM32F10x_StdPeriph_Driver/src/stm32f10x_exti.c ****      
 113:Libraries/STM32F10x_StdPeriph_Driver/src/stm32f10x_exti.c ****   if (EXTI_InitStruct->EXTI_LineCmd != DISABLE)
  81              		.loc 1 113 3 view .LVU19
  82              		.loc 1 113 22 is_stmt 0 view .LVU20
  83 0000 8379     		ldrb	r3, [r0, #6]	@ zero_extendqisi2
  84              		.loc 1 113 6 view .LVU21
  85 0002 002B     		cmp	r3, #0
  86 0004 35D0     		beq	.L5
 102:Libraries/STM32F10x_StdPeriph_Driver/src/stm32f10x_exti.c ****   uint32_t tmp = 0;
  87              		.loc 1 102 1 view .LVU22
  88 0006 10B4     		push	{r4}
  89              	.LCFI0:
  90              		.cfi_def_cfa_offset 4
  91              		.cfi_offset 4, -4
 114:Libraries/STM32F10x_StdPeriph_Driver/src/stm32f10x_exti.c ****   {
 115:Libraries/STM32F10x_StdPeriph_Driver/src/stm32f10x_exti.c ****     /* Clear EXTI line configuration */
 116:Libraries/STM32F10x_StdPeriph_Driver/src/stm32f10x_exti.c ****     EXTI->IMR &= ~EXTI_InitStruct->EXTI_Line;
  92              		.loc 1 116 5 is_stmt 1 view .LVU23
  93              		.loc 1 116 15 is_stmt 0 view .LVU24
  94 0008 1F4B     		ldr	r3, .L13
  95 000a 1A68     		ldr	r2, [r3]
  96              		.loc 1 116 34 view .LVU25
  97 000c 0168     		ldr	r1, [r0]
  98              		.loc 1 116 15 view .LVU26
  99 000e 22EA0102 		bic	r2, r2, r1
 100 0012 1A60     		str	r2, [r3]
 117:Libraries/STM32F10x_StdPeriph_Driver/src/stm32f10x_exti.c ****     EXTI->EMR &= ~EXTI_InitStruct->EXTI_Line;
 101              		.loc 1 117 5 is_stmt 1 view .LVU27
 102              		.loc 1 117 15 is_stmt 0 view .LVU28
 103 0014 5A68     		ldr	r2, [r3, #4]
 104              		.loc 1 117 34 view .LVU29
 105 0016 0168     		ldr	r1, [r0]
 106              		.loc 1 117 15 view .LVU30
 107 0018 22EA0102 		bic	r2, r2, r1
 108 001c 5A60     		str	r2, [r3, #4]
 118:Libraries/STM32F10x_StdPeriph_Driver/src/stm32f10x_exti.c ****     
 119:Libraries/STM32F10x_StdPeriph_Driver/src/stm32f10x_exti.c ****     tmp += EXTI_InitStruct->EXTI_Mode;
 109              		.loc 1 119 5 is_stmt 1 view .LVU31
 110              		.loc 1 119 27 is_stmt 0 view .LVU32
 111 001e 0279     		ldrb	r2, [r0, #4]	@ zero_extendqisi2
ARM GAS  C:\Users\ADMIN\AppData\Local\Temp\ccOfjw5a.s 			page 5


 112              		.loc 1 119 9 view .LVU33
 113 0020 02F18042 		add	r2, r2, #1073741824
 114 0024 02F58232 		add	r2, r2, #66560
 115              	.LVL1:
 120:Libraries/STM32F10x_StdPeriph_Driver/src/stm32f10x_exti.c **** 
 121:Libraries/STM32F10x_StdPeriph_Driver/src/stm32f10x_exti.c ****     *(__IO uint32_t *) tmp |= EXTI_InitStruct->EXTI_Line;
 116              		.loc 1 121 5 is_stmt 1 view .LVU34
 117              		.loc 1 121 28 is_stmt 0 view .LVU35
 118 0028 1168     		ldr	r1, [r2]
 119 002a 0468     		ldr	r4, [r0]
 120 002c 2143     		orrs	r1, r1, r4
 121 002e 1160     		str	r1, [r2]
 122:Libraries/STM32F10x_StdPeriph_Driver/src/stm32f10x_exti.c **** 
 123:Libraries/STM32F10x_StdPeriph_Driver/src/stm32f10x_exti.c ****     /* Clear Rising Falling edge configuration */
 124:Libraries/STM32F10x_StdPeriph_Driver/src/stm32f10x_exti.c ****     EXTI->RTSR &= ~EXTI_InitStruct->EXTI_Line;
 122              		.loc 1 124 5 is_stmt 1 view .LVU36
 123              		.loc 1 124 16 is_stmt 0 view .LVU37
 124 0030 9A68     		ldr	r2, [r3, #8]
 125              	.LVL2:
 126              		.loc 1 124 35 view .LVU38
 127 0032 0168     		ldr	r1, [r0]
 128              		.loc 1 124 16 view .LVU39
 129 0034 22EA0102 		bic	r2, r2, r1
 130 0038 9A60     		str	r2, [r3, #8]
 125:Libraries/STM32F10x_StdPeriph_Driver/src/stm32f10x_exti.c ****     EXTI->FTSR &= ~EXTI_InitStruct->EXTI_Line;
 131              		.loc 1 125 5 is_stmt 1 view .LVU40
 132              		.loc 1 125 16 is_stmt 0 view .LVU41
 133 003a DA68     		ldr	r2, [r3, #12]
 134              		.loc 1 125 35 view .LVU42
 135 003c 0168     		ldr	r1, [r0]
 136              		.loc 1 125 16 view .LVU43
 137 003e 22EA0102 		bic	r2, r2, r1
 138 0042 DA60     		str	r2, [r3, #12]
 126:Libraries/STM32F10x_StdPeriph_Driver/src/stm32f10x_exti.c ****     
 127:Libraries/STM32F10x_StdPeriph_Driver/src/stm32f10x_exti.c ****     /* Select the trigger for the selected external interrupts */
 128:Libraries/STM32F10x_StdPeriph_Driver/src/stm32f10x_exti.c ****     if (EXTI_InitStruct->EXTI_Trigger == EXTI_Trigger_Rising_Falling)
 139              		.loc 1 128 5 is_stmt 1 view .LVU44
 140              		.loc 1 128 24 is_stmt 0 view .LVU45
 141 0044 4379     		ldrb	r3, [r0, #5]	@ zero_extendqisi2
 142              		.loc 1 128 8 view .LVU46
 143 0046 102B     		cmp	r3, #16
 144 0048 09D0     		beq	.L12
 129:Libraries/STM32F10x_StdPeriph_Driver/src/stm32f10x_exti.c ****     {
 130:Libraries/STM32F10x_StdPeriph_Driver/src/stm32f10x_exti.c ****       /* Rising Falling edge */
 131:Libraries/STM32F10x_StdPeriph_Driver/src/stm32f10x_exti.c ****       EXTI->RTSR |= EXTI_InitStruct->EXTI_Line;
 132:Libraries/STM32F10x_StdPeriph_Driver/src/stm32f10x_exti.c ****       EXTI->FTSR |= EXTI_InitStruct->EXTI_Line;
 133:Libraries/STM32F10x_StdPeriph_Driver/src/stm32f10x_exti.c ****     }
 134:Libraries/STM32F10x_StdPeriph_Driver/src/stm32f10x_exti.c ****     else
 135:Libraries/STM32F10x_StdPeriph_Driver/src/stm32f10x_exti.c ****     {
 136:Libraries/STM32F10x_StdPeriph_Driver/src/stm32f10x_exti.c ****       tmp = (uint32_t)EXTI_BASE;
 145              		.loc 1 136 7 is_stmt 1 view .LVU47
 146              	.LVL3:
 137:Libraries/STM32F10x_StdPeriph_Driver/src/stm32f10x_exti.c ****       tmp += EXTI_InitStruct->EXTI_Trigger;
 147              		.loc 1 137 7 view .LVU48
 148              		.loc 1 137 11 is_stmt 0 view .LVU49
 149 004a 03F18043 		add	r3, r3, #1073741824
 150 004e 03F58233 		add	r3, r3, #66560
ARM GAS  C:\Users\ADMIN\AppData\Local\Temp\ccOfjw5a.s 			page 6


 151              	.LVL4:
 138:Libraries/STM32F10x_StdPeriph_Driver/src/stm32f10x_exti.c **** 
 139:Libraries/STM32F10x_StdPeriph_Driver/src/stm32f10x_exti.c ****       *(__IO uint32_t *) tmp |= EXTI_InitStruct->EXTI_Line;
 152              		.loc 1 139 7 is_stmt 1 view .LVU50
 153              		.loc 1 139 30 is_stmt 0 view .LVU51
 154 0052 1A68     		ldr	r2, [r3]
 155              		.loc 1 139 48 view .LVU52
 156 0054 0168     		ldr	r1, [r0]
 157              		.loc 1 139 30 view .LVU53
 158 0056 0A43     		orrs	r2, r2, r1
 159 0058 1A60     		str	r2, [r3]
 160              	.LVL5:
 161              	.L4:
 140:Libraries/STM32F10x_StdPeriph_Driver/src/stm32f10x_exti.c ****     }
 141:Libraries/STM32F10x_StdPeriph_Driver/src/stm32f10x_exti.c ****   }
 142:Libraries/STM32F10x_StdPeriph_Driver/src/stm32f10x_exti.c ****   else
 143:Libraries/STM32F10x_StdPeriph_Driver/src/stm32f10x_exti.c ****   {
 144:Libraries/STM32F10x_StdPeriph_Driver/src/stm32f10x_exti.c ****     tmp += EXTI_InitStruct->EXTI_Mode;
 145:Libraries/STM32F10x_StdPeriph_Driver/src/stm32f10x_exti.c **** 
 146:Libraries/STM32F10x_StdPeriph_Driver/src/stm32f10x_exti.c ****     /* Disable the selected external lines */
 147:Libraries/STM32F10x_StdPeriph_Driver/src/stm32f10x_exti.c ****     *(__IO uint32_t *) tmp &= ~EXTI_InitStruct->EXTI_Line;
 148:Libraries/STM32F10x_StdPeriph_Driver/src/stm32f10x_exti.c ****   }
 149:Libraries/STM32F10x_StdPeriph_Driver/src/stm32f10x_exti.c **** }
 162              		.loc 1 149 1 view .LVU54
 163 005a 10BC     		pop	{r4}
 164              	.LCFI1:
 165              		.cfi_remember_state
 166              		.cfi_restore 4
 167              		.cfi_def_cfa_offset 0
 168 005c 7047     		bx	lr
 169              	.L12:
 170              	.LCFI2:
 171              		.cfi_restore_state
 131:Libraries/STM32F10x_StdPeriph_Driver/src/stm32f10x_exti.c ****       EXTI->FTSR |= EXTI_InitStruct->EXTI_Line;
 172              		.loc 1 131 7 is_stmt 1 view .LVU55
 131:Libraries/STM32F10x_StdPeriph_Driver/src/stm32f10x_exti.c ****       EXTI->FTSR |= EXTI_InitStruct->EXTI_Line;
 173              		.loc 1 131 18 is_stmt 0 view .LVU56
 174 005e 0A4B     		ldr	r3, .L13
 175 0060 9A68     		ldr	r2, [r3, #8]
 131:Libraries/STM32F10x_StdPeriph_Driver/src/stm32f10x_exti.c ****       EXTI->FTSR |= EXTI_InitStruct->EXTI_Line;
 176              		.loc 1 131 36 view .LVU57
 177 0062 0168     		ldr	r1, [r0]
 131:Libraries/STM32F10x_StdPeriph_Driver/src/stm32f10x_exti.c ****       EXTI->FTSR |= EXTI_InitStruct->EXTI_Line;
 178              		.loc 1 131 18 view .LVU58
 179 0064 0A43     		orrs	r2, r2, r1
 180 0066 9A60     		str	r2, [r3, #8]
 132:Libraries/STM32F10x_StdPeriph_Driver/src/stm32f10x_exti.c ****     }
 181              		.loc 1 132 7 is_stmt 1 view .LVU59
 132:Libraries/STM32F10x_StdPeriph_Driver/src/stm32f10x_exti.c ****     }
 182              		.loc 1 132 18 is_stmt 0 view .LVU60
 183 0068 DA68     		ldr	r2, [r3, #12]
 132:Libraries/STM32F10x_StdPeriph_Driver/src/stm32f10x_exti.c ****     }
 184              		.loc 1 132 36 view .LVU61
 185 006a 0168     		ldr	r1, [r0]
 132:Libraries/STM32F10x_StdPeriph_Driver/src/stm32f10x_exti.c ****     }
 186              		.loc 1 132 18 view .LVU62
 187 006c 0A43     		orrs	r2, r2, r1
ARM GAS  C:\Users\ADMIN\AppData\Local\Temp\ccOfjw5a.s 			page 7


 188 006e DA60     		str	r2, [r3, #12]
 189 0070 F3E7     		b	.L4
 190              	.LVL6:
 191              	.L5:
 192              	.LCFI3:
 193              		.cfi_def_cfa_offset 0
 194              		.cfi_restore 4
 144:Libraries/STM32F10x_StdPeriph_Driver/src/stm32f10x_exti.c **** 
 195              		.loc 1 144 5 is_stmt 1 view .LVU63
 144:Libraries/STM32F10x_StdPeriph_Driver/src/stm32f10x_exti.c **** 
 196              		.loc 1 144 27 is_stmt 0 view .LVU64
 197 0072 0379     		ldrb	r3, [r0, #4]	@ zero_extendqisi2
 144:Libraries/STM32F10x_StdPeriph_Driver/src/stm32f10x_exti.c **** 
 198              		.loc 1 144 9 view .LVU65
 199 0074 03F18043 		add	r3, r3, #1073741824
 200 0078 03F58233 		add	r3, r3, #66560
 201              	.LVL7:
 147:Libraries/STM32F10x_StdPeriph_Driver/src/stm32f10x_exti.c ****   }
 202              		.loc 1 147 5 is_stmt 1 view .LVU66
 147:Libraries/STM32F10x_StdPeriph_Driver/src/stm32f10x_exti.c ****   }
 203              		.loc 1 147 28 is_stmt 0 view .LVU67
 204 007c 1A68     		ldr	r2, [r3]
 147:Libraries/STM32F10x_StdPeriph_Driver/src/stm32f10x_exti.c ****   }
 205              		.loc 1 147 47 view .LVU68
 206 007e 0168     		ldr	r1, [r0]
 147:Libraries/STM32F10x_StdPeriph_Driver/src/stm32f10x_exti.c ****   }
 207              		.loc 1 147 28 view .LVU69
 208 0080 22EA0102 		bic	r2, r2, r1
 209 0084 1A60     		str	r2, [r3]
 210 0086 7047     		bx	lr
 211              	.L14:
 212              		.align	2
 213              	.L13:
 214 0088 00040140 		.word	1073808384
 215              		.cfi_endproc
 216              	.LFE66:
 218              		.section	.text.EXTI_StructInit,"ax",%progbits
 219              		.align	1
 220              		.global	EXTI_StructInit
 221              		.syntax unified
 222              		.thumb
 223              		.thumb_func
 225              	EXTI_StructInit:
 226              	.LVL8:
 227              	.LFB67:
 150:Libraries/STM32F10x_StdPeriph_Driver/src/stm32f10x_exti.c **** 
 151:Libraries/STM32F10x_StdPeriph_Driver/src/stm32f10x_exti.c **** /**
 152:Libraries/STM32F10x_StdPeriph_Driver/src/stm32f10x_exti.c ****   * @brief  Fills each EXTI_InitStruct member with its reset value.
 153:Libraries/STM32F10x_StdPeriph_Driver/src/stm32f10x_exti.c ****   * @param  EXTI_InitStruct: pointer to a EXTI_InitTypeDef structure which will
 154:Libraries/STM32F10x_StdPeriph_Driver/src/stm32f10x_exti.c ****   *         be initialized.
 155:Libraries/STM32F10x_StdPeriph_Driver/src/stm32f10x_exti.c ****   * @retval None
 156:Libraries/STM32F10x_StdPeriph_Driver/src/stm32f10x_exti.c ****   */
 157:Libraries/STM32F10x_StdPeriph_Driver/src/stm32f10x_exti.c **** void EXTI_StructInit(EXTI_InitTypeDef* EXTI_InitStruct)
 158:Libraries/STM32F10x_StdPeriph_Driver/src/stm32f10x_exti.c **** {
 228              		.loc 1 158 1 is_stmt 1 view -0
 229              		.cfi_startproc
 230              		@ args = 0, pretend = 0, frame = 0
ARM GAS  C:\Users\ADMIN\AppData\Local\Temp\ccOfjw5a.s 			page 8


 231              		@ frame_needed = 0, uses_anonymous_args = 0
 232              		@ link register save eliminated.
 159:Libraries/STM32F10x_StdPeriph_Driver/src/stm32f10x_exti.c ****   EXTI_InitStruct->EXTI_Line = EXTI_LINENONE;
 233              		.loc 1 159 3 view .LVU71
 234              		.loc 1 159 30 is_stmt 0 view .LVU72
 235 0000 0023     		movs	r3, #0
 236 0002 0360     		str	r3, [r0]
 160:Libraries/STM32F10x_StdPeriph_Driver/src/stm32f10x_exti.c ****   EXTI_InitStruct->EXTI_Mode = EXTI_Mode_Interrupt;
 237              		.loc 1 160 3 is_stmt 1 view .LVU73
 238              		.loc 1 160 30 is_stmt 0 view .LVU74
 239 0004 0371     		strb	r3, [r0, #4]
 161:Libraries/STM32F10x_StdPeriph_Driver/src/stm32f10x_exti.c ****   EXTI_InitStruct->EXTI_Trigger = EXTI_Trigger_Falling;
 240              		.loc 1 161 3 is_stmt 1 view .LVU75
 241              		.loc 1 161 33 is_stmt 0 view .LVU76
 242 0006 0C22     		movs	r2, #12
 243 0008 4271     		strb	r2, [r0, #5]
 162:Libraries/STM32F10x_StdPeriph_Driver/src/stm32f10x_exti.c ****   EXTI_InitStruct->EXTI_LineCmd = DISABLE;
 244              		.loc 1 162 3 is_stmt 1 view .LVU77
 245              		.loc 1 162 33 is_stmt 0 view .LVU78
 246 000a 8371     		strb	r3, [r0, #6]
 163:Libraries/STM32F10x_StdPeriph_Driver/src/stm32f10x_exti.c **** }
 247              		.loc 1 163 1 view .LVU79
 248 000c 7047     		bx	lr
 249              		.cfi_endproc
 250              	.LFE67:
 252              		.section	.text.EXTI_GenerateSWInterrupt,"ax",%progbits
 253              		.align	1
 254              		.global	EXTI_GenerateSWInterrupt
 255              		.syntax unified
 256              		.thumb
 257              		.thumb_func
 259              	EXTI_GenerateSWInterrupt:
 260              	.LVL9:
 261              	.LFB68:
 164:Libraries/STM32F10x_StdPeriph_Driver/src/stm32f10x_exti.c **** 
 165:Libraries/STM32F10x_StdPeriph_Driver/src/stm32f10x_exti.c **** /**
 166:Libraries/STM32F10x_StdPeriph_Driver/src/stm32f10x_exti.c ****   * @brief  Generates a Software interrupt.
 167:Libraries/STM32F10x_StdPeriph_Driver/src/stm32f10x_exti.c ****   * @param  EXTI_Line: specifies the EXTI lines to be enabled or disabled.
 168:Libraries/STM32F10x_StdPeriph_Driver/src/stm32f10x_exti.c ****   *   This parameter can be any combination of EXTI_Linex where x can be (0..19).
 169:Libraries/STM32F10x_StdPeriph_Driver/src/stm32f10x_exti.c ****   * @retval None
 170:Libraries/STM32F10x_StdPeriph_Driver/src/stm32f10x_exti.c ****   */
 171:Libraries/STM32F10x_StdPeriph_Driver/src/stm32f10x_exti.c **** void EXTI_GenerateSWInterrupt(uint32_t EXTI_Line)
 172:Libraries/STM32F10x_StdPeriph_Driver/src/stm32f10x_exti.c **** {
 262              		.loc 1 172 1 is_stmt 1 view -0
 263              		.cfi_startproc
 264              		@ args = 0, pretend = 0, frame = 0
 265              		@ frame_needed = 0, uses_anonymous_args = 0
 266              		@ link register save eliminated.
 173:Libraries/STM32F10x_StdPeriph_Driver/src/stm32f10x_exti.c ****   /* Check the parameters */
 174:Libraries/STM32F10x_StdPeriph_Driver/src/stm32f10x_exti.c ****   assert_param(IS_EXTI_LINE(EXTI_Line));
 267              		.loc 1 174 3 view .LVU81
 175:Libraries/STM32F10x_StdPeriph_Driver/src/stm32f10x_exti.c ****   
 176:Libraries/STM32F10x_StdPeriph_Driver/src/stm32f10x_exti.c ****   EXTI->SWIER |= EXTI_Line;
 268              		.loc 1 176 3 view .LVU82
 269              		.loc 1 176 15 is_stmt 0 view .LVU83
 270 0000 024A     		ldr	r2, .L17
 271 0002 1369     		ldr	r3, [r2, #16]
ARM GAS  C:\Users\ADMIN\AppData\Local\Temp\ccOfjw5a.s 			page 9


 272 0004 0343     		orrs	r3, r3, r0
 273 0006 1361     		str	r3, [r2, #16]
 177:Libraries/STM32F10x_StdPeriph_Driver/src/stm32f10x_exti.c **** }
 274              		.loc 1 177 1 view .LVU84
 275 0008 7047     		bx	lr
 276              	.L18:
 277 000a 00BF     		.align	2
 278              	.L17:
 279 000c 00040140 		.word	1073808384
 280              		.cfi_endproc
 281              	.LFE68:
 283              		.section	.text.EXTI_GetFlagStatus,"ax",%progbits
 284              		.align	1
 285              		.global	EXTI_GetFlagStatus
 286              		.syntax unified
 287              		.thumb
 288              		.thumb_func
 290              	EXTI_GetFlagStatus:
 291              	.LVL10:
 292              	.LFB69:
 178:Libraries/STM32F10x_StdPeriph_Driver/src/stm32f10x_exti.c **** 
 179:Libraries/STM32F10x_StdPeriph_Driver/src/stm32f10x_exti.c **** /**
 180:Libraries/STM32F10x_StdPeriph_Driver/src/stm32f10x_exti.c ****   * @brief  Checks whether the specified EXTI line flag is set or not.
 181:Libraries/STM32F10x_StdPeriph_Driver/src/stm32f10x_exti.c ****   * @param  EXTI_Line: specifies the EXTI line flag to check.
 182:Libraries/STM32F10x_StdPeriph_Driver/src/stm32f10x_exti.c ****   *   This parameter can be:
 183:Libraries/STM32F10x_StdPeriph_Driver/src/stm32f10x_exti.c ****   *     @arg EXTI_Linex: External interrupt line x where x(0..19)
 184:Libraries/STM32F10x_StdPeriph_Driver/src/stm32f10x_exti.c ****   * @retval The new state of EXTI_Line (SET or RESET).
 185:Libraries/STM32F10x_StdPeriph_Driver/src/stm32f10x_exti.c ****   */
 186:Libraries/STM32F10x_StdPeriph_Driver/src/stm32f10x_exti.c **** FlagStatus EXTI_GetFlagStatus(uint32_t EXTI_Line)
 187:Libraries/STM32F10x_StdPeriph_Driver/src/stm32f10x_exti.c **** {
 293              		.loc 1 187 1 is_stmt 1 view -0
 294              		.cfi_startproc
 295              		@ args = 0, pretend = 0, frame = 0
 296              		@ frame_needed = 0, uses_anonymous_args = 0
 297              		@ link register save eliminated.
 188:Libraries/STM32F10x_StdPeriph_Driver/src/stm32f10x_exti.c ****   FlagStatus bitstatus = RESET;
 298              		.loc 1 188 3 view .LVU86
 189:Libraries/STM32F10x_StdPeriph_Driver/src/stm32f10x_exti.c ****   /* Check the parameters */
 190:Libraries/STM32F10x_StdPeriph_Driver/src/stm32f10x_exti.c ****   assert_param(IS_GET_EXTI_LINE(EXTI_Line));
 299              		.loc 1 190 3 view .LVU87
 191:Libraries/STM32F10x_StdPeriph_Driver/src/stm32f10x_exti.c ****   
 192:Libraries/STM32F10x_StdPeriph_Driver/src/stm32f10x_exti.c ****   if ((EXTI->PR & EXTI_Line) != (uint32_t)RESET)
 300              		.loc 1 192 3 view .LVU88
 301              		.loc 1 192 12 is_stmt 0 view .LVU89
 302 0000 034B     		ldr	r3, .L22
 303 0002 5B69     		ldr	r3, [r3, #20]
 304              		.loc 1 192 6 view .LVU90
 305 0004 0342     		tst	r3, r0
 306 0006 01D0     		beq	.L21
 193:Libraries/STM32F10x_StdPeriph_Driver/src/stm32f10x_exti.c ****   {
 194:Libraries/STM32F10x_StdPeriph_Driver/src/stm32f10x_exti.c ****     bitstatus = SET;
 307              		.loc 1 194 15 view .LVU91
 308 0008 0120     		movs	r0, #1
 309              	.LVL11:
 310              		.loc 1 194 15 view .LVU92
 311 000a 7047     		bx	lr
 312              	.LVL12:
ARM GAS  C:\Users\ADMIN\AppData\Local\Temp\ccOfjw5a.s 			page 10


 313              	.L21:
 195:Libraries/STM32F10x_StdPeriph_Driver/src/stm32f10x_exti.c ****   }
 196:Libraries/STM32F10x_StdPeriph_Driver/src/stm32f10x_exti.c ****   else
 197:Libraries/STM32F10x_StdPeriph_Driver/src/stm32f10x_exti.c ****   {
 198:Libraries/STM32F10x_StdPeriph_Driver/src/stm32f10x_exti.c ****     bitstatus = RESET;
 314              		.loc 1 198 15 view .LVU93
 315 000c 0020     		movs	r0, #0
 316              	.LVL13:
 199:Libraries/STM32F10x_StdPeriph_Driver/src/stm32f10x_exti.c ****   }
 200:Libraries/STM32F10x_StdPeriph_Driver/src/stm32f10x_exti.c ****   return bitstatus;
 317              		.loc 1 200 3 is_stmt 1 view .LVU94
 201:Libraries/STM32F10x_StdPeriph_Driver/src/stm32f10x_exti.c **** }
 318              		.loc 1 201 1 is_stmt 0 view .LVU95
 319 000e 7047     		bx	lr
 320              	.L23:
 321              		.align	2
 322              	.L22:
 323 0010 00040140 		.word	1073808384
 324              		.cfi_endproc
 325              	.LFE69:
 327              		.section	.text.EXTI_ClearFlag,"ax",%progbits
 328              		.align	1
 329              		.global	EXTI_ClearFlag
 330              		.syntax unified
 331              		.thumb
 332              		.thumb_func
 334              	EXTI_ClearFlag:
 335              	.LVL14:
 336              	.LFB70:
 202:Libraries/STM32F10x_StdPeriph_Driver/src/stm32f10x_exti.c **** 
 203:Libraries/STM32F10x_StdPeriph_Driver/src/stm32f10x_exti.c **** /**
 204:Libraries/STM32F10x_StdPeriph_Driver/src/stm32f10x_exti.c ****   * @brief  Clears the EXTI's line pending flags.
 205:Libraries/STM32F10x_StdPeriph_Driver/src/stm32f10x_exti.c ****   * @param  EXTI_Line: specifies the EXTI lines flags to clear.
 206:Libraries/STM32F10x_StdPeriph_Driver/src/stm32f10x_exti.c ****   *   This parameter can be any combination of EXTI_Linex where x can be (0..19).
 207:Libraries/STM32F10x_StdPeriph_Driver/src/stm32f10x_exti.c ****   * @retval None
 208:Libraries/STM32F10x_StdPeriph_Driver/src/stm32f10x_exti.c ****   */
 209:Libraries/STM32F10x_StdPeriph_Driver/src/stm32f10x_exti.c **** void EXTI_ClearFlag(uint32_t EXTI_Line)
 210:Libraries/STM32F10x_StdPeriph_Driver/src/stm32f10x_exti.c **** {
 337              		.loc 1 210 1 is_stmt 1 view -0
 338              		.cfi_startproc
 339              		@ args = 0, pretend = 0, frame = 0
 340              		@ frame_needed = 0, uses_anonymous_args = 0
 341              		@ link register save eliminated.
 211:Libraries/STM32F10x_StdPeriph_Driver/src/stm32f10x_exti.c ****   /* Check the parameters */
 212:Libraries/STM32F10x_StdPeriph_Driver/src/stm32f10x_exti.c ****   assert_param(IS_EXTI_LINE(EXTI_Line));
 342              		.loc 1 212 3 view .LVU97
 213:Libraries/STM32F10x_StdPeriph_Driver/src/stm32f10x_exti.c ****   
 214:Libraries/STM32F10x_StdPeriph_Driver/src/stm32f10x_exti.c ****   EXTI->PR = EXTI_Line;
 343              		.loc 1 214 3 view .LVU98
 344              		.loc 1 214 12 is_stmt 0 view .LVU99
 345 0000 014B     		ldr	r3, .L25
 346 0002 5861     		str	r0, [r3, #20]
 215:Libraries/STM32F10x_StdPeriph_Driver/src/stm32f10x_exti.c **** }
 347              		.loc 1 215 1 view .LVU100
 348 0004 7047     		bx	lr
 349              	.L26:
 350 0006 00BF     		.align	2
ARM GAS  C:\Users\ADMIN\AppData\Local\Temp\ccOfjw5a.s 			page 11


 351              	.L25:
 352 0008 00040140 		.word	1073808384
 353              		.cfi_endproc
 354              	.LFE70:
 356              		.section	.text.EXTI_GetITStatus,"ax",%progbits
 357              		.align	1
 358              		.global	EXTI_GetITStatus
 359              		.syntax unified
 360              		.thumb
 361              		.thumb_func
 363              	EXTI_GetITStatus:
 364              	.LVL15:
 365              	.LFB71:
 216:Libraries/STM32F10x_StdPeriph_Driver/src/stm32f10x_exti.c **** 
 217:Libraries/STM32F10x_StdPeriph_Driver/src/stm32f10x_exti.c **** /**
 218:Libraries/STM32F10x_StdPeriph_Driver/src/stm32f10x_exti.c ****   * @brief  Checks whether the specified EXTI line is asserted or not.
 219:Libraries/STM32F10x_StdPeriph_Driver/src/stm32f10x_exti.c ****   * @param  EXTI_Line: specifies the EXTI line to check.
 220:Libraries/STM32F10x_StdPeriph_Driver/src/stm32f10x_exti.c ****   *   This parameter can be:
 221:Libraries/STM32F10x_StdPeriph_Driver/src/stm32f10x_exti.c ****   *     @arg EXTI_Linex: External interrupt line x where x(0..19)
 222:Libraries/STM32F10x_StdPeriph_Driver/src/stm32f10x_exti.c ****   * @retval The new state of EXTI_Line (SET or RESET).
 223:Libraries/STM32F10x_StdPeriph_Driver/src/stm32f10x_exti.c ****   */
 224:Libraries/STM32F10x_StdPeriph_Driver/src/stm32f10x_exti.c **** ITStatus EXTI_GetITStatus(uint32_t EXTI_Line)
 225:Libraries/STM32F10x_StdPeriph_Driver/src/stm32f10x_exti.c **** {
 366              		.loc 1 225 1 is_stmt 1 view -0
 367              		.cfi_startproc
 368              		@ args = 0, pretend = 0, frame = 0
 369              		@ frame_needed = 0, uses_anonymous_args = 0
 370              		@ link register save eliminated.
 226:Libraries/STM32F10x_StdPeriph_Driver/src/stm32f10x_exti.c ****   ITStatus bitstatus = RESET;
 371              		.loc 1 226 3 view .LVU102
 227:Libraries/STM32F10x_StdPeriph_Driver/src/stm32f10x_exti.c ****   uint32_t enablestatus = 0;
 372              		.loc 1 227 3 view .LVU103
 228:Libraries/STM32F10x_StdPeriph_Driver/src/stm32f10x_exti.c ****   /* Check the parameters */
 229:Libraries/STM32F10x_StdPeriph_Driver/src/stm32f10x_exti.c ****   assert_param(IS_GET_EXTI_LINE(EXTI_Line));
 373              		.loc 1 229 3 view .LVU104
 230:Libraries/STM32F10x_StdPeriph_Driver/src/stm32f10x_exti.c ****   
 231:Libraries/STM32F10x_StdPeriph_Driver/src/stm32f10x_exti.c ****   enablestatus =  EXTI->IMR & EXTI_Line;
 374              		.loc 1 231 3 view .LVU105
 375              		.loc 1 231 23 is_stmt 0 view .LVU106
 376 0000 064A     		ldr	r2, .L31
 377 0002 1368     		ldr	r3, [r2]
 378              		.loc 1 231 16 view .LVU107
 379 0004 0340     		ands	r3, r3, r0
 380              	.LVL16:
 232:Libraries/STM32F10x_StdPeriph_Driver/src/stm32f10x_exti.c ****   if (((EXTI->PR & EXTI_Line) != (uint32_t)RESET) && (enablestatus != (uint32_t)RESET))
 381              		.loc 1 232 3 is_stmt 1 view .LVU108
 382              		.loc 1 232 13 is_stmt 0 view .LVU109
 383 0006 5269     		ldr	r2, [r2, #20]
 384              		.loc 1 232 6 view .LVU110
 385 0008 0242     		tst	r2, r0
 386 000a 02D0     		beq	.L29
 387              		.loc 1 232 51 discriminator 1 view .LVU111
 388 000c 1BB9     		cbnz	r3, .L30
 233:Libraries/STM32F10x_StdPeriph_Driver/src/stm32f10x_exti.c ****   {
 234:Libraries/STM32F10x_StdPeriph_Driver/src/stm32f10x_exti.c ****     bitstatus = SET;
 235:Libraries/STM32F10x_StdPeriph_Driver/src/stm32f10x_exti.c ****   }
 236:Libraries/STM32F10x_StdPeriph_Driver/src/stm32f10x_exti.c ****   else
ARM GAS  C:\Users\ADMIN\AppData\Local\Temp\ccOfjw5a.s 			page 12


 237:Libraries/STM32F10x_StdPeriph_Driver/src/stm32f10x_exti.c ****   {
 238:Libraries/STM32F10x_StdPeriph_Driver/src/stm32f10x_exti.c ****     bitstatus = RESET;
 389              		.loc 1 238 15 view .LVU112
 390 000e 0020     		movs	r0, #0
 391              	.LVL17:
 392              		.loc 1 238 15 view .LVU113
 393 0010 7047     		bx	lr
 394              	.LVL18:
 395              	.L29:
 396              		.loc 1 238 15 view .LVU114
 397 0012 0020     		movs	r0, #0
 398              	.LVL19:
 399              		.loc 1 238 15 view .LVU115
 400 0014 7047     		bx	lr
 401              	.LVL20:
 402              	.L30:
 234:Libraries/STM32F10x_StdPeriph_Driver/src/stm32f10x_exti.c ****   }
 403              		.loc 1 234 15 view .LVU116
 404 0016 0120     		movs	r0, #1
 405              	.LVL21:
 239:Libraries/STM32F10x_StdPeriph_Driver/src/stm32f10x_exti.c ****   }
 240:Libraries/STM32F10x_StdPeriph_Driver/src/stm32f10x_exti.c ****   return bitstatus;
 406              		.loc 1 240 3 is_stmt 1 view .LVU117
 241:Libraries/STM32F10x_StdPeriph_Driver/src/stm32f10x_exti.c **** }
 407              		.loc 1 241 1 is_stmt 0 view .LVU118
 408 0018 7047     		bx	lr
 409              	.L32:
 410 001a 00BF     		.align	2
 411              	.L31:
 412 001c 00040140 		.word	1073808384
 413              		.cfi_endproc
 414              	.LFE71:
 416              		.section	.text.EXTI_ClearITPendingBit,"ax",%progbits
 417              		.align	1
 418              		.global	EXTI_ClearITPendingBit
 419              		.syntax unified
 420              		.thumb
 421              		.thumb_func
 423              	EXTI_ClearITPendingBit:
 424              	.LVL22:
 425              	.LFB72:
 242:Libraries/STM32F10x_StdPeriph_Driver/src/stm32f10x_exti.c **** 
 243:Libraries/STM32F10x_StdPeriph_Driver/src/stm32f10x_exti.c **** /**
 244:Libraries/STM32F10x_StdPeriph_Driver/src/stm32f10x_exti.c ****   * @brief  Clears the EXTI's line pending bits.
 245:Libraries/STM32F10x_StdPeriph_Driver/src/stm32f10x_exti.c ****   * @param  EXTI_Line: specifies the EXTI lines to clear.
 246:Libraries/STM32F10x_StdPeriph_Driver/src/stm32f10x_exti.c ****   *   This parameter can be any combination of EXTI_Linex where x can be (0..19).
 247:Libraries/STM32F10x_StdPeriph_Driver/src/stm32f10x_exti.c ****   * @retval None
 248:Libraries/STM32F10x_StdPeriph_Driver/src/stm32f10x_exti.c ****   */
 249:Libraries/STM32F10x_StdPeriph_Driver/src/stm32f10x_exti.c **** void EXTI_ClearITPendingBit(uint32_t EXTI_Line)
 250:Libraries/STM32F10x_StdPeriph_Driver/src/stm32f10x_exti.c **** {
 426              		.loc 1 250 1 is_stmt 1 view -0
 427              		.cfi_startproc
 428              		@ args = 0, pretend = 0, frame = 0
 429              		@ frame_needed = 0, uses_anonymous_args = 0
 430              		@ link register save eliminated.
 251:Libraries/STM32F10x_StdPeriph_Driver/src/stm32f10x_exti.c ****   /* Check the parameters */
 252:Libraries/STM32F10x_StdPeriph_Driver/src/stm32f10x_exti.c ****   assert_param(IS_EXTI_LINE(EXTI_Line));
ARM GAS  C:\Users\ADMIN\AppData\Local\Temp\ccOfjw5a.s 			page 13


 431              		.loc 1 252 3 view .LVU120
 253:Libraries/STM32F10x_StdPeriph_Driver/src/stm32f10x_exti.c ****   
 254:Libraries/STM32F10x_StdPeriph_Driver/src/stm32f10x_exti.c ****   EXTI->PR = EXTI_Line;
 432              		.loc 1 254 3 view .LVU121
 433              		.loc 1 254 12 is_stmt 0 view .LVU122
 434 0000 014B     		ldr	r3, .L34
 435 0002 5861     		str	r0, [r3, #20]
 255:Libraries/STM32F10x_StdPeriph_Driver/src/stm32f10x_exti.c **** }
 436              		.loc 1 255 1 view .LVU123
 437 0004 7047     		bx	lr
 438              	.L35:
 439 0006 00BF     		.align	2
 440              	.L34:
 441 0008 00040140 		.word	1073808384
 442              		.cfi_endproc
 443              	.LFE72:
 445              		.text
 446              	.Letext0:
 447              		.file 2 "c:\\toolschain\\arm_cc\\arm-none-eabi\\include\\machine\\_default_types.h"
 448              		.file 3 "c:\\toolschain\\arm_cc\\arm-none-eabi\\include\\sys\\_stdint.h"
 449              		.file 4 "Libraries/CMSIS/Device/ST/STM32F1xx/Include/stm32f10x.h"
 450              		.file 5 "Libraries/STM32F10x_StdPeriph_Driver/inc/stm32f10x_exti.h"
ARM GAS  C:\Users\ADMIN\AppData\Local\Temp\ccOfjw5a.s 			page 14


DEFINED SYMBOLS
                            *ABS*:00000000 stm32f10x_exti.c
C:\Users\ADMIN\AppData\Local\Temp\ccOfjw5a.s:18     .text.EXTI_DeInit:00000000 $t
C:\Users\ADMIN\AppData\Local\Temp\ccOfjw5a.s:24     .text.EXTI_DeInit:00000000 EXTI_DeInit
C:\Users\ADMIN\AppData\Local\Temp\ccOfjw5a.s:55     .text.EXTI_DeInit:00000014 $d
C:\Users\ADMIN\AppData\Local\Temp\ccOfjw5a.s:61     .text.EXTI_Init:00000000 $t
C:\Users\ADMIN\AppData\Local\Temp\ccOfjw5a.s:67     .text.EXTI_Init:00000000 EXTI_Init
C:\Users\ADMIN\AppData\Local\Temp\ccOfjw5a.s:214    .text.EXTI_Init:00000088 $d
C:\Users\ADMIN\AppData\Local\Temp\ccOfjw5a.s:219    .text.EXTI_StructInit:00000000 $t
C:\Users\ADMIN\AppData\Local\Temp\ccOfjw5a.s:225    .text.EXTI_StructInit:00000000 EXTI_StructInit
C:\Users\ADMIN\AppData\Local\Temp\ccOfjw5a.s:253    .text.EXTI_GenerateSWInterrupt:00000000 $t
C:\Users\ADMIN\AppData\Local\Temp\ccOfjw5a.s:259    .text.EXTI_GenerateSWInterrupt:00000000 EXTI_GenerateSWInterrupt
C:\Users\ADMIN\AppData\Local\Temp\ccOfjw5a.s:279    .text.EXTI_GenerateSWInterrupt:0000000c $d
C:\Users\ADMIN\AppData\Local\Temp\ccOfjw5a.s:284    .text.EXTI_GetFlagStatus:00000000 $t
C:\Users\ADMIN\AppData\Local\Temp\ccOfjw5a.s:290    .text.EXTI_GetFlagStatus:00000000 EXTI_GetFlagStatus
C:\Users\ADMIN\AppData\Local\Temp\ccOfjw5a.s:323    .text.EXTI_GetFlagStatus:00000010 $d
C:\Users\ADMIN\AppData\Local\Temp\ccOfjw5a.s:328    .text.EXTI_ClearFlag:00000000 $t
C:\Users\ADMIN\AppData\Local\Temp\ccOfjw5a.s:334    .text.EXTI_ClearFlag:00000000 EXTI_ClearFlag
C:\Users\ADMIN\AppData\Local\Temp\ccOfjw5a.s:352    .text.EXTI_ClearFlag:00000008 $d
C:\Users\ADMIN\AppData\Local\Temp\ccOfjw5a.s:357    .text.EXTI_GetITStatus:00000000 $t
C:\Users\ADMIN\AppData\Local\Temp\ccOfjw5a.s:363    .text.EXTI_GetITStatus:00000000 EXTI_GetITStatus
C:\Users\ADMIN\AppData\Local\Temp\ccOfjw5a.s:412    .text.EXTI_GetITStatus:0000001c $d
C:\Users\ADMIN\AppData\Local\Temp\ccOfjw5a.s:417    .text.EXTI_ClearITPendingBit:00000000 $t
C:\Users\ADMIN\AppData\Local\Temp\ccOfjw5a.s:423    .text.EXTI_ClearITPendingBit:00000000 EXTI_ClearITPendingBit
C:\Users\ADMIN\AppData\Local\Temp\ccOfjw5a.s:441    .text.EXTI_ClearITPendingBit:00000008 $d

NO UNDEFINED SYMBOLS
